[ 2015-12-07T09:30:42+08:00 ] 127.0.0.1 /home/message/ajax_add_cart.html
INFO: [ app_begin ] --START--
INFO: Run Behavior\ReadHtmlCacheBehavior [ RunTime:0.002000s ]
INFO: [ app_begin ] --END-- [ RunTime:0.005001s ]
SQL: SHOW COLUMNS FROM `guanyintea` [ RunTime:0.0040s ]
SQL: SHOW COLUMNS FROM `guanyintea` [ RunTime:0.0040s ]
SQL: SELECT `title` FROM `guanyintea` WHERE ( product_id=10001 )  [ RunTime:0.0010s ]

[ 2015-12-07T09:33:25+08:00 ] 127.0.0.1 /home/message/ajax_add_cart.html
INFO: [ app_begin ] --START--
INFO: Run Behavior\ReadHtmlCacheBehavior [ RunTime:0.001000s ]
INFO: [ app_begin ] --END-- [ RunTime:0.005000s ]
SQL: SHOW COLUMNS FROM `guanyintea` [ RunTime:0.0040s ]
SQL: SHOW COLUMNS FROM `guanyintea` [ RunTime:0.0030s ]
SQL: SELECT `title` FROM `guanyintea` WHERE ( product_id=10001 )  [ RunTime:0.0010s ]

[ 2015-12-07T09:33:58+08:00 ] 127.0.0.1 /home/message/ajax_add_cart.html
INFO: [ app_begin ] --START--
INFO: Run Behavior\ReadHtmlCacheBehavior [ RunTime:0.002001s ]
INFO: [ app_begin ] --END-- [ RunTime:0.005001s ]
SQL: SHOW COLUMNS FROM `guanyintea` [ RunTime:0.0030s ]
SQL: SHOW COLUMNS FROM `guanyintea` [ RunTime:0.0030s ]
SQL: SELECT `title` FROM `guanyintea` WHERE ( product_id=10001 )  [ RunTime:0.0010s ]

[ 2015-12-07T09:34:19+08:00 ] 127.0.0.1 /home/message/ajax_add_cart.html
INFO: [ app_begin ] --START--
INFO: Run Behavior\ReadHtmlCacheBehavior [ RunTime:0.002000s ]
INFO: [ app_begin ] --END-- [ RunTime:0.004000s ]
SQL: SHOW COLUMNS FROM `guanyintea` [ RunTime:0.0030s ]
SQL: SHOW COLUMNS FROM `guanyintea` [ RunTime:0.0040s ]
SQL: SELECT `title` FROM `guanyintea` WHERE ( product_id=10001 )  [ RunTime:0.0010s ]

[ 2015-12-07T09:35:17+08:00 ] 127.0.0.1 /home/message/ajax_add_cart.html
INFO: [ app_begin ] --START--
INFO: Run Behavior\ReadHtmlCacheBehavior [ RunTime:0.002000s ]
INFO: [ app_begin ] --END-- [ RunTime:0.004000s ]
SQL: SHOW COLUMNS FROM `guanyintea` [ RunTime:0.0030s ]
SQL: SHOW COLUMNS FROM `guanyintea` [ RunTime:0.0040s ]
SQL: SELECT `title` FROM `guanyintea` WHERE ( product_id=10001 )  [ RunTime:0.0020s ]

[ 2015-12-07T09:37:21+08:00 ] 127.0.0.1 /home/message/ajax_add_cart.html
INFO: [ app_begin ] --START--
INFO: Run Behavior\ReadHtmlCacheBehavior [ RunTime:0.001000s ]
INFO: [ app_begin ] --END-- [ RunTime:0.004000s ]
SQL: SHOW COLUMNS FROM `guanyintea` [ RunTime:0.0040s ]
SQL: SHOW COLUMNS FROM `guanyintea` [ RunTime:0.0040s ]
SQL: SELECT `title` FROM `guanyintea` WHERE ( product_id=10001 )  [ RunTime:0.0010s ]

[ 2015-12-07T09:38:18+08:00 ] 127.0.0.1 /home/message/ajax_add_cart.html
INFO: [ app_begin ] --START--
INFO: Run Behavior\ReadHtmlCacheBehavior [ RunTime:0.001000s ]
INFO: [ app_begin ] --END-- [ RunTime:0.004000s ]
SQL: SHOW COLUMNS FROM `guanyintea` [ RunTime:0.0040s ]
SQL: SHOW COLUMNS FROM `guanyintea` [ RunTime:0.0030s ]
SQL: SELECT `title` FROM `guanyintea` WHERE ( product_id=10001 )  [ RunTime:0.0010s ]

[ 2015-12-07T09:38:39+08:00 ] 127.0.0.1 /home/message/ajax_add_cart.html
INFO: [ app_begin ] --START--
INFO: Run Behavior\ReadHtmlCacheBehavior [ RunTime:0.001000s ]
INFO: [ app_begin ] --END-- [ RunTime:0.004001s ]
SQL: SHOW COLUMNS FROM `guanyintea` [ RunTime:0.0030s ]
SQL: SHOW COLUMNS FROM `guanyintea` [ RunTime:0.0040s ]
SQL: SELECT `title` FROM `guanyintea` WHERE ( product_id=10001 )  [ RunTime:0.0010s ]

[ 2015-12-07T09:39:01+08:00 ] 127.0.0.1 /home/message/ajax_add_cart.html
INFO: [ app_begin ] --START--
INFO: Run Behavior\ReadHtmlCacheBehavior [ RunTime:0.002000s ]
INFO: [ app_begin ] --END-- [ RunTime:0.004000s ]
SQL: SHOW COLUMNS FROM `guanyintea` [ RunTime:0.0030s ]
SQL: SHOW COLUMNS FROM `guanyintea` [ RunTime:0.0040s ]
SQL: SELECT `title` FROM `guanyintea` WHERE ( product_id=10001 )  [ RunTime:0.0010s ]

[ 2015-12-07T09:41:54+08:00 ] 127.0.0.1 /home/message/ajax_add_cart.html
INFO: [ app_begin ] --START--
INFO: Run Behavior\ReadHtmlCacheBehavior [ RunTime:0.001000s ]
INFO: [ app_begin ] --END-- [ RunTime:0.004000s ]
SQL: SHOW COLUMNS FROM `guanyintea` [ RunTime:0.0040s ]
SQL: SHOW COLUMNS FROM `guanyintea` [ RunTime:0.0030s ]
SQL: SELECT `title` FROM `guanyintea` WHERE ( product_id=10001 )  [ RunTime:0.0010s ]

[ 2015-12-07T09:47:37+08:00 ] 127.0.0.1 /home/message/ajax_add_cart.html
INFO: [ app_begin ] --START--
INFO: Run Behavior\ReadHtmlCacheBehavior [ RunTime:0.002000s ]
INFO: [ app_begin ] --END-- [ RunTime:0.004000s ]
SQL: SHOW COLUMNS FROM `guanyintea` [ RunTime:0.0040s ]
SQL: SHOW COLUMNS FROM `guanyintea` [ RunTime:0.0040s ]
SQL: SELECT `title` FROM `guanyintea` WHERE ( product_id=10001 )  [ RunTime:0.0020s ]

[ 2015-12-07T10:18:11+08:00 ] 127.0.0.1 /home/message/ajax_add_cart.html
INFO: [ app_begin ] --START--
INFO: Run Behavior\ReadHtmlCacheBehavior [ RunTime:0.001000s ]
INFO: [ app_begin ] --END-- [ RunTime:0.005000s ]
SQL: SHOW COLUMNS FROM `guanyintea` [ RunTime:0.0040s ]
SQL: SHOW COLUMNS FROM `guanyintea` [ RunTime:0.0040s ]
SQL: SELECT `title` FROM `guanyintea` WHERE ( product_id=10001 )  [ RunTime:0.0020s ]

[ 2015-12-07T10:51:13+08:00 ] 127.0.0.1 /home/message/ajax_add_cart.html
INFO: [ app_begin ] --START--
INFO: Run Behavior\ReadHtmlCacheBehavior [ RunTime:0.002000s ]
INFO: [ app_begin ] --END-- [ RunTime:0.004000s ]
SQL: SHOW COLUMNS FROM `guanyintea` [ RunTime:0.0030s ]
SQL: SHOW COLUMNS FROM `guanyintea` [ RunTime:0.0030s ]
SQL: SELECT `title` FROM `guanyintea` WHERE ( product_id=10001 )  [ RunTime:0.0010s ]
NOTIC: [8] Undefined index: total_num D:\wamp\www\lero\1\Application\Home\Model\CartModel.class.php 第 31 行.
NOTIC: [2] Cannot use a scalar value as an array D:\wamp\www\lero\1\Application\Home\Model\CartModel.class.php 第 28 行.
NOTIC: [2] Cannot use a scalar value as an array D:\wamp\www\lero\1\Application\Home\Model\CartModel.class.php 第 29 行.

[ 2015-12-07T10:51:16+08:00 ] 127.0.0.1 /home/message/ajax_add_cart.html
INFO: [ app_begin ] --START--
INFO: Run Behavior\ReadHtmlCacheBehavior [ RunTime:0.001000s ]
INFO: [ app_begin ] --END-- [ RunTime:0.004001s ]
SQL: SHOW COLUMNS FROM `guanyintea` [ RunTime:0.0030s ]
SQL: SHOW COLUMNS FROM `guanyintea` [ RunTime:0.0030s ]
SQL: SELECT `title` FROM `guanyintea` WHERE ( product_id=10001 )  [ RunTime:0.0010s ]
NOTIC: [8] Undefined index: total_num D:\wamp\www\lero\1\Application\Home\Model\CartModel.class.php 第 31 行.
NOTIC: [2] Cannot use a scalar value as an array D:\wamp\www\lero\1\Application\Home\Model\CartModel.class.php 第 28 行.
NOTIC: [2] Cannot use a scalar value as an array D:\wamp\www\lero\1\Application\Home\Model\CartModel.class.php 第 29 行.

[ 2015-12-07T10:51:33+08:00 ] 127.0.0.1 /home/message/ajax_add_cart.html
INFO: [ app_begin ] --START--
INFO: Run Behavior\ReadHtmlCacheBehavior [ RunTime:0.001000s ]
INFO: [ app_begin ] --END-- [ RunTime:0.004000s ]
SQL: SHOW COLUMNS FROM `guanyintea` [ RunTime:0.0030s ]
SQL: SHOW COLUMNS FROM `guanyintea` [ RunTime:0.0030s ]
SQL: SELECT `title` FROM `guanyintea` WHERE ( product_id=10001 )  [ RunTime:0.0020s ]
NOTIC: [8] Undefined index: total_num D:\wamp\www\lero\1\Application\Home\Model\CartModel.class.php 第 31 行.
NOTIC: [2] Cannot use a scalar value as an array D:\wamp\www\lero\1\Application\Home\Model\CartModel.class.php 第 28 行.
NOTIC: [2] Cannot use a scalar value as an array D:\wamp\www\lero\1\Application\Home\Model\CartModel.class.php 第 29 行.

[ 2015-12-07T10:51:34+08:00 ] 127.0.0.1 /home/message/ajax_add_cart.html
INFO: [ app_begin ] --START--
INFO: Run Behavior\ReadHtmlCacheBehavior [ RunTime:0.002000s ]
INFO: [ app_begin ] --END-- [ RunTime:0.004001s ]
SQL: SHOW COLUMNS FROM `guanyintea` [ RunTime:0.0030s ]
SQL: SHOW COLUMNS FROM `guanyintea` [ RunTime:0.0030s ]
SQL: SELECT `title` FROM `guanyintea` WHERE ( product_id=10001 )  [ RunTime:0.0010s ]
NOTIC: [8] Undefined index: total_num D:\wamp\www\lero\1\Application\Home\Model\CartModel.class.php 第 31 行.
NOTIC: [2] Cannot use a scalar value as an array D:\wamp\www\lero\1\Application\Home\Model\CartModel.class.php 第 28 行.
NOTIC: [2] Cannot use a scalar value as an array D:\wamp\www\lero\1\Application\Home\Model\CartModel.class.php 第 29 行.

[ 2015-12-07T10:51:37+08:00 ] 127.0.0.1 /home/message/ajax_add_cart.html
INFO: [ app_begin ] --START--
INFO: Run Behavior\ReadHtmlCacheBehavior [ RunTime:0.001000s ]
INFO: [ app_begin ] --END-- [ RunTime:0.005001s ]
SQL: SHOW COLUMNS FROM `guanyintea` [ RunTime:0.0030s ]
SQL: SHOW COLUMNS FROM `guanyintea` [ RunTime:0.0040s ]
SQL: SELECT `title` FROM `guanyintea` WHERE ( product_id=10001 )  [ RunTime:0.0010s ]
NOTIC: [8] Undefined index: total_num D:\wamp\www\lero\1\Application\Home\Model\CartModel.class.php 第 31 行.
NOTIC: [2] Cannot use a scalar value as an array D:\wamp\www\lero\1\Application\Home\Model\CartModel.class.php 第 28 行.
NOTIC: [2] Cannot use a scalar value as an array D:\wamp\www\lero\1\Application\Home\Model\CartModel.class.php 第 29 行.

[ 2015-12-07T10:51:46+08:00 ] 127.0.0.1 /home/message/ajax_add_cart.html
INFO: [ app_begin ] --START--
INFO: Run Behavior\ReadHtmlCacheBehavior [ RunTime:0.002000s ]
INFO: [ app_begin ] --END-- [ RunTime:0.005000s ]
SQL: SHOW COLUMNS FROM `guanyintea` [ RunTime:0.0030s ]
SQL: SHOW COLUMNS FROM `guanyintea` [ RunTime:0.0030s ]
SQL: SELECT `title` FROM `guanyintea` WHERE ( product_id=10001 )  [ RunTime:0.0010s ]
NOTIC: [8] Undefined index: total_num D:\wamp\www\lero\1\Application\Home\Model\CartModel.class.php 第 31 行.
NOTIC: [2] Cannot use a scalar value as an array D:\wamp\www\lero\1\Application\Home\Model\CartModel.class.php 第 28 行.
NOTIC: [2] Cannot use a scalar value as an array D:\wamp\www\lero\1\Application\Home\Model\CartModel.class.php 第 29 行.

[ 2015-12-07T10:56:16+08:00 ] 127.0.0.1 /home/message/ajax_add_cart.html
INFO: [ app_begin ] --START--
INFO: Run Behavior\ReadHtmlCacheBehavior [ RunTime:0.002000s ]
INFO: [ app_begin ] --END-- [ RunTime:0.004000s ]
SQL: SHOW COLUMNS FROM `guanyintea` [ RunTime:0.0030s ]
SQL: SHOW COLUMNS FROM `guanyintea` [ RunTime:0.0030s ]
SQL: SELECT `title` FROM `guanyintea` WHERE ( product_id=10001 )  [ RunTime:0.0010s ]
NOTIC: [8] Undefined index: total_num D:\wamp\www\lero\1\Application\Home\Model\CartModel.class.php 第 31 行.
NOTIC: [2] Cannot use a scalar value as an array D:\wamp\www\lero\1\Application\Home\Model\CartModel.class.php 第 28 行.
NOTIC: [2] Cannot use a scalar value as an array D:\wamp\www\lero\1\Application\Home\Model\CartModel.class.php 第 29 行.

[ 2015-12-07T10:56:21+08:00 ] 127.0.0.1 /home/message/ajax_add_cart.html
INFO: [ app_begin ] --START--
INFO: Run Behavior\ReadHtmlCacheBehavior [ RunTime:0.002000s ]
INFO: [ app_begin ] --END-- [ RunTime:0.004000s ]
SQL: SHOW COLUMNS FROM `guanyintea` [ RunTime:0.0030s ]
SQL: SHOW COLUMNS FROM `guanyintea` [ RunTime:0.0030s ]
SQL: SELECT `title` FROM `guanyintea` WHERE ( product_id=10001 )  [ RunTime:0.0010s ]
NOTIC: [8] Undefined index: total_num D:\wamp\www\lero\1\Application\Home\Model\CartModel.class.php 第 31 行.

[ 2015-12-07T10:56:25+08:00 ] 127.0.0.1 /home/message/ajax_add_cart.html
INFO: [ app_begin ] --START--
INFO: Run Behavior\ReadHtmlCacheBehavior [ RunTime:0.002001s ]
INFO: [ app_begin ] --END-- [ RunTime:0.005001s ]
SQL: SHOW COLUMNS FROM `guanyintea` [ RunTime:0.0030s ]
SQL: SHOW COLUMNS FROM `guanyintea` [ RunTime:0.0040s ]
SQL: SELECT `title` FROM `guanyintea` WHERE ( product_id=10001 )  [ RunTime:0.0010s ]
NOTIC: [8] Undefined index: total_num D:\wamp\www\lero\1\Application\Home\Model\CartModel.class.php 第 31 行.

[ 2015-12-07T11:08:33+08:00 ] 127.0.0.1 /home/message/ajax_add_cart.html
INFO: [ app_begin ] --START--
INFO: Run Behavior\ReadHtmlCacheBehavior [ RunTime:0.001001s ]
INFO: [ app_begin ] --END-- [ RunTime:0.004001s ]
SQL: SHOW COLUMNS FROM `guanyintea` [ RunTime:0.0030s ]
SQL: SHOW COLUMNS FROM `guanyintea` [ RunTime:0.0030s ]
SQL: SELECT `title` FROM `guanyintea` WHERE ( product_id=10001 )  [ RunTime:0.0010s ]
NOTIC: [8] Undefined index: total_num D:\wamp\www\lero\1\Application\Home\Model\CartModel.class.php 第 26 行.

[ 2015-12-07T11:09:03+08:00 ] 127.0.0.1 /home/message/ajax_add_cart.html
INFO: [ app_begin ] --START--
INFO: Run Behavior\ReadHtmlCacheBehavior [ RunTime:0.002000s ]
INFO: [ app_begin ] --END-- [ RunTime:0.004001s ]
SQL: SHOW COLUMNS FROM `guanyintea` [ RunTime:0.0050s ]
SQL: SHOW COLUMNS FROM `guanyintea` [ RunTime:0.0030s ]
SQL: SELECT `title` FROM `guanyintea` WHERE ( product_id=10001 )  [ RunTime:0.0070s ]
NOTIC: [8] Undefined index: total_num D:\wamp\www\lero\1\Application\Home\Model\CartModel.class.php 第 26 行.

[ 2015-12-07T11:39:51+08:00 ] 127.0.0.1 /home/message/ajax_add_cart.html
INFO: [ app_begin ] --START--
INFO: Run Behavior\ReadHtmlCacheBehavior [ RunTime:0.002000s ]
INFO: [ app_begin ] --END-- [ RunTime:0.005001s ]
SQL: SHOW COLUMNS FROM `guanyintea` [ RunTime:0.0030s ]
SQL: SHOW COLUMNS FROM `guanyintea` [ RunTime:0.0030s ]
SQL: SELECT `title` FROM `guanyintea` WHERE ( product_id=10001 )  [ RunTime:0.0010s ]
NOTIC: [8] Undefined index: total_num D:\wamp\www\lero\1\Application\Home\Model\CartModel.class.php 第 26 行.

[ 2015-12-07T11:39:56+08:00 ] 127.0.0.1 /home/message/ajax_add_cart.html
INFO: [ app_begin ] --START--
INFO: Run Behavior\ReadHtmlCacheBehavior [ RunTime:0.002000s ]
INFO: [ app_begin ] --END-- [ RunTime:0.005000s ]
SQL: SHOW COLUMNS FROM `guanyintea` [ RunTime:0.0040s ]
SQL: SHOW COLUMNS FROM `guanyintea` [ RunTime:0.0030s ]
SQL: SELECT `title` FROM `guanyintea` WHERE ( product_id=10001 )  [ RunTime:0.0010s ]
NOTIC: [8] Undefined index: total_num D:\wamp\www\lero\1\Application\Home\Model\CartModel.class.php 第 26 行.

[ 2015-12-07T12:10:40+08:00 ] 127.0.0.1 /home/message/ajax_add_cart.html
INFO: [ app_begin ] --START--
INFO: Run Behavior\ReadHtmlCacheBehavior [ RunTime:0.001000s ]
INFO: [ app_begin ] --END-- [ RunTime:0.004001s ]
SQL: SHOW COLUMNS FROM `guanyintea` [ RunTime:0.0030s ]
SQL: SHOW COLUMNS FROM `guanyintea` [ RunTime:0.0030s ]
SQL: SELECT `title` FROM `guanyintea` WHERE ( product_id=10001 )  [ RunTime:0.0010s ]
NOTIC: [8] Undefined index: total_num D:\wamp\www\lero\1\Application\Home\Model\CartModel.class.php 第 26 行.

[ 2015-12-07T12:10:45+08:00 ] 127.0.0.1 /home/message/ajax_add_cart.html
INFO: [ app_begin ] --START--
INFO: Run Behavior\ReadHtmlCacheBehavior [ RunTime:0.001000s ]
INFO: [ app_begin ] --END-- [ RunTime:0.004000s ]
SQL: SHOW COLUMNS FROM `guanyintea` [ RunTime:0.0030s ]
SQL: SHOW COLUMNS FROM `guanyintea` [ RunTime:0.0030s ]
SQL: SELECT `title` FROM `guanyintea` WHERE ( product_id=10001 )  [ RunTime:0.0020s ]
NOTIC: [8] Undefined index: total_num D:\wamp\www\lero\1\Application\Home\Model\CartModel.class.php 第 26 行.

[ 2015-12-07T13:36:23+08:00 ] 127.0.0.1 /home/message/ajax_add_cart.html
INFO: [ app_begin ] --START--
INFO: Run Behavior\ReadHtmlCacheBehavior [ RunTime:0.002000s ]
INFO: [ app_begin ] --END-- [ RunTime:0.004001s ]
SQL: SHOW COLUMNS FROM `guanyintea` [ RunTime:0.0030s ]
SQL: SHOW COLUMNS FROM `guanyintea` [ RunTime:0.0040s ]
SQL: SELECT `title` FROM `guanyintea` WHERE ( product_id=10001 )  [ RunTime:0.0010s ]
NOTIC: [8] Undefined index: total_num D:\wamp\www\lero\1\Application\Home\Model\CartModel.class.php 第 26 行.

