[ 2015-12-05T10:51:55+08:00 ] 127.0.0.1 /home/message/testajax.html
INFO: [ app_begin ] --START--
INFO: Run Behavior\ReadHtmlCacheBehavior [ RunTime:0.001000s ]
INFO: [ app_begin ] --END-- [ RunTime:0.004001s ]

[ 2015-12-05T16:13:18+08:00 ] 127.0.0.1 /home/message/__PUBLIC/js/bama/jquery-1.7.2.min.js
ERR: 非法操作:__public

[ 2015-12-05T16:13:18+08:00 ] 127.0.0.1 /home/message/__PUBLIC/js/bama/jquery.tools.min.js
ERR: 非法操作:__public

[ 2015-12-05T16:15:00+08:00 ] 127.0.0.1 /home/message/testajax.html
INFO: [ app_begin ] --START--
INFO: Run Behavior\ReadHtmlCacheBehavior [ RunTime:0.001000s ]
INFO: [ app_begin ] --END-- [ RunTime:0.004000s ]

[ 2015-12-05T16:15:02+08:00 ] 127.0.0.1 /home/message/testajax.html
INFO: [ app_begin ] --START--
INFO: Run Behavior\ReadHtmlCacheBehavior [ RunTime:0.003000s ]
INFO: [ app_begin ] --END-- [ RunTime:0.006000s ]

[ 2015-12-05T16:15:05+08:00 ] 127.0.0.1 /home/message/testajax.html
INFO: [ app_begin ] --START--
INFO: Run Behavior\ReadHtmlCacheBehavior [ RunTime:0.001000s ]
INFO: [ app_begin ] --END-- [ RunTime:0.004001s ]

[ 2015-12-05T16:19:00+08:00 ] 127.0.0.1 /home/message/testajax.html
INFO: [ app_begin ] --START--
INFO: Run Behavior\ReadHtmlCacheBehavior [ RunTime:0.003000s ]
INFO: [ app_begin ] --END-- [ RunTime:0.006000s ]

[ 2015-12-05T16:20:37+08:00 ] 127.0.0.1 /home/message/ajax_add_cart.html
INFO: [ app_begin ] --START--
INFO: Run Behavior\ReadHtmlCacheBehavior [ RunTime:0.001000s ]
INFO: [ app_begin ] --END-- [ RunTime:0.004000s ]

[ 2015-12-05T16:48:38+08:00 ] 127.0.0.1 /home/message/ajax_add_cart.html
INFO: [ app_begin ] --START--
INFO: Run Behavior\ReadHtmlCacheBehavior [ RunTime:0.002000s ]
INFO: [ app_begin ] --END-- [ RunTime:0.004001s ]
SQL: SHOW COLUMNS FROM `guanyintea` [ RunTime:0.0040s ]

[ 2015-12-05T16:48:44+08:00 ] 127.0.0.1 /home/message/ajax_add_cart.html
INFO: [ app_begin ] --START--
INFO: Run Behavior\ReadHtmlCacheBehavior [ RunTime:0.002000s ]
INFO: [ app_begin ] --END-- [ RunTime:0.004000s ]
SQL: SHOW COLUMNS FROM `guanyintea` [ RunTime:0.0040s ]

[ 2015-12-05T16:48:48+08:00 ] 127.0.0.1 /home/message/ajax_add_cart.html
INFO: [ app_begin ] --START--
INFO: Run Behavior\ReadHtmlCacheBehavior [ RunTime:0.001000s ]
INFO: [ app_begin ] --END-- [ RunTime:0.004000s ]
SQL: SHOW COLUMNS FROM `guanyintea` [ RunTime:0.0030s ]

[ 2015-12-05T16:48:49+08:00 ] 127.0.0.1 /home/message/ajax_add_cart.html
INFO: [ app_begin ] --START--
INFO: Run Behavior\ReadHtmlCacheBehavior [ RunTime:0.001000s ]
INFO: [ app_begin ] --END-- [ RunTime:0.005000s ]
SQL: SHOW COLUMNS FROM `guanyintea` [ RunTime:0.0040s ]

[ 2015-12-05T16:48:49+08:00 ] 127.0.0.1 /home/message/ajax_add_cart.html
INFO: [ app_begin ] --START--
INFO: Run Behavior\ReadHtmlCacheBehavior [ RunTime:0.002000s ]
INFO: [ app_begin ] --END-- [ RunTime:0.004000s ]
SQL: SHOW COLUMNS FROM `guanyintea` [ RunTime:0.0040s ]

[ 2015-12-05T16:48:49+08:00 ] 127.0.0.1 /home/message/ajax_add_cart.html
INFO: [ app_begin ] --START--
INFO: Run Behavior\ReadHtmlCacheBehavior [ RunTime:0.001000s ]
INFO: [ app_begin ] --END-- [ RunTime:0.004000s ]
SQL: SHOW COLUMNS FROM `guanyintea` [ RunTime:0.0030s ]

[ 2015-12-05T16:58:35+08:00 ] 127.0.0.1 /home/message/ajax_add_cart?product_id=10001&product_num=23
ERR: 1064:You have an error in your SQL syntax; check the manual that corresponds to your MySQL server version for the right syntax to use near ')' at line 1
 [ SQL语句 ] : SELECT `title` FROM `guanyintea` WHERE ( product_id= ) 

[ 2015-12-05T17:06:52+08:00 ] 127.0.0.1 /home/message/ajax_add_cart.html
INFO: [ app_begin ] --START--
INFO: Run Behavior\ReadHtmlCacheBehavior [ RunTime:0.002000s ]
INFO: [ app_begin ] --END-- [ RunTime:0.004001s ]
SQL: SHOW COLUMNS FROM `guanyintea` [ RunTime:0.0030s ]
SQL: SHOW COLUMNS FROM `guanyintea` [ RunTime:0.0030s ]
SQL: SELECT `title` FROM `guanyintea` WHERE ( product_id=10001 )  [ RunTime:0.0010s ]

[ 2015-12-05T17:06:54+08:00 ] 127.0.0.1 /home/message/ajax_add_cart.html
INFO: [ app_begin ] --START--
INFO: Run Behavior\ReadHtmlCacheBehavior [ RunTime:0.002000s ]
INFO: [ app_begin ] --END-- [ RunTime:0.005000s ]
SQL: SHOW COLUMNS FROM `guanyintea` [ RunTime:0.0030s ]
SQL: SHOW COLUMNS FROM `guanyintea` [ RunTime:0.0030s ]
SQL: SELECT `title` FROM `guanyintea` WHERE ( product_id=10001 )  [ RunTime:0.0020s ]

[ 2015-12-05T17:06:54+08:00 ] 127.0.0.1 /home/message/ajax_add_cart.html
INFO: [ app_begin ] --START--
INFO: Run Behavior\ReadHtmlCacheBehavior [ RunTime:0.001000s ]
INFO: [ app_begin ] --END-- [ RunTime:0.005000s ]
SQL: SHOW COLUMNS FROM `guanyintea` [ RunTime:0.0040s ]
SQL: SHOW COLUMNS FROM `guanyintea` [ RunTime:0.0030s ]
SQL: SELECT `title` FROM `guanyintea` WHERE ( product_id=10001 )  [ RunTime:0.0010s ]

[ 2015-12-05T17:06:57+08:00 ] 127.0.0.1 /home/message/ajax_add_cart.html
INFO: [ app_begin ] --START--
INFO: Run Behavior\ReadHtmlCacheBehavior [ RunTime:0.002000s ]
INFO: [ app_begin ] --END-- [ RunTime:0.005000s ]
SQL: SHOW COLUMNS FROM `guanyintea` [ RunTime:0.0040s ]
SQL: SHOW COLUMNS FROM `guanyintea` [ RunTime:0.0040s ]
SQL: SELECT `title` FROM `guanyintea` WHERE ( product_id=10001 )  [ RunTime:0.0010s ]

[ 2015-12-05T17:06:58+08:00 ] 127.0.0.1 /home/message/ajax_add_cart.html
INFO: [ app_begin ] --START--
INFO: Run Behavior\ReadHtmlCacheBehavior [ RunTime:0.002000s ]
INFO: [ app_begin ] --END-- [ RunTime:0.004000s ]
SQL: SHOW COLUMNS FROM `guanyintea` [ RunTime:0.0040s ]
SQL: SHOW COLUMNS FROM `guanyintea` [ RunTime:0.0040s ]
SQL: SELECT `title` FROM `guanyintea` WHERE ( product_id=10001 )  [ RunTime:0.0010s ]

[ 2015-12-05T17:10:01+08:00 ] 127.0.0.1 /home/message/ajax_add_cart.html
INFO: [ app_begin ] --START--
INFO: Run Behavior\ReadHtmlCacheBehavior [ RunTime:0.001000s ]
INFO: [ app_begin ] --END-- [ RunTime:0.004001s ]
SQL: SHOW COLUMNS FROM `guanyintea` [ RunTime:0.0030s ]
SQL: SHOW COLUMNS FROM `guanyintea` [ RunTime:0.0040s ]
SQL: SELECT `title` FROM `guanyintea` WHERE ( product_id=10001 )  [ RunTime:0.0010s ]

[ 2015-12-05T17:10:02+08:00 ] 127.0.0.1 /home/message/ajax_add_cart.html
INFO: [ app_begin ] --START--
INFO: Run Behavior\ReadHtmlCacheBehavior [ RunTime:0.002000s ]
INFO: [ app_begin ] --END-- [ RunTime:0.004000s ]
SQL: SHOW COLUMNS FROM `guanyintea` [ RunTime:0.0030s ]
SQL: SHOW COLUMNS FROM `guanyintea` [ RunTime:0.0030s ]
SQL: SELECT `title` FROM `guanyintea` WHERE ( product_id=10001 )  [ RunTime:0.0020s ]

[ 2015-12-05T17:10:02+08:00 ] 127.0.0.1 /home/message/ajax_add_cart.html
INFO: [ app_begin ] --START--
INFO: Run Behavior\ReadHtmlCacheBehavior [ RunTime:0.002000s ]
INFO: [ app_begin ] --END-- [ RunTime:0.004000s ]
SQL: SHOW COLUMNS FROM `guanyintea` [ RunTime:0.0040s ]
SQL: SHOW COLUMNS FROM `guanyintea` [ RunTime:0.0030s ]
SQL: SELECT `title` FROM `guanyintea` WHERE ( product_id=10001 )  [ RunTime:0.0010s ]

[ 2015-12-05T17:10:03+08:00 ] 127.0.0.1 /home/message/ajax_add_cart.html
INFO: [ app_begin ] --START--
INFO: Run Behavior\ReadHtmlCacheBehavior [ RunTime:0.001000s ]
INFO: [ app_begin ] --END-- [ RunTime:0.003001s ]
SQL: SHOW COLUMNS FROM `guanyintea` [ RunTime:0.0030s ]
SQL: SHOW COLUMNS FROM `guanyintea` [ RunTime:0.0030s ]
SQL: SELECT `title` FROM `guanyintea` WHERE ( product_id=10001 )  [ RunTime:0.0010s ]

[ 2015-12-05T17:10:23+08:00 ] 127.0.0.1 /home/message/ajax_add_cart.html
INFO: [ app_begin ] --START--
INFO: Run Behavior\ReadHtmlCacheBehavior [ RunTime:0.003000s ]
INFO: [ app_begin ] --END-- [ RunTime:0.005000s ]
SQL: SHOW COLUMNS FROM `guanyintea` [ RunTime:0.0040s ]
SQL: SHOW COLUMNS FROM `guanyintea` [ RunTime:0.0030s ]
SQL: SELECT `title` FROM `guanyintea` WHERE ( product_id=10001 )  [ RunTime:0.0010s ]

[ 2015-12-05T17:10:23+08:00 ] 127.0.0.1 /home/message/ajax_add_cart.html
INFO: [ app_begin ] --START--
INFO: Run Behavior\ReadHtmlCacheBehavior [ RunTime:0.002000s ]
INFO: [ app_begin ] --END-- [ RunTime:0.004000s ]
SQL: SHOW COLUMNS FROM `guanyintea` [ RunTime:0.0030s ]
SQL: SHOW COLUMNS FROM `guanyintea` [ RunTime:0.0030s ]
SQL: SELECT `title` FROM `guanyintea` WHERE ( product_id=10001 )  [ RunTime:0.0010s ]

[ 2015-12-05T17:10:23+08:00 ] 127.0.0.1 /home/message/ajax_add_cart.html
INFO: [ app_begin ] --START--
INFO: Run Behavior\ReadHtmlCacheBehavior [ RunTime:0.002000s ]
INFO: [ app_begin ] --END-- [ RunTime:0.005000s ]
SQL: SHOW COLUMNS FROM `guanyintea` [ RunTime:0.0030s ]
SQL: SHOW COLUMNS FROM `guanyintea` [ RunTime:0.0030s ]
SQL: SELECT `title` FROM `guanyintea` WHERE ( product_id=10001 )  [ RunTime:0.0010s ]

[ 2015-12-05T17:13:51+08:00 ] 127.0.0.1 /home/message/ajax_add_cart.html
INFO: [ app_begin ] --START--
INFO: Run Behavior\ReadHtmlCacheBehavior [ RunTime:0.002000s ]
INFO: [ app_begin ] --END-- [ RunTime:0.004000s ]
SQL: SHOW COLUMNS FROM `guanyintea` [ RunTime:0.0040s ]
SQL: SHOW COLUMNS FROM `guanyintea` [ RunTime:0.0030s ]
SQL: SELECT `title` FROM `guanyintea` WHERE ( product_id=10001 )  [ RunTime:0.0010s ]

[ 2015-12-05T17:18:06+08:00 ] 127.0.0.1 /home/message/ajax_add_cart.html
INFO: [ app_begin ] --START--
INFO: Run Behavior\ReadHtmlCacheBehavior [ RunTime:0.002001s ]
INFO: [ app_begin ] --END-- [ RunTime:0.004001s ]
SQL: SHOW COLUMNS FROM `guanyintea` [ RunTime:0.0030s ]
SQL: SHOW COLUMNS FROM `guanyintea` [ RunTime:0.0030s ]
SQL: SELECT `title` FROM `guanyintea` WHERE ( product_id=10001 )  [ RunTime:0.0010s ]

