[ 2015-12-04T16:45:41+08:00 ] 127.0.0.1 /home/index/show_msg.html
INFO: [ app_begin ] --START--
INFO: Run Behavior\ReadHtmlCacheBehavior [ RunTime:0.002000s ]
INFO: [ app_begin ] --END-- [ RunTime:0.004000s ]
INFO: [ view_parse ] --START--
INFO: [ template_filter ] --START--
INFO: Run Behavior\ContentReplaceBehavior [ RunTime:0.002000s ]
INFO: [ template_filter ] --END-- [ RunTime:0.005000s ]
NOTIC: [8] Use of undefined constant Home - assumed 'Home' D:\wamp\www\lero\1\Application\Runtime\Cache\Home\06be0a308a248efb0747f249bd7717ee.php 第 60 行.
NOTIC: [8] Use of undefined constant index - assumed 'index' D:\wamp\www\lero\1\Application\Runtime\Cache\Home\06be0a308a248efb0747f249bd7717ee.php 第 60 行.
NOTIC: [2] Division by zero D:\wamp\www\lero\1\Application\Runtime\Cache\Home\06be0a308a248efb0747f249bd7717ee.php 第 60 行.
NOTIC: [8] Use of undefined constant testajax - assumed 'testajax' D:\wamp\www\lero\1\Application\Runtime\Cache\Home\06be0a308a248efb0747f249bd7717ee.php 第 60 行.
NOTIC: [2] Division by zero D:\wamp\www\lero\1\Application\Runtime\Cache\Home\06be0a308a248efb0747f249bd7717ee.php 第 60 行.
INFO: Run Behavior\ParseTemplateBehavior [ RunTime:0.093005s ]
INFO: [ view_parse ] --END-- [ RunTime:0.097006s ]
INFO: [ view_filter ] --START--
INFO: Run Behavior\WriteHtmlCacheBehavior [ RunTime:0.001000s ]
INFO: [ view_filter ] --END-- [ RunTime:0.004000s ]
INFO: [ app_end ] --START--
INFO: Run Behavior\ShowPageTraceBehavior [ RunTime:0.001000s ]
INFO: [ app_end ] --END-- [ RunTime:0.003000s ]

[ 2015-12-04T16:47:03+08:00 ] 127.0.0.1 /home/index/show_msg.html
INFO: [ app_begin ] --START--
INFO: Run Behavior\ReadHtmlCacheBehavior [ RunTime:0.002000s ]
INFO: [ app_begin ] --END-- [ RunTime:0.006000s ]
INFO: [ view_parse ] --START--
INFO: [ template_filter ] --START--
INFO: Run Behavior\ContentReplaceBehavior [ RunTime:0.006001s ]
INFO: [ template_filter ] --END-- [ RunTime:0.009001s ]
NOTIC: [8] Use of undefined constant Home - assumed 'Home' D:\wamp\www\lero\1\Application\Runtime\Cache\Home\06be0a308a248efb0747f249bd7717ee.php 第 60 行.
NOTIC: [8] Use of undefined constant index - assumed 'index' D:\wamp\www\lero\1\Application\Runtime\Cache\Home\06be0a308a248efb0747f249bd7717ee.php 第 60 行.
NOTIC: [2] Division by zero D:\wamp\www\lero\1\Application\Runtime\Cache\Home\06be0a308a248efb0747f249bd7717ee.php 第 60 行.
NOTIC: [8] Use of undefined constant testajax - assumed 'testajax' D:\wamp\www\lero\1\Application\Runtime\Cache\Home\06be0a308a248efb0747f249bd7717ee.php 第 60 行.
NOTIC: [2] Division by zero D:\wamp\www\lero\1\Application\Runtime\Cache\Home\06be0a308a248efb0747f249bd7717ee.php 第 60 行.
INFO: Run Behavior\ParseTemplateBehavior [ RunTime:0.094006s ]
INFO: [ view_parse ] --END-- [ RunTime:0.098006s ]
INFO: [ view_filter ] --START--
INFO: Run Behavior\WriteHtmlCacheBehavior [ RunTime:0.002000s ]
INFO: [ view_filter ] --END-- [ RunTime:0.005000s ]
INFO: [ app_end ] --START--
INFO: Run Behavior\ShowPageTraceBehavior [ RunTime:0.002000s ]
INFO: [ app_end ] --END-- [ RunTime:0.005001s ]

[ 2015-12-04T16:50:25+08:00 ] 127.0.0.1 /home/index/testajax.html
INFO: [ app_begin ] --START--
INFO: Run Behavior\ReadHtmlCacheBehavior [ RunTime:0.002000s ]
INFO: [ app_begin ] --END-- [ RunTime:0.004000s ]
INFO: [ app_end ] --START--
INFO: Run Behavior\ShowPageTraceBehavior [ RunTime:0.001000s ]
INFO: [ app_end ] --END-- [ RunTime:0.004000s ]

[ 2015-12-04T16:50:53+08:00 ] 127.0.0.1 /home/index/testajax.html
INFO: [ app_begin ] --START--
INFO: Run Behavior\ReadHtmlCacheBehavior [ RunTime:0.002000s ]
INFO: [ app_begin ] --END-- [ RunTime:0.004000s ]
INFO: [ app_end ] --START--
INFO: Run Behavior\ShowPageTraceBehavior [ RunTime:0.002000s ]
INFO: [ app_end ] --END-- [ RunTime:0.005000s ]

[ 2015-12-04T16:52:18+08:00 ] 127.0.0.1 /home/index/testajax.html
INFO: [ app_begin ] --START--
INFO: Run Behavior\ReadHtmlCacheBehavior [ RunTime:0.002000s ]
INFO: [ app_begin ] --END-- [ RunTime:0.005000s ]
INFO: [ app_end ] --START--
INFO: Run Behavior\ShowPageTraceBehavior [ RunTime:0.001000s ]
INFO: [ app_end ] --END-- [ RunTime:0.005000s ]

[ 2015-12-04T17:37:54+08:00 ] 127.0.0.1 /home/index/testajax.html
INFO: [ app_begin ] --START--
INFO: Run Behavior\ReadHtmlCacheBehavior [ RunTime:0.001000s ]
INFO: [ app_begin ] --END-- [ RunTime:0.005000s ]
INFO: [ app_end ] --START--
INFO: Run Behavior\ShowPageTraceBehavior [ RunTime:0.001000s ]
INFO: [ app_end ] --END-- [ RunTime:0.004000s ]

[ 2015-12-04T17:40:10+08:00 ] 127.0.0.1 /home/index/testajax.html
INFO: [ app_begin ] --START--
INFO: Run Behavior\ReadHtmlCacheBehavior [ RunTime:0.002001s ]
INFO: [ app_begin ] --END-- [ RunTime:0.004001s ]
INFO: [ app_end ] --START--
INFO: Run Behavior\ShowPageTraceBehavior [ RunTime:0.001000s ]
INFO: [ app_end ] --END-- [ RunTime:0.004000s ]

[ 2015-12-04T18:27:23+08:00 ] 127.0.0.1 /home/message/testajax.html
INFO: [ app_begin ] --START--
INFO: Run Behavior\ReadHtmlCacheBehavior [ RunTime:0.002001s ]
INFO: [ app_begin ] --END-- [ RunTime:0.004001s ]
INFO: [ app_end ] --START--
INFO: Run Behavior\ShowPageTraceBehavior [ RunTime:0.001000s ]
INFO: [ app_end ] --END-- [ RunTime:0.003000s ]

[ 2015-12-04T18:27:43+08:00 ] 127.0.0.1 /home/message/testajax.html
INFO: [ app_begin ] --START--
INFO: Run Behavior\ReadHtmlCacheBehavior [ RunTime:0.002000s ]
INFO: [ app_begin ] --END-- [ RunTime:0.004001s ]
INFO: [ app_end ] --START--
INFO: Run Behavior\ShowPageTraceBehavior [ RunTime:0.001000s ]
INFO: [ app_end ] --END-- [ RunTime:0.004000s ]

[ 2015-12-04T18:29:00+08:00 ] 127.0.0.1 /home/message/testajax.html
INFO: [ app_begin ] --START--
INFO: Run Behavior\ReadHtmlCacheBehavior [ RunTime:0.001000s ]
INFO: [ app_begin ] --END-- [ RunTime:0.004000s ]
INFO: [ app_end ] --START--
INFO: Run Behavior\ShowPageTraceBehavior [ RunTime:0.001001s ]
INFO: [ app_end ] --END-- [ RunTime:0.004001s ]

[ 2015-12-04T18:30:09+08:00 ] 127.0.0.1 /home/message/testajax.html
INFO: [ app_begin ] --START--
INFO: Run Behavior\ReadHtmlCacheBehavior [ RunTime:0.001000s ]
INFO: [ app_begin ] --END-- [ RunTime:0.005000s ]
INFO: [ app_end ] --START--
INFO: Run Behavior\ShowPageTraceBehavior [ RunTime:0.002000s ]
INFO: [ app_end ] --END-- [ RunTime:0.004000s ]

[ 2015-12-04T18:30:23+08:00 ] 127.0.0.1 /home/message/testajax.html
INFO: [ app_begin ] --START--
INFO: Run Behavior\ReadHtmlCacheBehavior [ RunTime:0.002000s ]
INFO: [ app_begin ] --END-- [ RunTime:0.004000s ]
INFO: [ app_end ] --START--
INFO: Run Behavior\ShowPageTraceBehavior [ RunTime:0.001000s ]
INFO: [ app_end ] --END-- [ RunTime:0.003000s ]

[ 2015-12-04T18:39:56+08:00 ] 127.0.0.1 /home/message/testajax.html
INFO: [ app_begin ] --START--
INFO: Run Behavior\ReadHtmlCacheBehavior [ RunTime:0.013001s ]
INFO: [ app_begin ] --END-- [ RunTime:0.020001s ]

[ 2015-12-04T18:40:26+08:00 ] 127.0.0.1 /home/message/testajax.html
INFO: [ app_begin ] --START--
INFO: Run Behavior\ReadHtmlCacheBehavior [ RunTime:0.001000s ]
INFO: [ app_begin ] --END-- [ RunTime:0.012000s ]

[ 2015-12-04T18:40:55+08:00 ] 127.0.0.1 /home/message/testajax.html
INFO: [ app_begin ] --START--
INFO: Run Behavior\ReadHtmlCacheBehavior [ RunTime:0.002000s ]
INFO: [ app_begin ] --END-- [ RunTime:0.004000s ]

