[ 2015-12-09T10:32:37+08:00 ] 127.0.0.1 /home/message/product_suggest
ERR: 1146:Table 'thinkphp.gaunyintea' doesn't exist
 [ SQL语句 ] : SHOW COLUMNS FROM `gaunyintea`

[ 2015-12-09T10:32:52+08:00 ] 127.0.0.1 /home/message/product_suggest
ERR: 1146:Table 'thinkphp.gaunyintea' doesn't exist
 [ SQL语句 ] : SHOW COLUMNS FROM `gaunyintea`

[ 2015-12-09T10:32:55+08:00 ] 127.0.0.1 /home/message/product_suggest
ERR: 1146:Table 'thinkphp.gaunyintea' doesn't exist
 [ SQL语句 ] : SHOW COLUMNS FROM `gaunyintea`

[ 2015-12-09T10:32:57+08:00 ] 127.0.0.1 /home/message/product_suggest
ERR: 1146:Table 'thinkphp.gaunyintea' doesn't exist
 [ SQL语句 ] : SHOW COLUMNS FROM `gaunyintea`

[ 2015-12-09T10:32:57+08:00 ] 127.0.0.1 /home/message/product_suggest
ERR: 1146:Table 'thinkphp.gaunyintea' doesn't exist
 [ SQL语句 ] : SHOW COLUMNS FROM `gaunyintea`

[ 2015-12-09T10:32:58+08:00 ] 127.0.0.1 /home/message/product_suggest
ERR: 1146:Table 'thinkphp.gaunyintea' doesn't exist
 [ SQL语句 ] : SHOW COLUMNS FROM `gaunyintea`

[ 2015-12-09T10:32:58+08:00 ] 127.0.0.1 /home/message/product_suggest
ERR: 1146:Table 'thinkphp.gaunyintea' doesn't exist
 [ SQL语句 ] : SHOW COLUMNS FROM `gaunyintea`

[ 2015-12-09T10:32:58+08:00 ] 127.0.0.1 /home/message/product_suggest
ERR: 1146:Table 'thinkphp.gaunyintea' doesn't exist
 [ SQL语句 ] : SHOW COLUMNS FROM `gaunyintea`

[ 2015-12-09T10:33:13+08:00 ] 127.0.0.1 /home/message/product_suggest
ERR: 1064:You have an error in your SQL syntax; check the manual that corresponds to your MySQL server version for the right syntax to use near '%d ) LIMIT 4' at line 1
 [ SQL语句 ] : SELECT `product_id`,`new_price`,`title` FROM `guanyintea` WHERE ( is_show=%d ) LIMIT 4  

[ 2015-12-09T10:33:14+08:00 ] 127.0.0.1 /home/message/product_suggest
ERR: 1064:You have an error in your SQL syntax; check the manual that corresponds to your MySQL server version for the right syntax to use near '%d ) LIMIT 4' at line 1
 [ SQL语句 ] : SELECT `product_id`,`new_price`,`title` FROM `guanyintea` WHERE ( is_show=%d ) LIMIT 4  

[ 2015-12-09T11:59:41+08:00 ] 127.0.0.1 /home/message/ajax_add_cart.html
INFO: [ app_begin ] --START--
INFO: Run Behavior\ReadHtmlCacheBehavior [ RunTime:0.002000s ]
INFO: [ app_begin ] --END-- [ RunTime:0.006000s ]
SQL: SHOW COLUMNS FROM `guanyintea` [ RunTime:0.0030s ]
SQL: SHOW COLUMNS FROM `guanyintea` [ RunTime:0.0040s ]
SQL: SELECT `title` FROM `guanyintea` WHERE ( product_id=0 )  [ RunTime:0.0010s ]
NOTIC: [8] Undefined offset: 0 D:\wamp\www\lero\1\Application\Home\Model\CartModel.class.php 第 29 行.
NOTIC: [8] Undefined index: total_num D:\wamp\www\lero\1\Application\Home\Model\CartModel.class.php 第 30 行.

[ 2015-12-09T14:42:56+08:00 ] 127.0.0.1 /home/message/ajax_add_cart.html
INFO: [ app_begin ] --START--
INFO: Run Behavior\ReadHtmlCacheBehavior [ RunTime:0.001000s ]
INFO: [ app_begin ] --END-- [ RunTime:0.005000s ]
SQL: SHOW COLUMNS FROM `guanyintea` [ RunTime:0.0040s ]
SQL: SHOW COLUMNS FROM `guanyintea` [ RunTime:0.0040s ]
SQL: SELECT `title` FROM `guanyintea` WHERE ( product_id=0 )  [ RunTime:0.0010s ]
NOTIC: [8] Undefined offset: 0 D:\wamp\www\lero\1\Application\Home\Model\CartModel.class.php 第 29 行.
NOTIC: [8] Undefined index: total_num D:\wamp\www\lero\1\Application\Home\Model\CartModel.class.php 第 30 行.

[ 2015-12-09T14:48:39+08:00 ] 127.0.0.1 /home/message/ajax_add_cart.html
INFO: [ app_begin ] --START--
INFO: Run Behavior\ReadHtmlCacheBehavior [ RunTime:0.001000s ]
INFO: [ app_begin ] --END-- [ RunTime:0.004001s ]
SQL: SHOW COLUMNS FROM `guanyintea` [ RunTime:0.0030s ]
SQL: SHOW COLUMNS FROM `guanyintea` [ RunTime:0.0040s ]
SQL: SELECT `title` FROM `guanyintea` WHERE ( product_id=0 )  [ RunTime:0.0010s ]
NOTIC: [8] Undefined offset: 0 D:\wamp\www\lero\1\Application\Home\Model\CartModel.class.php 第 29 行.
NOTIC: [8] Undefined index: total_num D:\wamp\www\lero\1\Application\Home\Model\CartModel.class.php 第 30 行.

[ 2015-12-09T14:48:40+08:00 ] 127.0.0.1 /home/message/ajax_add_cart.html
INFO: [ app_begin ] --START--
INFO: Run Behavior\ReadHtmlCacheBehavior [ RunTime:0.002000s ]
INFO: [ app_begin ] --END-- [ RunTime:0.005000s ]
SQL: SHOW COLUMNS FROM `guanyintea` [ RunTime:0.0040s ]
SQL: SHOW COLUMNS FROM `guanyintea` [ RunTime:0.0040s ]
SQL: SELECT `title` FROM `guanyintea` WHERE ( product_id=0 )  [ RunTime:0.0010s ]
NOTIC: [8] Undefined offset: 0 D:\wamp\www\lero\1\Application\Home\Model\CartModel.class.php 第 29 行.
NOTIC: [8] Undefined index: total_num D:\wamp\www\lero\1\Application\Home\Model\CartModel.class.php 第 30 行.

[ 2015-12-09T14:48:41+08:00 ] 127.0.0.1 /home/message/ajax_add_cart.html
INFO: [ app_begin ] --START--
INFO: Run Behavior\ReadHtmlCacheBehavior [ RunTime:0.002000s ]
INFO: [ app_begin ] --END-- [ RunTime:0.005000s ]
SQL: SHOW COLUMNS FROM `guanyintea` [ RunTime:0.0040s ]
SQL: SHOW COLUMNS FROM `guanyintea` [ RunTime:0.0030s ]
SQL: SELECT `title` FROM `guanyintea` WHERE ( product_id=0 )  [ RunTime:0.0010s ]
NOTIC: [8] Undefined offset: 0 D:\wamp\www\lero\1\Application\Home\Model\CartModel.class.php 第 29 行.
NOTIC: [8] Undefined index: total_num D:\wamp\www\lero\1\Application\Home\Model\CartModel.class.php 第 30 行.

[ 2015-12-09T14:48:50+08:00 ] 127.0.0.1 /home/message/ajax_add_cart.html
INFO: [ app_begin ] --START--
INFO: Run Behavior\ReadHtmlCacheBehavior [ RunTime:0.001000s ]
INFO: [ app_begin ] --END-- [ RunTime:0.005000s ]
SQL: SHOW COLUMNS FROM `guanyintea` [ RunTime:0.0030s ]
SQL: SHOW COLUMNS FROM `guanyintea` [ RunTime:0.0030s ]
SQL: SELECT `title` FROM `guanyintea` WHERE ( product_id=0 )  [ RunTime:0.0010s ]
NOTIC: [8] Undefined offset: 0 D:\wamp\www\lero\1\Application\Home\Model\CartModel.class.php 第 29 行.
NOTIC: [8] Undefined index: total_num D:\wamp\www\lero\1\Application\Home\Model\CartModel.class.php 第 30 行.

[ 2015-12-09T14:48:51+08:00 ] 127.0.0.1 /home/message/ajax_add_cart.html
INFO: [ app_begin ] --START--
INFO: Run Behavior\ReadHtmlCacheBehavior [ RunTime:0.001000s ]
INFO: [ app_begin ] --END-- [ RunTime:0.004000s ]
SQL: SHOW COLUMNS FROM `guanyintea` [ RunTime:0.0030s ]
SQL: SHOW COLUMNS FROM `guanyintea` [ RunTime:0.0120s ]
SQL: SELECT `title` FROM `guanyintea` WHERE ( product_id=0 )  [ RunTime:0.0010s ]
NOTIC: [8] Undefined offset: 0 D:\wamp\www\lero\1\Application\Home\Model\CartModel.class.php 第 29 行.
NOTIC: [8] Undefined index: total_num D:\wamp\www\lero\1\Application\Home\Model\CartModel.class.php 第 30 行.

[ 2015-12-09T14:48:51+08:00 ] 127.0.0.1 /home/message/ajax_add_cart.html
INFO: [ app_begin ] --START--
INFO: Run Behavior\ReadHtmlCacheBehavior [ RunTime:0.001000s ]
INFO: [ app_begin ] --END-- [ RunTime:0.004000s ]
SQL: SHOW COLUMNS FROM `guanyintea` [ RunTime:0.0030s ]
SQL: SHOW COLUMNS FROM `guanyintea` [ RunTime:0.0040s ]
SQL: SELECT `title` FROM `guanyintea` WHERE ( product_id=0 )  [ RunTime:0.0010s ]
NOTIC: [8] Undefined offset: 0 D:\wamp\www\lero\1\Application\Home\Model\CartModel.class.php 第 29 行.
NOTIC: [8] Undefined index: total_num D:\wamp\www\lero\1\Application\Home\Model\CartModel.class.php 第 30 行.

[ 2015-12-09T15:12:45+08:00 ] 127.0.0.1 /home/message/ajax_add_cart.html
INFO: [ app_begin ] --START--
INFO: Run Behavior\ReadHtmlCacheBehavior [ RunTime:0.002001s ]
INFO: [ app_begin ] --END-- [ RunTime:0.004001s ]
SQL: SHOW COLUMNS FROM `guanyintea` [ RunTime:0.0040s ]
SQL: SHOW COLUMNS FROM `guanyintea` [ RunTime:0.0040s ]
SQL: SELECT `title` FROM `guanyintea` WHERE ( product_id=0 )  [ RunTime:0.0010s ]
NOTIC: [8] Undefined offset: 0 D:\wamp\www\lero\1\Application\Home\Model\CartModel.class.php 第 29 行.
NOTIC: [8] Undefined index: total_num D:\wamp\www\lero\1\Application\Home\Model\CartModel.class.php 第 30 行.

[ 2015-12-09T15:12:49+08:00 ] 127.0.0.1 /home/message/ajax_add_cart.html
INFO: [ app_begin ] --START--
INFO: Run Behavior\ReadHtmlCacheBehavior [ RunTime:0.001000s ]
INFO: [ app_begin ] --END-- [ RunTime:0.005000s ]
SQL: SHOW COLUMNS FROM `guanyintea` [ RunTime:0.0040s ]
SQL: SHOW COLUMNS FROM `guanyintea` [ RunTime:0.0050s ]
SQL: SELECT `title` FROM `guanyintea` WHERE ( product_id=0 )  [ RunTime:0.0010s ]
NOTIC: [8] Undefined offset: 0 D:\wamp\www\lero\1\Application\Home\Model\CartModel.class.php 第 29 行.
NOTIC: [8] Undefined index: total_num D:\wamp\www\lero\1\Application\Home\Model\CartModel.class.php 第 30 行.

[ 2015-12-09T15:12:50+08:00 ] 127.0.0.1 /home/message/ajax_add_cart.html
INFO: [ app_begin ] --START--
INFO: Run Behavior\ReadHtmlCacheBehavior [ RunTime:0.002000s ]
INFO: [ app_begin ] --END-- [ RunTime:0.005000s ]
SQL: SHOW COLUMNS FROM `guanyintea` [ RunTime:0.0030s ]
SQL: SHOW COLUMNS FROM `guanyintea` [ RunTime:0.0040s ]
SQL: SELECT `title` FROM `guanyintea` WHERE ( product_id=0 )  [ RunTime:0.0010s ]
NOTIC: [8] Undefined offset: 0 D:\wamp\www\lero\1\Application\Home\Model\CartModel.class.php 第 29 行.
NOTIC: [8] Undefined index: total_num D:\wamp\www\lero\1\Application\Home\Model\CartModel.class.php 第 30 行.

[ 2015-12-09T15:12:51+08:00 ] 127.0.0.1 /home/message/ajax_add_cart.html
INFO: [ app_begin ] --START--
INFO: Run Behavior\ReadHtmlCacheBehavior [ RunTime:0.001000s ]
INFO: [ app_begin ] --END-- [ RunTime:0.005000s ]
SQL: SHOW COLUMNS FROM `guanyintea` [ RunTime:0.0030s ]
SQL: SHOW COLUMNS FROM `guanyintea` [ RunTime:0.0040s ]
SQL: SELECT `title` FROM `guanyintea` WHERE ( product_id=0 )  [ RunTime:0.0010s ]
NOTIC: [8] Undefined offset: 0 D:\wamp\www\lero\1\Application\Home\Model\CartModel.class.php 第 29 行.
NOTIC: [8] Undefined index: total_num D:\wamp\www\lero\1\Application\Home\Model\CartModel.class.php 第 30 行.

[ 2015-12-09T15:12:52+08:00 ] 127.0.0.1 /home/message/ajax_add_cart.html
INFO: [ app_begin ] --START--
INFO: Run Behavior\ReadHtmlCacheBehavior [ RunTime:0.002000s ]
INFO: [ app_begin ] --END-- [ RunTime:0.005000s ]
SQL: SHOW COLUMNS FROM `guanyintea` [ RunTime:0.0050s ]
SQL: SHOW COLUMNS FROM `guanyintea` [ RunTime:0.0050s ]
SQL: SELECT `title` FROM `guanyintea` WHERE ( product_id=0 )  [ RunTime:0.0020s ]
NOTIC: [8] Undefined offset: 0 D:\wamp\www\lero\1\Application\Home\Model\CartModel.class.php 第 29 行.
NOTIC: [8] Undefined index: total_num D:\wamp\www\lero\1\Application\Home\Model\CartModel.class.php 第 30 行.

[ 2015-12-09T15:12:54+08:00 ] 127.0.0.1 /home/message/ajax_add_cart.html
INFO: [ app_begin ] --START--
INFO: Run Behavior\ReadHtmlCacheBehavior [ RunTime:0.002000s ]
INFO: [ app_begin ] --END-- [ RunTime:0.005000s ]
SQL: SHOW COLUMNS FROM `guanyintea` [ RunTime:0.0040s ]
SQL: SHOW COLUMNS FROM `guanyintea` [ RunTime:0.0030s ]
SQL: SELECT `title` FROM `guanyintea` WHERE ( product_id=0 )  [ RunTime:0.0020s ]
NOTIC: [8] Undefined offset: 0 D:\wamp\www\lero\1\Application\Home\Model\CartModel.class.php 第 29 行.
NOTIC: [8] Undefined index: total_num D:\wamp\www\lero\1\Application\Home\Model\CartModel.class.php 第 30 行.

[ 2015-12-09T15:12:55+08:00 ] 127.0.0.1 /home/message/ajax_add_cart.html
INFO: [ app_begin ] --START--
INFO: Run Behavior\ReadHtmlCacheBehavior [ RunTime:0.002000s ]
INFO: [ app_begin ] --END-- [ RunTime:0.004000s ]
SQL: SHOW COLUMNS FROM `guanyintea` [ RunTime:0.0030s ]
SQL: SHOW COLUMNS FROM `guanyintea` [ RunTime:0.0040s ]
SQL: SELECT `title` FROM `guanyintea` WHERE ( product_id=0 )  [ RunTime:0.0010s ]
NOTIC: [8] Undefined offset: 0 D:\wamp\www\lero\1\Application\Home\Model\CartModel.class.php 第 29 行.
NOTIC: [8] Undefined index: total_num D:\wamp\www\lero\1\Application\Home\Model\CartModel.class.php 第 30 行.

[ 2015-12-09T15:12:55+08:00 ] 127.0.0.1 /home/message/ajax_add_cart.html
INFO: [ app_begin ] --START--
INFO: Run Behavior\ReadHtmlCacheBehavior [ RunTime:0.003000s ]
INFO: [ app_begin ] --END-- [ RunTime:0.006001s ]
SQL: SHOW COLUMNS FROM `guanyintea` [ RunTime:0.0050s ]
SQL: SHOW COLUMNS FROM `guanyintea` [ RunTime:0.0050s ]
SQL: SELECT `title` FROM `guanyintea` WHERE ( product_id=0 )  [ RunTime:0.0010s ]
NOTIC: [8] Undefined offset: 0 D:\wamp\www\lero\1\Application\Home\Model\CartModel.class.php 第 29 行.
NOTIC: [8] Undefined index: total_num D:\wamp\www\lero\1\Application\Home\Model\CartModel.class.php 第 30 行.

[ 2015-12-09T15:12:56+08:00 ] 127.0.0.1 /home/message/ajax_add_cart.html
INFO: [ app_begin ] --START--
INFO: Run Behavior\ReadHtmlCacheBehavior [ RunTime:0.002001s ]
INFO: [ app_begin ] --END-- [ RunTime:0.005001s ]
SQL: SHOW COLUMNS FROM `guanyintea` [ RunTime:0.0030s ]
SQL: SHOW COLUMNS FROM `guanyintea` [ RunTime:0.0040s ]
SQL: SELECT `title` FROM `guanyintea` WHERE ( product_id=0 )  [ RunTime:0.0010s ]
NOTIC: [8] Undefined offset: 0 D:\wamp\www\lero\1\Application\Home\Model\CartModel.class.php 第 29 行.
NOTIC: [8] Undefined index: total_num D:\wamp\www\lero\1\Application\Home\Model\CartModel.class.php 第 30 行.

[ 2015-12-09T15:12:56+08:00 ] 127.0.0.1 /home/message/ajax_add_cart.html
INFO: [ app_begin ] --START--
INFO: Run Behavior\ReadHtmlCacheBehavior [ RunTime:0.002000s ]
INFO: [ app_begin ] --END-- [ RunTime:0.004000s ]
SQL: SHOW COLUMNS FROM `guanyintea` [ RunTime:0.0040s ]
SQL: SHOW COLUMNS FROM `guanyintea` [ RunTime:0.0040s ]
SQL: SELECT `title` FROM `guanyintea` WHERE ( product_id=0 )  [ RunTime:0.0020s ]
NOTIC: [8] Undefined offset: 0 D:\wamp\www\lero\1\Application\Home\Model\CartModel.class.php 第 29 行.
NOTIC: [8] Undefined index: total_num D:\wamp\www\lero\1\Application\Home\Model\CartModel.class.php 第 30 行.

[ 2015-12-09T15:13:04+08:00 ] 127.0.0.1 /home/message/ajax_add_cart.html
INFO: [ app_begin ] --START--
INFO: Run Behavior\ReadHtmlCacheBehavior [ RunTime:0.002000s ]
INFO: [ app_begin ] --END-- [ RunTime:0.005000s ]
SQL: SHOW COLUMNS FROM `guanyintea` [ RunTime:0.0030s ]
SQL: SHOW COLUMNS FROM `guanyintea` [ RunTime:0.0030s ]
SQL: SELECT `title` FROM `guanyintea` WHERE ( product_id=0 )  [ RunTime:0.0010s ]
NOTIC: [8] Undefined offset: 0 D:\wamp\www\lero\1\Application\Home\Model\CartModel.class.php 第 29 行.
NOTIC: [8] Undefined index: total_num D:\wamp\www\lero\1\Application\Home\Model\CartModel.class.php 第 30 行.

[ 2015-12-09T15:13:51+08:00 ] 127.0.0.1 /home/message/ajax_add_cart.html
INFO: [ app_begin ] --START--
INFO: Run Behavior\ReadHtmlCacheBehavior [ RunTime:0.002000s ]
INFO: [ app_begin ] --END-- [ RunTime:0.005000s ]
SQL: SHOW COLUMNS FROM `guanyintea` [ RunTime:0.0040s ]
SQL: SHOW COLUMNS FROM `guanyintea` [ RunTime:0.0050s ]
SQL: SELECT `title` FROM `guanyintea` WHERE ( product_id=0 )  [ RunTime:0.0040s ]
NOTIC: [8] Undefined offset: 0 D:\wamp\www\lero\1\Application\Home\Model\CartModel.class.php 第 29 行.
NOTIC: [8] Undefined index: total_num D:\wamp\www\lero\1\Application\Home\Model\CartModel.class.php 第 30 行.

[ 2015-12-09T15:13:56+08:00 ] 127.0.0.1 /home/message/ajax_add_cart.html
INFO: [ app_begin ] --START--
INFO: Run Behavior\ReadHtmlCacheBehavior [ RunTime:0.002000s ]
INFO: [ app_begin ] --END-- [ RunTime:0.004000s ]
SQL: SHOW COLUMNS FROM `guanyintea` [ RunTime:0.0050s ]
SQL: SHOW COLUMNS FROM `guanyintea` [ RunTime:0.0040s ]
SQL: SELECT `title` FROM `guanyintea` WHERE ( product_id=0 )  [ RunTime:0.0010s ]
NOTIC: [8] Undefined offset: 0 D:\wamp\www\lero\1\Application\Home\Model\CartModel.class.php 第 29 行.
NOTIC: [8] Undefined index: total_num D:\wamp\www\lero\1\Application\Home\Model\CartModel.class.php 第 30 行.

[ 2015-12-09T15:14:05+08:00 ] 127.0.0.1 /home/message/ajax_add_cart.html
INFO: [ app_begin ] --START--
INFO: Run Behavior\ReadHtmlCacheBehavior [ RunTime:0.002000s ]
INFO: [ app_begin ] --END-- [ RunTime:0.004000s ]
SQL: SHOW COLUMNS FROM `guanyintea` [ RunTime:0.0030s ]
SQL: SHOW COLUMNS FROM `guanyintea` [ RunTime:0.0040s ]
SQL: SELECT `title` FROM `guanyintea` WHERE ( product_id=0 )  [ RunTime:0.0010s ]
NOTIC: [8] Undefined offset: 0 D:\wamp\www\lero\1\Application\Home\Model\CartModel.class.php 第 29 行.
NOTIC: [8] Undefined index: total_num D:\wamp\www\lero\1\Application\Home\Model\CartModel.class.php 第 30 行.

[ 2015-12-09T15:14:24+08:00 ] 127.0.0.1 /home/message/ajax_add_cart.html
INFO: [ app_begin ] --START--
INFO: Run Behavior\ReadHtmlCacheBehavior [ RunTime:0.001000s ]
INFO: [ app_begin ] --END-- [ RunTime:0.004000s ]
SQL: SHOW COLUMNS FROM `guanyintea` [ RunTime:0.0040s ]
SQL: SHOW COLUMNS FROM `guanyintea` [ RunTime:0.0040s ]
SQL: SELECT `title` FROM `guanyintea` WHERE ( product_id=0 )  [ RunTime:0.0020s ]
NOTIC: [8] Undefined offset: 0 D:\wamp\www\lero\1\Application\Home\Model\CartModel.class.php 第 29 行.
NOTIC: [8] Undefined index: total_num D:\wamp\www\lero\1\Application\Home\Model\CartModel.class.php 第 30 行.

[ 2015-12-09T15:14:42+08:00 ] 127.0.0.1 /home/message/ajax_add_cart.html
INFO: [ app_begin ] --START--
INFO: Run Behavior\ReadHtmlCacheBehavior [ RunTime:0.001001s ]
INFO: [ app_begin ] --END-- [ RunTime:0.004001s ]
SQL: SHOW COLUMNS FROM `guanyintea` [ RunTime:0.0030s ]
SQL: SHOW COLUMNS FROM `guanyintea` [ RunTime:0.0030s ]
SQL: SELECT `title` FROM `guanyintea` WHERE ( product_id=0 )  [ RunTime:0.0010s ]
NOTIC: [8] Undefined offset: 0 D:\wamp\www\lero\1\Application\Home\Model\CartModel.class.php 第 29 行.
NOTIC: [8] Undefined index: total_num D:\wamp\www\lero\1\Application\Home\Model\CartModel.class.php 第 30 行.

[ 2015-12-09T15:15:04+08:00 ] 127.0.0.1 /home/message/ajax_add_cart.html
INFO: [ app_begin ] --START--
INFO: Run Behavior\ReadHtmlCacheBehavior [ RunTime:0.002000s ]
INFO: [ app_begin ] --END-- [ RunTime:0.004000s ]
SQL: SHOW COLUMNS FROM `guanyintea` [ RunTime:0.0060s ]
SQL: SHOW COLUMNS FROM `guanyintea` [ RunTime:0.0040s ]
SQL: SELECT `title` FROM `guanyintea` WHERE ( product_id=0 )  [ RunTime:0.0020s ]
NOTIC: [8] Undefined offset: 0 D:\wamp\www\lero\1\Application\Home\Model\CartModel.class.php 第 29 行.
NOTIC: [8] Undefined index: total_num D:\wamp\www\lero\1\Application\Home\Model\CartModel.class.php 第 30 行.

[ 2015-12-09T15:15:22+08:00 ] 127.0.0.1 /home/message/ajax_add_cart.html
INFO: [ app_begin ] --START--
INFO: Run Behavior\ReadHtmlCacheBehavior [ RunTime:0.002000s ]
INFO: [ app_begin ] --END-- [ RunTime:0.005000s ]
SQL: SHOW COLUMNS FROM `guanyintea` [ RunTime:0.0040s ]
SQL: SHOW COLUMNS FROM `guanyintea` [ RunTime:0.0030s ]
SQL: SELECT `title` FROM `guanyintea` WHERE ( product_id=0 )  [ RunTime:0.0010s ]
NOTIC: [8] Undefined offset: 0 D:\wamp\www\lero\1\Application\Home\Model\CartModel.class.php 第 29 行.
NOTIC: [8] Undefined index: total_num D:\wamp\www\lero\1\Application\Home\Model\CartModel.class.php 第 30 行.

[ 2015-12-09T15:15:34+08:00 ] 127.0.0.1 /home/message/ajax_add_cart.html
INFO: [ app_begin ] --START--
INFO: Run Behavior\ReadHtmlCacheBehavior [ RunTime:0.003000s ]
INFO: [ app_begin ] --END-- [ RunTime:0.008000s ]
SQL: SHOW COLUMNS FROM `guanyintea` [ RunTime:0.0040s ]
SQL: SHOW COLUMNS FROM `guanyintea` [ RunTime:0.0060s ]
SQL: SELECT `title` FROM `guanyintea` WHERE ( product_id=0 )  [ RunTime:0.0040s ]
NOTIC: [8] Undefined offset: 0 D:\wamp\www\lero\1\Application\Home\Model\CartModel.class.php 第 29 行.
NOTIC: [8] Undefined index: total_num D:\wamp\www\lero\1\Application\Home\Model\CartModel.class.php 第 30 行.

[ 2015-12-09T15:17:16+08:00 ] 127.0.0.1 /home/message/ajax_add_cart.html
INFO: [ app_begin ] --START--
INFO: Run Behavior\ReadHtmlCacheBehavior [ RunTime:0.003001s ]
INFO: [ app_begin ] --END-- [ RunTime:0.008001s ]
SQL: SHOW COLUMNS FROM `guanyintea` [ RunTime:0.0050s ]
SQL: SHOW COLUMNS FROM `guanyintea` [ RunTime:0.0040s ]
SQL: SELECT `title` FROM `guanyintea` WHERE ( product_id=0 )  [ RunTime:0.0010s ]
NOTIC: [8] Undefined offset: 0 D:\wamp\www\lero\1\Application\Home\Model\CartModel.class.php 第 29 行.
NOTIC: [8] Undefined index: total_num D:\wamp\www\lero\1\Application\Home\Model\CartModel.class.php 第 30 行.

[ 2015-12-09T15:21:44+08:00 ] 127.0.0.1 /home/message/ajax_add_cart.html
INFO: [ app_begin ] --START--
INFO: Run Behavior\ReadHtmlCacheBehavior [ RunTime:0.001000s ]
INFO: [ app_begin ] --END-- [ RunTime:0.005001s ]
SQL: SHOW COLUMNS FROM `guanyintea` [ RunTime:0.0030s ]
SQL: SHOW COLUMNS FROM `guanyintea` [ RunTime:0.0040s ]
SQL: SELECT `title` FROM `guanyintea` WHERE ( product_id=0 )  [ RunTime:0.0020s ]
NOTIC: [8] Undefined offset: 0 D:\wamp\www\lero\1\Application\Home\Model\CartModel.class.php 第 29 行.
NOTIC: [8] Undefined index: total_num D:\wamp\www\lero\1\Application\Home\Model\CartModel.class.php 第 30 行.

[ 2015-12-09T15:21:58+08:00 ] 127.0.0.1 /home/message/ajax_add_cart.html
INFO: [ app_begin ] --START--
INFO: Run Behavior\ReadHtmlCacheBehavior [ RunTime:0.003000s ]
INFO: [ app_begin ] --END-- [ RunTime:0.006000s ]
SQL: SHOW COLUMNS FROM `guanyintea` [ RunTime:0.0030s ]
SQL: SHOW COLUMNS FROM `guanyintea` [ RunTime:0.0050s ]
SQL: SELECT `title` FROM `guanyintea` WHERE ( product_id=0 )  [ RunTime:0.0010s ]
NOTIC: [8] Undefined offset: 0 D:\wamp\www\lero\1\Application\Home\Model\CartModel.class.php 第 29 行.
NOTIC: [8] Undefined index: total_num D:\wamp\www\lero\1\Application\Home\Model\CartModel.class.php 第 30 行.

[ 2015-12-09T15:24:15+08:00 ] 127.0.0.1 /home/message/ajax_add_cart.html
INFO: [ app_begin ] --START--
INFO: Run Behavior\ReadHtmlCacheBehavior [ RunTime:0.001000s ]
INFO: [ app_begin ] --END-- [ RunTime:0.005000s ]
SQL: SHOW COLUMNS FROM `guanyintea` [ RunTime:0.0040s ]
SQL: SHOW COLUMNS FROM `guanyintea` [ RunTime:0.0030s ]
SQL: SELECT `title` FROM `guanyintea` WHERE ( product_id=0 )  [ RunTime:0.0010s ]
NOTIC: [8] Undefined offset: 0 D:\wamp\www\lero\1\Application\Home\Model\CartModel.class.php 第 29 行.
NOTIC: [8] Undefined index: total_num D:\wamp\www\lero\1\Application\Home\Model\CartModel.class.php 第 30 行.

[ 2015-12-09T15:38:21+08:00 ] 127.0.0.1 /home/message/ajax_add_cart.html
INFO: [ app_begin ] --START--
INFO: Run Behavior\ReadHtmlCacheBehavior [ RunTime:0.003000s ]
INFO: [ app_begin ] --END-- [ RunTime:0.007000s ]
SQL: SHOW COLUMNS FROM `guanyintea` [ RunTime:0.0030s ]
SQL: SHOW COLUMNS FROM `guanyintea` [ RunTime:0.0040s ]
SQL: SELECT `title` FROM `guanyintea` WHERE ( product_id=0 )  [ RunTime:0.0020s ]
NOTIC: [8] Undefined offset: 0 D:\wamp\www\lero\1\Application\Home\Model\CartModel.class.php 第 29 行.
NOTIC: [8] Undefined index: total_num D:\wamp\www\lero\1\Application\Home\Model\CartModel.class.php 第 30 行.

[ 2015-12-09T15:38:57+08:00 ] 127.0.0.1 /home/message/ajax_add_cart.html
INFO: [ app_begin ] --START--
INFO: Run Behavior\ReadHtmlCacheBehavior [ RunTime:0.002000s ]
INFO: [ app_begin ] --END-- [ RunTime:0.005000s ]
SQL: SHOW COLUMNS FROM `guanyintea` [ RunTime:0.0040s ]
SQL: SHOW COLUMNS FROM `guanyintea` [ RunTime:0.0030s ]
SQL: SELECT `title` FROM `guanyintea` WHERE ( product_id=0 )  [ RunTime:0.0010s ]
NOTIC: [8] Undefined offset: 0 D:\wamp\www\lero\1\Application\Home\Model\CartModel.class.php 第 29 行.
NOTIC: [8] Undefined index: total_num D:\wamp\www\lero\1\Application\Home\Model\CartModel.class.php 第 30 行.

[ 2015-12-09T15:39:04+08:00 ] 127.0.0.1 /home/message/ajax_add_cart.html
INFO: [ app_begin ] --START--
INFO: Run Behavior\ReadHtmlCacheBehavior [ RunTime:0.002000s ]
INFO: [ app_begin ] --END-- [ RunTime:0.004001s ]
SQL: SHOW COLUMNS FROM `guanyintea` [ RunTime:0.0040s ]
SQL: SHOW COLUMNS FROM `guanyintea` [ RunTime:0.0030s ]
SQL: SELECT `title` FROM `guanyintea` WHERE ( product_id=0 )  [ RunTime:0.0020s ]
NOTIC: [8] Undefined offset: 0 D:\wamp\www\lero\1\Application\Home\Model\CartModel.class.php 第 29 行.
NOTIC: [8] Undefined index: total_num D:\wamp\www\lero\1\Application\Home\Model\CartModel.class.php 第 30 行.

[ 2015-12-09T15:41:07+08:00 ] 127.0.0.1 /home/message/ajax_add_cart.html
INFO: [ app_begin ] --START--
INFO: Run Behavior\ReadHtmlCacheBehavior [ RunTime:0.002000s ]
INFO: [ app_begin ] --END-- [ RunTime:0.005000s ]
SQL: SHOW COLUMNS FROM `guanyintea` [ RunTime:0.0040s ]
SQL: SHOW COLUMNS FROM `guanyintea` [ RunTime:0.0030s ]
SQL: SELECT `title` FROM `guanyintea` WHERE ( product_id=10003 )  [ RunTime:0.0010s ]
NOTIC: [8] Undefined index: total_num D:\wamp\www\lero\1\Application\Home\Model\CartModel.class.php 第 30 行.

[ 2015-12-09T15:52:11+08:00 ] 127.0.0.1 /home/message/ajax_add_cart.html
INFO: [ app_begin ] --START--
INFO: Run Behavior\ReadHtmlCacheBehavior [ RunTime:0.003000s ]
INFO: [ app_begin ] --END-- [ RunTime:0.005000s ]
SQL: SHOW COLUMNS FROM `guanyintea` [ RunTime:0.0040s ]
SQL: SHOW COLUMNS FROM `guanyintea` [ RunTime:0.0040s ]
SQL: SELECT `title` FROM `guanyintea` WHERE ( product_id=10003 )  [ RunTime:0.0010s ]
NOTIC: [8] Undefined index: total_num D:\wamp\www\lero\1\Application\Home\Model\CartModel.class.php 第 30 行.

[ 2015-12-09T15:52:19+08:00 ] 127.0.0.1 /home/message/ajax_add_cart.html
INFO: [ app_begin ] --START--
INFO: Run Behavior\ReadHtmlCacheBehavior [ RunTime:0.002000s ]
INFO: [ app_begin ] --END-- [ RunTime:0.007000s ]
SQL: SHOW COLUMNS FROM `guanyintea` [ RunTime:0.0040s ]
SQL: SHOW COLUMNS FROM `guanyintea` [ RunTime:0.0040s ]
SQL: SELECT `title` FROM `guanyintea` WHERE ( product_id=10003 )  [ RunTime:0.0010s ]
NOTIC: [8] Undefined index: total_num D:\wamp\www\lero\1\Application\Home\Model\CartModel.class.php 第 30 行.

[ 2015-12-09T15:52:20+08:00 ] 127.0.0.1 /home/message/ajax_add_cart.html
INFO: [ app_begin ] --START--
INFO: Run Behavior\ReadHtmlCacheBehavior [ RunTime:0.002000s ]
INFO: [ app_begin ] --END-- [ RunTime:0.006000s ]
SQL: SHOW COLUMNS FROM `guanyintea` [ RunTime:0.0040s ]
SQL: SHOW COLUMNS FROM `guanyintea` [ RunTime:0.0030s ]
SQL: SELECT `title` FROM `guanyintea` WHERE ( product_id=10003 )  [ RunTime:0.0010s ]
NOTIC: [8] Undefined index: total_num D:\wamp\www\lero\1\Application\Home\Model\CartModel.class.php 第 30 行.

[ 2015-12-09T15:52:22+08:00 ] 127.0.0.1 /home/message/ajax_add_cart.html
INFO: [ app_begin ] --START--
INFO: Run Behavior\ReadHtmlCacheBehavior [ RunTime:0.002000s ]
INFO: [ app_begin ] --END-- [ RunTime:0.004000s ]
SQL: SHOW COLUMNS FROM `guanyintea` [ RunTime:0.0030s ]
SQL: SHOW COLUMNS FROM `guanyintea` [ RunTime:0.0040s ]
SQL: SELECT `title` FROM `guanyintea` WHERE ( product_id=10003 )  [ RunTime:0.0010s ]
NOTIC: [8] Undefined index: total_num D:\wamp\www\lero\1\Application\Home\Model\CartModel.class.php 第 30 行.

[ 2015-12-09T15:52:24+08:00 ] 127.0.0.1 /home/message/ajax_add_cart.html
INFO: [ app_begin ] --START--
INFO: Run Behavior\ReadHtmlCacheBehavior [ RunTime:0.002000s ]
INFO: [ app_begin ] --END-- [ RunTime:0.004001s ]
SQL: SHOW COLUMNS FROM `guanyintea` [ RunTime:0.0030s ]
SQL: SHOW COLUMNS FROM `guanyintea` [ RunTime:0.0040s ]
SQL: SELECT `title` FROM `guanyintea` WHERE ( product_id=10003 )  [ RunTime:0.0020s ]
NOTIC: [8] Undefined index: total_num D:\wamp\www\lero\1\Application\Home\Model\CartModel.class.php 第 30 行.

[ 2015-12-09T15:52:25+08:00 ] 127.0.0.1 /home/message/ajax_add_cart.html
INFO: [ app_begin ] --START--
INFO: Run Behavior\ReadHtmlCacheBehavior [ RunTime:0.002000s ]
INFO: [ app_begin ] --END-- [ RunTime:0.005000s ]
SQL: SHOW COLUMNS FROM `guanyintea` [ RunTime:0.0030s ]
SQL: SHOW COLUMNS FROM `guanyintea` [ RunTime:0.0030s ]
SQL: SELECT `title` FROM `guanyintea` WHERE ( product_id=10003 )  [ RunTime:0.0010s ]
NOTIC: [8] Undefined index: total_num D:\wamp\www\lero\1\Application\Home\Model\CartModel.class.php 第 30 行.

[ 2015-12-09T15:52:28+08:00 ] 127.0.0.1 /home/message/ajax_add_cart.html
INFO: [ app_begin ] --START--
INFO: Run Behavior\ReadHtmlCacheBehavior [ RunTime:0.001000s ]
INFO: [ app_begin ] --END-- [ RunTime:0.004001s ]
SQL: SHOW COLUMNS FROM `guanyintea` [ RunTime:0.0040s ]
SQL: SHOW COLUMNS FROM `guanyintea` [ RunTime:0.0030s ]
SQL: SELECT `title` FROM `guanyintea` WHERE ( product_id=10003 )  [ RunTime:0.0020s ]
NOTIC: [8] Undefined index: total_num D:\wamp\www\lero\1\Application\Home\Model\CartModel.class.php 第 30 行.

[ 2015-12-09T15:52:33+08:00 ] 127.0.0.1 /home/message/ajax_add_cart.html
INFO: [ app_begin ] --START--
INFO: Run Behavior\ReadHtmlCacheBehavior [ RunTime:0.001000s ]
INFO: [ app_begin ] --END-- [ RunTime:0.004000s ]
SQL: SHOW COLUMNS FROM `guanyintea` [ RunTime:0.0050s ]
SQL: SHOW COLUMNS FROM `guanyintea` [ RunTime:0.0030s ]
SQL: SELECT `title` FROM `guanyintea` WHERE ( product_id=10003 )  [ RunTime:0.0010s ]
NOTIC: [8] Undefined index: total_num D:\wamp\www\lero\1\Application\Home\Model\CartModel.class.php 第 30 行.

[ 2015-12-09T17:53:18+08:00 ] 127.0.0.1 /home/message/ajax_add_cart.html
INFO: [ app_begin ] --START--
INFO: Run Behavior\ReadHtmlCacheBehavior [ RunTime:0.001000s ]
INFO: [ app_begin ] --END-- [ RunTime:0.004000s ]
SQL: SHOW COLUMNS FROM `guanyintea` [ RunTime:0.0040s ]
SQL: SHOW COLUMNS FROM `guanyintea` [ RunTime:0.0040s ]
SQL: SELECT `title` FROM `guanyintea` WHERE ( product_id=10001 )  [ RunTime:0.0010s ]
NOTIC: [8] Undefined index: total_num D:\wamp\www\lero\1\Application\Home\Model\CartModel.class.php 第 29 行.

[ 2015-12-09T18:18:20+08:00 ] 127.0.0.1 /home/message/get_cart_info_ajax.html
INFO: [ app_begin ] --START--
INFO: Run Behavior\ReadHtmlCacheBehavior [ RunTime:0.005001s ]
INFO: [ app_begin ] --END-- [ RunTime:0.010001s ]
ERR: 非法操作:get_cart_info_ajax

[ 2015-12-09T18:18:40+08:00 ] 127.0.0.1 /home/message/get_cart_info_ajax.html
INFO: [ app_begin ] --START--
INFO: Run Behavior\ReadHtmlCacheBehavior [ RunTime:0.013000s ]
INFO: [ app_begin ] --END-- [ RunTime:0.019002s ]
ERR: 非法操作:get_cart_info_ajax

[ 2015-12-09T18:18:48+08:00 ] 127.0.0.1 /home/message/get_cart_info_ajax.html
INFO: [ app_begin ] --START--
INFO: Run Behavior\ReadHtmlCacheBehavior [ RunTime:0.004000s ]
INFO: [ app_begin ] --END-- [ RunTime:0.010000s ]
ERR: 非法操作:get_cart_info_ajax

[ 2015-12-09T18:18:57+08:00 ] 127.0.0.1 /home/message/ajax_add_cart.html
INFO: [ app_begin ] --START--
INFO: Run Behavior\ReadHtmlCacheBehavior [ RunTime:0.001000s ]
INFO: [ app_begin ] --END-- [ RunTime:0.004001s ]
SQL: SHOW COLUMNS FROM `guanyintea` [ RunTime:0.0030s ]
SQL: SHOW COLUMNS FROM `guanyintea` [ RunTime:0.0040s ]
SQL: SELECT `title` FROM `guanyintea` WHERE ( product_id=10001 )  [ RunTime:0.0010s ]
NOTIC: [8] Undefined index: total_num D:\wamp\www\lero\1\Application\Home\Model\CartModel.class.php 第 29 行.

[ 2015-12-09T18:19:01+08:00 ] 127.0.0.1 /home/message/get_cart_info_ajax.html
INFO: [ app_begin ] --START--
INFO: Run Behavior\ReadHtmlCacheBehavior [ RunTime:0.004000s ]
INFO: [ app_begin ] --END-- [ RunTime:0.008000s ]
ERR: 非法操作:get_cart_info_ajax

[ 2015-12-09T18:19:53+08:00 ] 127.0.0.1 /home/message/get_cart_info_ajax.html
INFO: [ app_begin ] --START--
INFO: Run Behavior\ReadHtmlCacheBehavior [ RunTime:0.008001s ]
INFO: [ app_begin ] --END-- [ RunTime:0.034002s ]

[ 2015-12-09T18:19:59+08:00 ] 127.0.0.1 /home/message/get_cart_info_ajax.html
INFO: [ app_begin ] --START--
INFO: Run Behavior\ReadHtmlCacheBehavior [ RunTime:0.005000s ]
INFO: [ app_begin ] --END-- [ RunTime:0.013000s ]

[ 2015-12-09T18:20:02+08:00 ] 127.0.0.1 /home/message/ajax_add_cart.html
INFO: [ app_begin ] --START--
INFO: Run Behavior\ReadHtmlCacheBehavior [ RunTime:0.002000s ]
INFO: [ app_begin ] --END-- [ RunTime:0.004000s ]
SQL: SHOW COLUMNS FROM `guanyintea` [ RunTime:0.0040s ]
SQL: SHOW COLUMNS FROM `guanyintea` [ RunTime:0.0030s ]
SQL: SELECT `title` FROM `guanyintea` WHERE ( product_id=10001 )  [ RunTime:0.0030s ]
NOTIC: [8] Undefined index: total_num D:\wamp\www\lero\1\Application\Home\Model\CartModel.class.php 第 29 行.

[ 2015-12-09T18:20:03+08:00 ] 127.0.0.1 /home/message/get_cart_info_ajax.html
INFO: [ app_begin ] --START--
INFO: Run Behavior\ReadHtmlCacheBehavior [ RunTime:0.004000s ]
INFO: [ app_begin ] --END-- [ RunTime:0.008000s ]

[ 2015-12-09T18:20:07+08:00 ] 127.0.0.1 /home/message/get_cart_info_ajax.html
INFO: [ app_begin ] --START--
INFO: Run Behavior\ReadHtmlCacheBehavior [ RunTime:0.003000s ]
INFO: [ app_begin ] --END-- [ RunTime:0.006000s ]

[ 2015-12-09T18:20:12+08:00 ] 127.0.0.1 /home/message/ajax_add_cart.html
INFO: [ app_begin ] --START--
INFO: Run Behavior\ReadHtmlCacheBehavior [ RunTime:0.001000s ]
INFO: [ app_begin ] --END-- [ RunTime:0.006001s ]
SQL: SHOW COLUMNS FROM `guanyintea` [ RunTime:0.0040s ]
SQL: SHOW COLUMNS FROM `guanyintea` [ RunTime:0.0040s ]
SQL: SELECT `title` FROM `guanyintea` WHERE ( product_id=10001 )  [ RunTime:0.0020s ]
NOTIC: [8] Undefined index: total_num D:\wamp\www\lero\1\Application\Home\Model\CartModel.class.php 第 29 行.

[ 2015-12-09T18:20:14+08:00 ] 127.0.0.1 /home/message/get_cart_info_ajax.html
INFO: [ app_begin ] --START--
INFO: Run Behavior\ReadHtmlCacheBehavior [ RunTime:0.008000s ]
INFO: [ app_begin ] --END-- [ RunTime:0.013000s ]

[ 2015-12-09T18:32:34+08:00 ] 127.0.0.1 /home/message/get_cart_info_ajax.html
INFO: [ app_begin ] --START--
INFO: Run Behavior\ReadHtmlCacheBehavior [ RunTime:0.003000s ]
INFO: [ app_begin ] --END-- [ RunTime:0.007001s ]

[ 2015-12-09T18:33:10+08:00 ] 127.0.0.1 /home/message/get_cart_info_ajax.html
INFO: [ app_begin ] --START--
INFO: Run Behavior\ReadHtmlCacheBehavior [ RunTime:0.006000s ]
INFO: [ app_begin ] --END-- [ RunTime:0.011000s ]

[ 2015-12-09T18:34:20+08:00 ] 127.0.0.1 /home/message/get_cart_info_ajax.html
INFO: [ app_begin ] --START--
INFO: Run Behavior\ReadHtmlCacheBehavior [ RunTime:0.003000s ]
INFO: [ app_begin ] --END-- [ RunTime:0.007000s ]

[ 2015-12-09T18:56:57+08:00 ] 127.0.0.1 /home/message/get_cart_info_ajax.html
INFO: [ app_begin ] --START--
INFO: Run Behavior\ReadHtmlCacheBehavior [ RunTime:0.006000s ]
INFO: [ app_begin ] --END-- [ RunTime:0.011000s ]

[ 2015-12-09T18:56:58+08:00 ] 127.0.0.1 /home/message/get_cart_info_ajax.html
INFO: [ app_begin ] --START--
INFO: Run Behavior\ReadHtmlCacheBehavior [ RunTime:0.003001s ]
INFO: [ app_begin ] --END-- [ RunTime:0.006001s ]

[ 2015-12-09T20:10:47+08:00 ] 127.0.0.1 /home/message/get_cart_info_ajax.html
INFO: [ app_begin ] --START--
INFO: Run Behavior\ReadHtmlCacheBehavior [ RunTime:0.003001s ]
INFO: [ app_begin ] --END-- [ RunTime:0.007001s ]

[ 2015-12-09T20:11:13+08:00 ] 127.0.0.1 /home/message/get_cart_info_ajax.html
INFO: [ app_begin ] --START--
INFO: Run Behavior\ReadHtmlCacheBehavior [ RunTime:0.004000s ]
INFO: [ app_begin ] --END-- [ RunTime:0.008000s ]

[ 2015-12-09T20:11:19+08:00 ] 127.0.0.1 /home/message/get_cart_info_ajax.html
INFO: [ app_begin ] --START--
INFO: Run Behavior\ReadHtmlCacheBehavior [ RunTime:0.005000s ]
INFO: [ app_begin ] --END-- [ RunTime:0.013001s ]

[ 2015-12-09T20:11:46+08:00 ] 127.0.0.1 /home/message/get_cart_info_ajax.html
INFO: [ app_begin ] --START--
INFO: Run Behavior\ReadHtmlCacheBehavior [ RunTime:0.003000s ]
INFO: [ app_begin ] --END-- [ RunTime:0.009000s ]

[ 2015-12-09T20:11:47+08:00 ] 127.0.0.1 /home/message/buy_now.html
INFO: [ app_begin ] --START--
INFO: Run Behavior\ReadHtmlCacheBehavior [ RunTime:0.004000s ]
INFO: [ app_begin ] --END-- [ RunTime:0.008000s ]
SQL: SHOW COLUMNS FROM `guanyintea` [ RunTime:0.0030s ]
ERR: Think\Model:add_cart方法不存在！

[ 2015-12-09T20:11:49+08:00 ] 127.0.0.1 /home/message/buy_now.html
INFO: [ app_begin ] --START--
INFO: Run Behavior\ReadHtmlCacheBehavior [ RunTime:0.002000s ]
INFO: [ app_begin ] --END-- [ RunTime:0.004000s ]
SQL: SHOW COLUMNS FROM `guanyintea` [ RunTime:0.0040s ]
ERR: Think\Model:add_cart方法不存在！

[ 2015-12-09T20:11:49+08:00 ] 127.0.0.1 /home/message/buy_now.html
INFO: [ app_begin ] --START--
INFO: Run Behavior\ReadHtmlCacheBehavior [ RunTime:0.001000s ]
INFO: [ app_begin ] --END-- [ RunTime:0.005001s ]
SQL: SHOW COLUMNS FROM `guanyintea` [ RunTime:0.0030s ]
ERR: Think\Model:add_cart方法不存在！

[ 2015-12-09T20:11:50+08:00 ] 127.0.0.1 /home/message/buy_now.html
INFO: [ app_begin ] --START--
INFO: Run Behavior\ReadHtmlCacheBehavior [ RunTime:0.001000s ]
INFO: [ app_begin ] --END-- [ RunTime:0.004000s ]
SQL: SHOW COLUMNS FROM `guanyintea` [ RunTime:0.0040s ]
ERR: Think\Model:add_cart方法不存在！

[ 2015-12-09T20:11:50+08:00 ] 127.0.0.1 /home/message/buy_now.html
INFO: [ app_begin ] --START--
INFO: Run Behavior\ReadHtmlCacheBehavior [ RunTime:0.002000s ]
INFO: [ app_begin ] --END-- [ RunTime:0.005000s ]
SQL: SHOW COLUMNS FROM `guanyintea` [ RunTime:0.0040s ]
ERR: Think\Model:add_cart方法不存在！

[ 2015-12-09T20:11:50+08:00 ] 127.0.0.1 /home/message/buy_now.html
INFO: [ app_begin ] --START--
INFO: Run Behavior\ReadHtmlCacheBehavior [ RunTime:0.002000s ]
INFO: [ app_begin ] --END-- [ RunTime:0.004001s ]
SQL: SHOW COLUMNS FROM `guanyintea` [ RunTime:0.0030s ]
ERR: Think\Model:add_cart方法不存在！

[ 2015-12-09T20:11:50+08:00 ] 127.0.0.1 /home/message/buy_now.html
INFO: [ app_begin ] --START--
INFO: Run Behavior\ReadHtmlCacheBehavior [ RunTime:0.001000s ]
INFO: [ app_begin ] --END-- [ RunTime:0.005000s ]
SQL: SHOW COLUMNS FROM `guanyintea` [ RunTime:0.0040s ]
ERR: Think\Model:add_cart方法不存在！

[ 2015-12-09T20:11:50+08:00 ] 127.0.0.1 /home/message/buy_now.html
INFO: [ app_begin ] --START--
INFO: Run Behavior\ReadHtmlCacheBehavior [ RunTime:0.002000s ]
INFO: [ app_begin ] --END-- [ RunTime:0.004000s ]
SQL: SHOW COLUMNS FROM `guanyintea` [ RunTime:0.0050s ]
ERR: Think\Model:add_cart方法不存在！

[ 2015-12-09T20:11:51+08:00 ] 127.0.0.1 /home/message/buy_now.html
INFO: [ app_begin ] --START--
INFO: Run Behavior\ReadHtmlCacheBehavior [ RunTime:0.002001s ]
INFO: [ app_begin ] --END-- [ RunTime:0.006001s ]
SQL: SHOW COLUMNS FROM `guanyintea` [ RunTime:0.0030s ]
ERR: Think\Model:add_cart方法不存在！

[ 2015-12-09T20:11:53+08:00 ] 127.0.0.1 /home/message/buy_now.html
INFO: [ app_begin ] --START--
INFO: Run Behavior\ReadHtmlCacheBehavior [ RunTime:0.002000s ]
INFO: [ app_begin ] --END-- [ RunTime:0.004000s ]
SQL: SHOW COLUMNS FROM `guanyintea` [ RunTime:0.0040s ]
ERR: Think\Model:add_cart方法不存在！

[ 2015-12-09T20:11:53+08:00 ] 127.0.0.1 /home/message/buy_now.html
INFO: [ app_begin ] --START--
INFO: Run Behavior\ReadHtmlCacheBehavior [ RunTime:0.002000s ]
INFO: [ app_begin ] --END-- [ RunTime:0.005000s ]
SQL: SHOW COLUMNS FROM `guanyintea` [ RunTime:0.0040s ]
ERR: Think\Model:add_cart方法不存在！

[ 2015-12-09T20:11:53+08:00 ] 127.0.0.1 /home/message/buy_now.html
INFO: [ app_begin ] --START--
INFO: Run Behavior\ReadHtmlCacheBehavior [ RunTime:0.002000s ]
INFO: [ app_begin ] --END-- [ RunTime:0.006000s ]
SQL: SHOW COLUMNS FROM `guanyintea` [ RunTime:0.0040s ]
ERR: Think\Model:add_cart方法不存在！

[ 2015-12-09T20:11:54+08:00 ] 127.0.0.1 /home/message/buy_now.html
INFO: [ app_begin ] --START--
INFO: Run Behavior\ReadHtmlCacheBehavior [ RunTime:0.002000s ]
INFO: [ app_begin ] --END-- [ RunTime:0.005000s ]
SQL: SHOW COLUMNS FROM `guanyintea` [ RunTime:0.0040s ]
ERR: Think\Model:add_cart方法不存在！

[ 2015-12-09T20:12:37+08:00 ] 127.0.0.1 /home/message/get_cart_info_ajax.html
INFO: [ app_begin ] --START--
INFO: Run Behavior\ReadHtmlCacheBehavior [ RunTime:0.014001s ]
INFO: [ app_begin ] --END-- [ RunTime:0.023001s ]

[ 2015-12-09T20:12:38+08:00 ] 127.0.0.1 /home/message/buy_now.html
INFO: [ app_begin ] --START--
INFO: Run Behavior\ReadHtmlCacheBehavior [ RunTime:0.002000s ]
INFO: [ app_begin ] --END-- [ RunTime:0.006000s ]
SQL: SHOW COLUMNS FROM `guanyintea` [ RunTime:0.0030s ]
ERR: Think\Model:add_cart方法不存在！

[ 2015-12-09T20:12:39+08:00 ] 127.0.0.1 /home/message/buy_now.html
INFO: [ app_begin ] --START--
INFO: Run Behavior\ReadHtmlCacheBehavior [ RunTime:0.002000s ]
INFO: [ app_begin ] --END-- [ RunTime:0.004000s ]
SQL: SHOW COLUMNS FROM `guanyintea` [ RunTime:0.0050s ]
ERR: Think\Model:add_cart方法不存在！

[ 2015-12-09T20:12:40+08:00 ] 127.0.0.1 /home/message/buy_now.html
INFO: [ app_begin ] --START--
INFO: Run Behavior\ReadHtmlCacheBehavior [ RunTime:0.002000s ]
INFO: [ app_begin ] --END-- [ RunTime:0.004000s ]
SQL: SHOW COLUMNS FROM `guanyintea` [ RunTime:0.0040s ]
ERR: Think\Model:add_cart方法不存在！

[ 2015-12-09T20:12:40+08:00 ] 127.0.0.1 /home/message/buy_now.html
INFO: [ app_begin ] --START--
INFO: Run Behavior\ReadHtmlCacheBehavior [ RunTime:0.003000s ]
INFO: [ app_begin ] --END-- [ RunTime:0.005000s ]
SQL: SHOW COLUMNS FROM `guanyintea` [ RunTime:0.0030s ]
ERR: Think\Model:add_cart方法不存在！

[ 2015-12-09T20:13:46+08:00 ] 127.0.0.1 //home/message/buy_now?product_id=10001&product_num=3
ERR: Think\Model:add_cart方法不存在！

[ 2015-12-09T20:15:12+08:00 ] 127.0.0.1 /home/message/get_cart_info_ajax.html
INFO: [ app_begin ] --START--
INFO: Run Behavior\ReadHtmlCacheBehavior [ RunTime:0.010001s ]
INFO: [ app_begin ] --END-- [ RunTime:0.021001s ]

[ 2015-12-09T20:15:15+08:00 ] 127.0.0.1 /home/message/buy_now.html
INFO: [ app_begin ] --START--
INFO: Run Behavior\ReadHtmlCacheBehavior [ RunTime:0.002000s ]
INFO: [ app_begin ] --END-- [ RunTime:0.005000s ]
SQL: SHOW COLUMNS FROM `guanyintea` [ RunTime:0.0030s ]
SQL: SHOW COLUMNS FROM `guanyintea` [ RunTime:0.0040s ]
SQL: SELECT `title` FROM `guanyintea` WHERE ( product_id=10001 )  [ RunTime:0.0010s ]
NOTIC: [8] Undefined index: total_num D:\wamp\www\lero\1\Application\Home\Model\CartModel.class.php 第 29 行.
NOTIC: [8] Undefined index: new_price D:\wamp\www\lero\1\Application\Home\Controller\MessageController.class.php 第 33 行.
INFO: [ view_parse ] --START--
INFO: [ template_filter ] --START--
INFO: Run Behavior\ContentReplaceBehavior [ RunTime:0.002000s ]
INFO: [ template_filter ] --END-- [ RunTime:0.004000s ]
INFO: Run Behavior\ParseTemplateBehavior [ RunTime:0.053003s ]
INFO: [ view_parse ] --END-- [ RunTime:0.055003s ]
INFO: [ view_filter ] --START--
INFO: Run Behavior\WriteHtmlCacheBehavior [ RunTime:0.002000s ]
INFO: [ view_filter ] --END-- [ RunTime:0.004000s ]
INFO: [ app_end ] --START--
INFO: Run Behavior\ShowPageTraceBehavior [ RunTime:0.001000s ]
INFO: [ app_end ] --END-- [ RunTime:0.004000s ]

[ 2015-12-09T20:15:18+08:00 ] 127.0.0.1 /home/message/buy_now.html
INFO: [ app_begin ] --START--
INFO: Run Behavior\ReadHtmlCacheBehavior [ RunTime:0.003000s ]
INFO: [ app_begin ] --END-- [ RunTime:0.005000s ]
SQL: SHOW COLUMNS FROM `guanyintea` [ RunTime:0.0030s ]
SQL: SHOW COLUMNS FROM `guanyintea` [ RunTime:0.0040s ]
SQL: SELECT `title` FROM `guanyintea` WHERE ( product_id=10001 )  [ RunTime:0.0010s ]
NOTIC: [8] Undefined index: total_num D:\wamp\www\lero\1\Application\Home\Model\CartModel.class.php 第 29 行.
NOTIC: [8] Undefined index: new_price D:\wamp\www\lero\1\Application\Home\Controller\MessageController.class.php 第 33 行.
INFO: [ view_parse ] --START--
INFO: [ template_filter ] --START--
INFO: Run Behavior\ContentReplaceBehavior [ RunTime:0.001000s ]
INFO: [ template_filter ] --END-- [ RunTime:0.003000s ]
INFO: Run Behavior\ParseTemplateBehavior [ RunTime:0.052003s ]
INFO: [ view_parse ] --END-- [ RunTime:0.054004s ]
INFO: [ view_filter ] --START--
INFO: Run Behavior\WriteHtmlCacheBehavior [ RunTime:0.003000s ]
INFO: [ view_filter ] --END-- [ RunTime:0.004000s ]
INFO: [ app_end ] --START--
INFO: Run Behavior\ShowPageTraceBehavior [ RunTime:0.001000s ]
INFO: [ app_end ] --END-- [ RunTime:0.003000s ]

[ 2015-12-09T20:15:19+08:00 ] 127.0.0.1 /home/message/buy_now.html
INFO: [ app_begin ] --START--
INFO: Run Behavior\ReadHtmlCacheBehavior [ RunTime:0.003000s ]
INFO: [ app_begin ] --END-- [ RunTime:0.006000s ]
SQL: SHOW COLUMNS FROM `guanyintea` [ RunTime:0.0030s ]
SQL: SHOW COLUMNS FROM `guanyintea` [ RunTime:0.0030s ]
SQL: SELECT `title` FROM `guanyintea` WHERE ( product_id=10001 )  [ RunTime:0.0010s ]
NOTIC: [8] Undefined index: total_num D:\wamp\www\lero\1\Application\Home\Model\CartModel.class.php 第 29 行.
NOTIC: [8] Undefined index: new_price D:\wamp\www\lero\1\Application\Home\Controller\MessageController.class.php 第 33 行.
INFO: [ view_parse ] --START--
INFO: [ template_filter ] --START--
INFO: Run Behavior\ContentReplaceBehavior [ RunTime:0.001001s ]
INFO: [ template_filter ] --END-- [ RunTime:0.004001s ]
INFO: Run Behavior\ParseTemplateBehavior [ RunTime:0.052003s ]
INFO: [ view_parse ] --END-- [ RunTime:0.054003s ]
INFO: [ view_filter ] --START--
INFO: Run Behavior\WriteHtmlCacheBehavior [ RunTime:0.002000s ]
INFO: [ view_filter ] --END-- [ RunTime:0.004000s ]
INFO: [ app_end ] --START--
INFO: Run Behavior\ShowPageTraceBehavior [ RunTime:0.001000s ]
INFO: [ app_end ] --END-- [ RunTime:0.003000s ]

[ 2015-12-09T20:15:19+08:00 ] 127.0.0.1 /home/message/buy_now.html
INFO: [ app_begin ] --START--
INFO: Run Behavior\ReadHtmlCacheBehavior [ RunTime:0.001000s ]
INFO: [ app_begin ] --END-- [ RunTime:0.004000s ]
SQL: SHOW COLUMNS FROM `guanyintea` [ RunTime:0.0050s ]
SQL: SHOW COLUMNS FROM `guanyintea` [ RunTime:0.0040s ]
SQL: SELECT `title` FROM `guanyintea` WHERE ( product_id=10001 )  [ RunTime:0.0010s ]
NOTIC: [8] Undefined index: total_num D:\wamp\www\lero\1\Application\Home\Model\CartModel.class.php 第 29 行.
NOTIC: [8] Undefined index: new_price D:\wamp\www\lero\1\Application\Home\Controller\MessageController.class.php 第 33 行.
INFO: [ view_parse ] --START--
INFO: [ template_filter ] --START--
INFO: Run Behavior\ContentReplaceBehavior [ RunTime:0.002000s ]
INFO: [ template_filter ] --END-- [ RunTime:0.004000s ]
INFO: Run Behavior\ParseTemplateBehavior [ RunTime:0.053003s ]
INFO: [ view_parse ] --END-- [ RunTime:0.056004s ]
INFO: [ view_filter ] --START--
INFO: Run Behavior\WriteHtmlCacheBehavior [ RunTime:0.001000s ]
INFO: [ view_filter ] --END-- [ RunTime:0.004000s ]
INFO: [ app_end ] --START--
INFO: Run Behavior\ShowPageTraceBehavior [ RunTime:0.002000s ]
INFO: [ app_end ] --END-- [ RunTime:0.006000s ]

[ 2015-12-09T20:15:19+08:00 ] 127.0.0.1 /home/message/buy_now.html
INFO: [ app_begin ] --START--
INFO: Run Behavior\ReadHtmlCacheBehavior [ RunTime:0.002000s ]
INFO: [ app_begin ] --END-- [ RunTime:0.005000s ]
SQL: SHOW COLUMNS FROM `guanyintea` [ RunTime:0.0040s ]
SQL: SHOW COLUMNS FROM `guanyintea` [ RunTime:0.0030s ]
SQL: SELECT `title` FROM `guanyintea` WHERE ( product_id=10001 )  [ RunTime:0.0010s ]
NOTIC: [8] Undefined index: total_num D:\wamp\www\lero\1\Application\Home\Model\CartModel.class.php 第 29 行.
NOTIC: [8] Undefined index: new_price D:\wamp\www\lero\1\Application\Home\Controller\MessageController.class.php 第 33 行.
INFO: [ view_parse ] --START--
INFO: [ template_filter ] --START--
INFO: Run Behavior\ContentReplaceBehavior [ RunTime:0.001000s ]
INFO: [ template_filter ] --END-- [ RunTime:0.004001s ]
INFO: Run Behavior\ParseTemplateBehavior [ RunTime:0.056003s ]
INFO: [ view_parse ] --END-- [ RunTime:0.058003s ]
INFO: [ view_filter ] --START--
INFO: Run Behavior\WriteHtmlCacheBehavior [ RunTime:0.001000s ]
INFO: [ view_filter ] --END-- [ RunTime:0.005000s ]
INFO: [ app_end ] --START--
INFO: Run Behavior\ShowPageTraceBehavior [ RunTime:0.002000s ]
INFO: [ app_end ] --END-- [ RunTime:0.006001s ]

[ 2015-12-09T20:15:20+08:00 ] 127.0.0.1 /home/message/buy_now.html
INFO: [ app_begin ] --START--
INFO: Run Behavior\ReadHtmlCacheBehavior [ RunTime:0.003000s ]
INFO: [ app_begin ] --END-- [ RunTime:0.005000s ]
SQL: SHOW COLUMNS FROM `guanyintea` [ RunTime:0.0040s ]
SQL: SHOW COLUMNS FROM `guanyintea` [ RunTime:0.0040s ]
SQL: SELECT `title` FROM `guanyintea` WHERE ( product_id=10001 )  [ RunTime:0.0010s ]
NOTIC: [8] Undefined index: total_num D:\wamp\www\lero\1\Application\Home\Model\CartModel.class.php 第 29 行.
NOTIC: [8] Undefined index: new_price D:\wamp\www\lero\1\Application\Home\Controller\MessageController.class.php 第 33 行.
INFO: [ view_parse ] --START--
INFO: [ template_filter ] --START--
INFO: Run Behavior\ContentReplaceBehavior [ RunTime:0.002000s ]
INFO: [ template_filter ] --END-- [ RunTime:0.004000s ]
INFO: Run Behavior\ParseTemplateBehavior [ RunTime:0.059004s ]
INFO: [ view_parse ] --END-- [ RunTime:0.061004s ]
INFO: [ view_filter ] --START--
INFO: Run Behavior\WriteHtmlCacheBehavior [ RunTime:0.002000s ]
INFO: [ view_filter ] --END-- [ RunTime:0.004000s ]
INFO: [ app_end ] --START--
INFO: Run Behavior\ShowPageTraceBehavior [ RunTime:0.002000s ]
INFO: [ app_end ] --END-- [ RunTime:0.004001s ]

[ 2015-12-09T20:15:21+08:00 ] 127.0.0.1 /home/message/buy_now.html
INFO: [ app_begin ] --START--
INFO: Run Behavior\ReadHtmlCacheBehavior [ RunTime:0.002000s ]
INFO: [ app_begin ] --END-- [ RunTime:0.004000s ]
SQL: SHOW COLUMNS FROM `guanyintea` [ RunTime:0.0040s ]
SQL: SHOW COLUMNS FROM `guanyintea` [ RunTime:0.0040s ]
SQL: SELECT `title` FROM `guanyintea` WHERE ( product_id=10001 )  [ RunTime:0.0010s ]
NOTIC: [8] Undefined index: total_num D:\wamp\www\lero\1\Application\Home\Model\CartModel.class.php 第 29 行.
NOTIC: [8] Undefined index: new_price D:\wamp\www\lero\1\Application\Home\Controller\MessageController.class.php 第 33 行.
INFO: [ view_parse ] --START--
INFO: [ template_filter ] --START--
INFO: Run Behavior\ContentReplaceBehavior [ RunTime:0.002001s ]
INFO: [ template_filter ] --END-- [ RunTime:0.004001s ]
INFO: Run Behavior\ParseTemplateBehavior [ RunTime:0.055003s ]
INFO: [ view_parse ] --END-- [ RunTime:0.057003s ]
INFO: [ view_filter ] --START--
INFO: Run Behavior\WriteHtmlCacheBehavior [ RunTime:0.002000s ]
INFO: [ view_filter ] --END-- [ RunTime:0.004000s ]
INFO: [ app_end ] --START--
INFO: Run Behavior\ShowPageTraceBehavior [ RunTime:0.002000s ]
INFO: [ app_end ] --END-- [ RunTime:0.005000s ]

[ 2015-12-09T20:15:21+08:00 ] 127.0.0.1 /home/message/buy_now.html
INFO: [ app_begin ] --START--
INFO: Run Behavior\ReadHtmlCacheBehavior [ RunTime:0.002000s ]
INFO: [ app_begin ] --END-- [ RunTime:0.004000s ]
SQL: SHOW COLUMNS FROM `guanyintea` [ RunTime:0.0040s ]
SQL: SHOW COLUMNS FROM `guanyintea` [ RunTime:0.0040s ]
SQL: SELECT `title` FROM `guanyintea` WHERE ( product_id=10001 )  [ RunTime:0.0020s ]
NOTIC: [8] Undefined index: total_num D:\wamp\www\lero\1\Application\Home\Model\CartModel.class.php 第 29 行.
NOTIC: [8] Undefined index: new_price D:\wamp\www\lero\1\Application\Home\Controller\MessageController.class.php 第 33 行.
INFO: [ view_parse ] --START--
INFO: [ template_filter ] --START--
INFO: Run Behavior\ContentReplaceBehavior [ RunTime:0.002000s ]
INFO: [ template_filter ] --END-- [ RunTime:0.005000s ]
INFO: Run Behavior\ParseTemplateBehavior [ RunTime:0.073005s ]
INFO: [ view_parse ] --END-- [ RunTime:0.077005s ]
INFO: [ view_filter ] --START--
INFO: Run Behavior\WriteHtmlCacheBehavior [ RunTime:0.003000s ]
INFO: [ view_filter ] --END-- [ RunTime:0.007000s ]
INFO: [ app_end ] --START--
INFO: Run Behavior\ShowPageTraceBehavior [ RunTime:0.003001s ]
INFO: [ app_end ] --END-- [ RunTime:0.006001s ]

[ 2015-12-09T20:15:21+08:00 ] 127.0.0.1 /home/message/buy_now.html
INFO: [ app_begin ] --START--
INFO: Run Behavior\ReadHtmlCacheBehavior [ RunTime:0.003001s ]
INFO: [ app_begin ] --END-- [ RunTime:0.008001s ]
SQL: SHOW COLUMNS FROM `guanyintea` [ RunTime:0.0040s ]
SQL: SHOW COLUMNS FROM `guanyintea` [ RunTime:0.0050s ]
SQL: SELECT `title` FROM `guanyintea` WHERE ( product_id=10001 )  [ RunTime:0.0020s ]
NOTIC: [8] Undefined index: total_num D:\wamp\www\lero\1\Application\Home\Model\CartModel.class.php 第 29 行.
NOTIC: [8] Undefined index: new_price D:\wamp\www\lero\1\Application\Home\Controller\MessageController.class.php 第 33 行.
INFO: [ view_parse ] --START--
INFO: [ template_filter ] --START--
INFO: Run Behavior\ContentReplaceBehavior [ RunTime:0.003001s ]
INFO: [ template_filter ] --END-- [ RunTime:0.006001s ]
INFO: Run Behavior\ParseTemplateBehavior [ RunTime:0.069004s ]
INFO: [ view_parse ] --END-- [ RunTime:0.073004s ]
INFO: [ view_filter ] --START--
INFO: Run Behavior\WriteHtmlCacheBehavior [ RunTime:0.002000s ]
INFO: [ view_filter ] --END-- [ RunTime:0.005001s ]
INFO: [ app_end ] --START--
INFO: Run Behavior\ShowPageTraceBehavior [ RunTime:0.002000s ]
INFO: [ app_end ] --END-- [ RunTime:0.011000s ]

[ 2015-12-09T20:15:21+08:00 ] 127.0.0.1 /home/message/buy_now.html
INFO: [ app_begin ] --START--
INFO: Run Behavior\ReadHtmlCacheBehavior [ RunTime:0.002000s ]
INFO: [ app_begin ] --END-- [ RunTime:0.009000s ]
SQL: SHOW COLUMNS FROM `guanyintea` [ RunTime:0.0050s ]
SQL: SHOW COLUMNS FROM `guanyintea` [ RunTime:0.0040s ]
SQL: SELECT `title` FROM `guanyintea` WHERE ( product_id=10001 )  [ RunTime:0.0010s ]
NOTIC: [8] Undefined index: total_num D:\wamp\www\lero\1\Application\Home\Model\CartModel.class.php 第 29 行.
NOTIC: [8] Undefined index: new_price D:\wamp\www\lero\1\Application\Home\Controller\MessageController.class.php 第 33 行.
INFO: [ view_parse ] --START--
INFO: [ template_filter ] --START--
INFO: Run Behavior\ContentReplaceBehavior [ RunTime:0.002000s ]
INFO: [ template_filter ] --END-- [ RunTime:0.005000s ]
INFO: Run Behavior\ParseTemplateBehavior [ RunTime:0.068004s ]
INFO: [ view_parse ] --END-- [ RunTime:0.071004s ]
INFO: [ view_filter ] --START--
INFO: Run Behavior\WriteHtmlCacheBehavior [ RunTime:0.002000s ]
INFO: [ view_filter ] --END-- [ RunTime:0.005000s ]
INFO: [ app_end ] --START--
INFO: Run Behavior\ShowPageTraceBehavior [ RunTime:0.002000s ]
INFO: [ app_end ] --END-- [ RunTime:0.004000s ]

[ 2015-12-09T20:15:21+08:00 ] 127.0.0.1 /home/message/buy_now.html
INFO: [ app_begin ] --START--
INFO: Run Behavior\ReadHtmlCacheBehavior [ RunTime:0.002000s ]
INFO: [ app_begin ] --END-- [ RunTime:0.005000s ]
SQL: SHOW COLUMNS FROM `guanyintea` [ RunTime:0.0040s ]
SQL: SHOW COLUMNS FROM `guanyintea` [ RunTime:0.0040s ]
SQL: SELECT `title` FROM `guanyintea` WHERE ( product_id=10001 )  [ RunTime:0.0010s ]
NOTIC: [8] Undefined index: total_num D:\wamp\www\lero\1\Application\Home\Model\CartModel.class.php 第 29 行.
NOTIC: [8] Undefined index: new_price D:\wamp\www\lero\1\Application\Home\Controller\MessageController.class.php 第 33 行.
INFO: [ view_parse ] --START--
INFO: [ template_filter ] --START--
INFO: Run Behavior\ContentReplaceBehavior [ RunTime:0.002001s ]
INFO: [ template_filter ] --END-- [ RunTime:0.003001s ]
INFO: Run Behavior\ParseTemplateBehavior [ RunTime:0.054003s ]
INFO: [ view_parse ] --END-- [ RunTime:0.056003s ]
INFO: [ view_filter ] --START--
INFO: Run Behavior\WriteHtmlCacheBehavior [ RunTime:0.002000s ]
INFO: [ view_filter ] --END-- [ RunTime:0.004000s ]
INFO: [ app_end ] --START--
INFO: Run Behavior\ShowPageTraceBehavior [ RunTime:0.002000s ]
INFO: [ app_end ] --END-- [ RunTime:0.004001s ]

[ 2015-12-09T20:15:25+08:00 ] 127.0.0.1 /home/message/get_cart_info_ajax.html
INFO: [ app_begin ] --START--
INFO: Run Behavior\ReadHtmlCacheBehavior [ RunTime:0.008000s ]
INFO: [ app_begin ] --END-- [ RunTime:0.013001s ]

[ 2015-12-09T20:15:28+08:00 ] 127.0.0.1 /home/message/buy_now.html
INFO: [ app_begin ] --START--
INFO: Run Behavior\ReadHtmlCacheBehavior [ RunTime:0.002000s ]
INFO: [ app_begin ] --END-- [ RunTime:0.005000s ]
SQL: SHOW COLUMNS FROM `guanyintea` [ RunTime:0.0040s ]
SQL: SHOW COLUMNS FROM `guanyintea` [ RunTime:0.0030s ]
SQL: SELECT `title` FROM `guanyintea` WHERE ( product_id=10001 )  [ RunTime:0.0020s ]
NOTIC: [8] Undefined index: total_num D:\wamp\www\lero\1\Application\Home\Model\CartModel.class.php 第 29 行.
NOTIC: [8] Undefined index: new_price D:\wamp\www\lero\1\Application\Home\Controller\MessageController.class.php 第 33 行.
INFO: [ view_parse ] --START--
INFO: [ template_filter ] --START--
INFO: Run Behavior\ContentReplaceBehavior [ RunTime:0.002000s ]
INFO: [ template_filter ] --END-- [ RunTime:0.004000s ]
INFO: Run Behavior\ParseTemplateBehavior [ RunTime:0.054003s ]
INFO: [ view_parse ] --END-- [ RunTime:0.055003s ]
INFO: [ view_filter ] --START--
INFO: Run Behavior\WriteHtmlCacheBehavior [ RunTime:0.002001s ]
INFO: [ view_filter ] --END-- [ RunTime:0.004001s ]
INFO: [ app_end ] --START--
INFO: Run Behavior\ShowPageTraceBehavior [ RunTime:0.002000s ]
INFO: [ app_end ] --END-- [ RunTime:0.004000s ]

[ 2015-12-09T20:15:29+08:00 ] 127.0.0.1 /home/message/buy_now.html
INFO: [ app_begin ] --START--
INFO: Run Behavior\ReadHtmlCacheBehavior [ RunTime:0.002000s ]
INFO: [ app_begin ] --END-- [ RunTime:0.004000s ]
SQL: SHOW COLUMNS FROM `guanyintea` [ RunTime:0.0030s ]
SQL: SHOW COLUMNS FROM `guanyintea` [ RunTime:0.0030s ]
SQL: SELECT `title` FROM `guanyintea` WHERE ( product_id=10001 )  [ RunTime:0.0010s ]
NOTIC: [8] Undefined index: total_num D:\wamp\www\lero\1\Application\Home\Model\CartModel.class.php 第 29 行.
NOTIC: [8] Undefined index: new_price D:\wamp\www\lero\1\Application\Home\Controller\MessageController.class.php 第 33 行.
INFO: [ view_parse ] --START--
INFO: [ template_filter ] --START--
INFO: Run Behavior\ContentReplaceBehavior [ RunTime:0.002000s ]
INFO: [ template_filter ] --END-- [ RunTime:0.005000s ]
INFO: Run Behavior\ParseTemplateBehavior [ RunTime:0.052003s ]
INFO: [ view_parse ] --END-- [ RunTime:0.054003s ]
INFO: [ view_filter ] --START--
INFO: Run Behavior\WriteHtmlCacheBehavior [ RunTime:0.002000s ]
INFO: [ view_filter ] --END-- [ RunTime:0.004000s ]
INFO: [ app_end ] --START--
INFO: Run Behavior\ShowPageTraceBehavior [ RunTime:0.002000s ]
INFO: [ app_end ] --END-- [ RunTime:0.006000s ]

[ 2015-12-09T20:15:29+08:00 ] 127.0.0.1 /home/message/buy_now.html
INFO: [ app_begin ] --START--
INFO: Run Behavior\ReadHtmlCacheBehavior [ RunTime:0.001000s ]
INFO: [ app_begin ] --END-- [ RunTime:0.004000s ]
SQL: SHOW COLUMNS FROM `guanyintea` [ RunTime:0.0040s ]
SQL: SHOW COLUMNS FROM `guanyintea` [ RunTime:0.0040s ]
SQL: SELECT `title` FROM `guanyintea` WHERE ( product_id=10001 )  [ RunTime:0.0020s ]
NOTIC: [8] Undefined index: total_num D:\wamp\www\lero\1\Application\Home\Model\CartModel.class.php 第 29 行.
NOTIC: [8] Undefined index: new_price D:\wamp\www\lero\1\Application\Home\Controller\MessageController.class.php 第 33 行.
INFO: [ view_parse ] --START--
INFO: [ template_filter ] --START--
INFO: Run Behavior\ContentReplaceBehavior [ RunTime:0.002000s ]
INFO: [ template_filter ] --END-- [ RunTime:0.004000s ]
INFO: Run Behavior\ParseTemplateBehavior [ RunTime:0.057003s ]
INFO: [ view_parse ] --END-- [ RunTime:0.060004s ]
INFO: [ view_filter ] --START--
INFO: Run Behavior\WriteHtmlCacheBehavior [ RunTime:0.002000s ]
INFO: [ view_filter ] --END-- [ RunTime:0.005000s ]
INFO: [ app_end ] --START--
INFO: Run Behavior\ShowPageTraceBehavior [ RunTime:0.001000s ]
INFO: [ app_end ] --END-- [ RunTime:0.003000s ]

[ 2015-12-09T20:15:30+08:00 ] 127.0.0.1 /home/message/buy_now.html
INFO: [ app_begin ] --START--
INFO: Run Behavior\ReadHtmlCacheBehavior [ RunTime:0.002000s ]
INFO: [ app_begin ] --END-- [ RunTime:0.006000s ]
SQL: SHOW COLUMNS FROM `guanyintea` [ RunTime:0.0050s ]
SQL: SHOW COLUMNS FROM `guanyintea` [ RunTime:0.0050s ]
SQL: SELECT `title` FROM `guanyintea` WHERE ( product_id=10001 )  [ RunTime:0.0010s ]
NOTIC: [8] Undefined index: total_num D:\wamp\www\lero\1\Application\Home\Model\CartModel.class.php 第 29 行.
NOTIC: [8] Undefined index: new_price D:\wamp\www\lero\1\Application\Home\Controller\MessageController.class.php 第 33 行.
INFO: [ view_parse ] --START--
INFO: [ template_filter ] --START--
INFO: Run Behavior\ContentReplaceBehavior [ RunTime:0.002000s ]
INFO: [ template_filter ] --END-- [ RunTime:0.008001s ]
INFO: Run Behavior\ParseTemplateBehavior [ RunTime:0.072004s ]
INFO: [ view_parse ] --END-- [ RunTime:0.074005s ]
INFO: [ view_filter ] --START--
INFO: Run Behavior\WriteHtmlCacheBehavior [ RunTime:0.004000s ]
INFO: [ view_filter ] --END-- [ RunTime:0.008000s ]
INFO: [ app_end ] --START--
INFO: Run Behavior\ShowPageTraceBehavior [ RunTime:0.003001s ]
INFO: [ app_end ] --END-- [ RunTime:0.006001s ]

[ 2015-12-09T20:15:30+08:00 ] 127.0.0.1 /home/message/buy_now.html
INFO: [ app_begin ] --START--
INFO: Run Behavior\ReadHtmlCacheBehavior [ RunTime:0.003000s ]
INFO: [ app_begin ] --END-- [ RunTime:0.006001s ]
SQL: SHOW COLUMNS FROM `guanyintea` [ RunTime:0.0060s ]
SQL: SHOW COLUMNS FROM `guanyintea` [ RunTime:0.0050s ]
SQL: SELECT `title` FROM `guanyintea` WHERE ( product_id=10001 )  [ RunTime:0.0010s ]
NOTIC: [8] Undefined index: total_num D:\wamp\www\lero\1\Application\Home\Model\CartModel.class.php 第 29 行.
NOTIC: [8] Undefined index: new_price D:\wamp\www\lero\1\Application\Home\Controller\MessageController.class.php 第 33 行.
INFO: [ view_parse ] --START--
INFO: [ template_filter ] --START--
INFO: Run Behavior\ContentReplaceBehavior [ RunTime:0.001000s ]
INFO: [ template_filter ] --END-- [ RunTime:0.004000s ]
INFO: Run Behavior\ParseTemplateBehavior [ RunTime:0.070004s ]
INFO: [ view_parse ] --END-- [ RunTime:0.073004s ]
INFO: [ view_filter ] --START--
INFO: Run Behavior\WriteHtmlCacheBehavior [ RunTime:0.002000s ]
INFO: [ view_filter ] --END-- [ RunTime:0.005000s ]
INFO: [ app_end ] --START--
INFO: Run Behavior\ShowPageTraceBehavior [ RunTime:0.002001s ]
INFO: [ app_end ] --END-- [ RunTime:0.004001s ]

[ 2015-12-09T20:15:30+08:00 ] 127.0.0.1 /home/message/buy_now.html
INFO: [ app_begin ] --START--
INFO: Run Behavior\ReadHtmlCacheBehavior [ RunTime:0.002000s ]
INFO: [ app_begin ] --END-- [ RunTime:0.004001s ]
SQL: SHOW COLUMNS FROM `guanyintea` [ RunTime:0.0040s ]
SQL: SHOW COLUMNS FROM `guanyintea` [ RunTime:0.0040s ]
SQL: SELECT `title` FROM `guanyintea` WHERE ( product_id=10001 )  [ RunTime:0.0010s ]
NOTIC: [8] Undefined index: total_num D:\wamp\www\lero\1\Application\Home\Model\CartModel.class.php 第 29 行.
NOTIC: [8] Undefined index: new_price D:\wamp\www\lero\1\Application\Home\Controller\MessageController.class.php 第 33 行.
INFO: [ view_parse ] --START--
INFO: [ template_filter ] --START--
INFO: Run Behavior\ContentReplaceBehavior [ RunTime:0.004000s ]
INFO: [ template_filter ] --END-- [ RunTime:0.008000s ]
INFO: Run Behavior\ParseTemplateBehavior [ RunTime:0.077004s ]
INFO: [ view_parse ] --END-- [ RunTime:0.080004s ]
INFO: [ view_filter ] --START--
INFO: Run Behavior\WriteHtmlCacheBehavior [ RunTime:0.003001s ]
INFO: [ view_filter ] --END-- [ RunTime:0.008001s ]
INFO: [ app_end ] --START--
INFO: Run Behavior\ShowPageTraceBehavior [ RunTime:0.002000s ]
INFO: [ app_end ] --END-- [ RunTime:0.004000s ]

[ 2015-12-09T20:16:13+08:00 ] 127.0.0.1 /home/message/get_cart_info_ajax.html
INFO: [ app_begin ] --START--
INFO: Run Behavior\ReadHtmlCacheBehavior [ RunTime:0.003001s ]
INFO: [ app_begin ] --END-- [ RunTime:0.008001s ]

[ 2015-12-09T20:16:16+08:00 ] 127.0.0.1 /home/message/buy_now.html?product_num=1&product_id=10001
INFO: [ app_begin ] --START--
INFO: Run Behavior\ReadHtmlCacheBehavior [ RunTime:0.002000s ]
INFO: [ app_begin ] --END-- [ RunTime:0.004000s ]
SQL: SHOW COLUMNS FROM `guanyintea` [ RunTime:0.0040s ]
SQL: SHOW COLUMNS FROM `guanyintea` [ RunTime:0.0040s ]
SQL: SELECT `title` FROM `guanyintea` WHERE ( product_id=10001 )  [ RunTime:0.0030s ]
NOTIC: [8] Undefined index: total_num D:\wamp\www\lero\1\Application\Home\Model\CartModel.class.php 第 29 行.
NOTIC: [8] Undefined index: new_price D:\wamp\www\lero\1\Application\Home\Controller\MessageController.class.php 第 33 行.
INFO: [ view_parse ] --START--
INFO: [ template_filter ] --START--
INFO: Run Behavior\ContentReplaceBehavior [ RunTime:0.001000s ]
INFO: [ template_filter ] --END-- [ RunTime:0.003001s ]
INFO: Run Behavior\ParseTemplateBehavior [ RunTime:0.054003s ]
INFO: [ view_parse ] --END-- [ RunTime:0.056003s ]
INFO: [ view_filter ] --START--
INFO: Run Behavior\WriteHtmlCacheBehavior [ RunTime:0.002000s ]
INFO: [ view_filter ] --END-- [ RunTime:0.004000s ]
INFO: [ app_end ] --START--
INFO: Run Behavior\ShowPageTraceBehavior [ RunTime:0.002000s ]
INFO: [ app_end ] --END-- [ RunTime:0.004000s ]

[ 2015-12-09T20:16:17+08:00 ] 127.0.0.1 /home/message/buy_now.html?product_num=1&product_id=10001
INFO: [ app_begin ] --START--
INFO: Run Behavior\ReadHtmlCacheBehavior [ RunTime:0.002000s ]
INFO: [ app_begin ] --END-- [ RunTime:0.004000s ]
SQL: SHOW COLUMNS FROM `guanyintea` [ RunTime:0.0040s ]
SQL: SHOW COLUMNS FROM `guanyintea` [ RunTime:0.0030s ]
SQL: SELECT `title` FROM `guanyintea` WHERE ( product_id=10001 )  [ RunTime:0.0010s ]
NOTIC: [8] Undefined index: total_num D:\wamp\www\lero\1\Application\Home\Model\CartModel.class.php 第 29 行.
NOTIC: [8] Undefined index: new_price D:\wamp\www\lero\1\Application\Home\Controller\MessageController.class.php 第 33 行.
INFO: [ view_parse ] --START--
INFO: [ template_filter ] --START--
INFO: Run Behavior\ContentReplaceBehavior [ RunTime:0.002000s ]
INFO: [ template_filter ] --END-- [ RunTime:0.005000s ]
INFO: Run Behavior\ParseTemplateBehavior [ RunTime:0.054003s ]
INFO: [ view_parse ] --END-- [ RunTime:0.058003s ]
INFO: [ view_filter ] --START--
INFO: Run Behavior\WriteHtmlCacheBehavior [ RunTime:0.002000s ]
INFO: [ view_filter ] --END-- [ RunTime:0.004001s ]
INFO: [ app_end ] --START--
INFO: Run Behavior\ShowPageTraceBehavior [ RunTime:0.001000s ]
INFO: [ app_end ] --END-- [ RunTime:0.004000s ]

[ 2015-12-09T20:16:18+08:00 ] 127.0.0.1 /home/message/buy_now.html?product_num=1&product_id=10001
INFO: [ app_begin ] --START--
INFO: Run Behavior\ReadHtmlCacheBehavior [ RunTime:0.002000s ]
INFO: [ app_begin ] --END-- [ RunTime:0.004000s ]
SQL: SHOW COLUMNS FROM `guanyintea` [ RunTime:0.0040s ]
SQL: SHOW COLUMNS FROM `guanyintea` [ RunTime:0.0040s ]
SQL: SELECT `title` FROM `guanyintea` WHERE ( product_id=10001 )  [ RunTime:0.0010s ]
NOTIC: [8] Undefined index: total_num D:\wamp\www\lero\1\Application\Home\Model\CartModel.class.php 第 29 行.
NOTIC: [8] Undefined index: new_price D:\wamp\www\lero\1\Application\Home\Controller\MessageController.class.php 第 33 行.
INFO: [ view_parse ] --START--
INFO: [ template_filter ] --START--
INFO: Run Behavior\ContentReplaceBehavior [ RunTime:0.002000s ]
INFO: [ template_filter ] --END-- [ RunTime:0.004000s ]
INFO: Run Behavior\ParseTemplateBehavior [ RunTime:0.055004s ]
INFO: [ view_parse ] --END-- [ RunTime:0.057004s ]
INFO: [ view_filter ] --START--
INFO: Run Behavior\WriteHtmlCacheBehavior [ RunTime:0.002000s ]
INFO: [ view_filter ] --END-- [ RunTime:0.004000s ]
INFO: [ app_end ] --START--
INFO: Run Behavior\ShowPageTraceBehavior [ RunTime:0.001000s ]
INFO: [ app_end ] --END-- [ RunTime:0.003000s ]

[ 2015-12-09T20:17:26+08:00 ] 127.0.0.1 /home/message/get_cart_info_ajax.html
INFO: [ app_begin ] --START--
INFO: Run Behavior\ReadHtmlCacheBehavior [ RunTime:0.008000s ]
INFO: [ app_begin ] --END-- [ RunTime:0.023001s ]

[ 2015-12-09T20:17:28+08:00 ] 127.0.0.1 /home/message/buy_now.html?product_num=1&product_id=10001
INFO: [ app_begin ] --START--
INFO: Run Behavior\ReadHtmlCacheBehavior [ RunTime:0.003001s ]
INFO: [ app_begin ] --END-- [ RunTime:0.005001s ]
SQL: SHOW COLUMNS FROM `guanyintea` [ RunTime:0.0040s ]
SQL: SHOW COLUMNS FROM `guanyintea` [ RunTime:0.0050s ]
SQL: SELECT `title` FROM `guanyintea` WHERE ( product_id=10001 )  [ RunTime:0.0010s ]
NOTIC: [8] Undefined index: total_num D:\wamp\www\lero\1\Application\Home\Model\CartModel.class.php 第 29 行.
NOTIC: [8] Undefined index: new_price D:\wamp\www\lero\1\Application\Home\Controller\MessageController.class.php 第 33 行.
INFO: [ view_parse ] --START--
INFO: [ template_filter ] --START--
INFO: Run Behavior\ContentReplaceBehavior [ RunTime:0.002000s ]
INFO: [ template_filter ] --END-- [ RunTime:0.004000s ]
INFO: Run Behavior\ParseTemplateBehavior [ RunTime:0.053003s ]
INFO: [ view_parse ] --END-- [ RunTime:0.055003s ]
INFO: [ view_filter ] --START--
INFO: Run Behavior\WriteHtmlCacheBehavior [ RunTime:0.003000s ]
INFO: [ view_filter ] --END-- [ RunTime:0.004000s ]
INFO: [ app_end ] --START--
INFO: Run Behavior\ShowPageTraceBehavior [ RunTime:0.001000s ]
INFO: [ app_end ] --END-- [ RunTime:0.003001s ]

[ 2015-12-09T20:17:30+08:00 ] 127.0.0.1 /home/message/buy_now.html?product_num=1&product_id=10001
INFO: [ app_begin ] --START--
INFO: Run Behavior\ReadHtmlCacheBehavior [ RunTime:0.002000s ]
INFO: [ app_begin ] --END-- [ RunTime:0.005000s ]
SQL: SHOW COLUMNS FROM `guanyintea` [ RunTime:0.0040s ]
SQL: SHOW COLUMNS FROM `guanyintea` [ RunTime:0.0040s ]
SQL: SELECT `title` FROM `guanyintea` WHERE ( product_id=10001 )  [ RunTime:0.0020s ]
NOTIC: [8] Undefined index: total_num D:\wamp\www\lero\1\Application\Home\Model\CartModel.class.php 第 29 行.
NOTIC: [8] Undefined index: new_price D:\wamp\www\lero\1\Application\Home\Controller\MessageController.class.php 第 33 行.
INFO: [ view_parse ] --START--
INFO: [ template_filter ] --START--
INFO: Run Behavior\ContentReplaceBehavior [ RunTime:0.002000s ]
INFO: [ template_filter ] --END-- [ RunTime:0.004000s ]
INFO: Run Behavior\ParseTemplateBehavior [ RunTime:0.054003s ]
INFO: [ view_parse ] --END-- [ RunTime:0.057004s ]
INFO: [ view_filter ] --START--
INFO: Run Behavior\WriteHtmlCacheBehavior [ RunTime:0.002000s ]
INFO: [ view_filter ] --END-- [ RunTime:0.004000s ]
INFO: [ app_end ] --START--
INFO: Run Behavior\ShowPageTraceBehavior [ RunTime:0.002000s ]
INFO: [ app_end ] --END-- [ RunTime:0.004000s ]

[ 2015-12-09T20:17:30+08:00 ] 127.0.0.1 /home/message/buy_now.html?product_num=1&product_id=10001
INFO: [ app_begin ] --START--
INFO: Run Behavior\ReadHtmlCacheBehavior [ RunTime:0.002000s ]
INFO: [ app_begin ] --END-- [ RunTime:0.004000s ]
SQL: SHOW COLUMNS FROM `guanyintea` [ RunTime:0.0040s ]
SQL: SHOW COLUMNS FROM `guanyintea` [ RunTime:0.0040s ]
SQL: SELECT `title` FROM `guanyintea` WHERE ( product_id=10001 )  [ RunTime:0.0010s ]
NOTIC: [8] Undefined index: total_num D:\wamp\www\lero\1\Application\Home\Model\CartModel.class.php 第 29 行.
NOTIC: [8] Undefined index: new_price D:\wamp\www\lero\1\Application\Home\Controller\MessageController.class.php 第 33 行.
INFO: [ view_parse ] --START--
INFO: [ template_filter ] --START--
INFO: Run Behavior\ContentReplaceBehavior [ RunTime:0.001000s ]
INFO: [ template_filter ] --END-- [ RunTime:0.003001s ]
INFO: Run Behavior\ParseTemplateBehavior [ RunTime:0.054003s ]
INFO: [ view_parse ] --END-- [ RunTime:0.056003s ]
INFO: [ view_filter ] --START--
INFO: Run Behavior\WriteHtmlCacheBehavior [ RunTime:0.002000s ]
INFO: [ view_filter ] --END-- [ RunTime:0.004000s ]
INFO: [ app_end ] --START--
INFO: Run Behavior\ShowPageTraceBehavior [ RunTime:0.002000s ]
INFO: [ app_end ] --END-- [ RunTime:0.004000s ]

[ 2015-12-09T20:17:30+08:00 ] 127.0.0.1 /home/message/buy_now.html?product_num=1&product_id=10001
INFO: [ app_begin ] --START--
INFO: Run Behavior\ReadHtmlCacheBehavior [ RunTime:0.002000s ]
INFO: [ app_begin ] --END-- [ RunTime:0.005000s ]
SQL: SHOW COLUMNS FROM `guanyintea` [ RunTime:0.0050s ]
SQL: SHOW COLUMNS FROM `guanyintea` [ RunTime:0.0040s ]
SQL: SELECT `title` FROM `guanyintea` WHERE ( product_id=10001 )  [ RunTime:0.0010s ]
NOTIC: [8] Undefined index: total_num D:\wamp\www\lero\1\Application\Home\Model\CartModel.class.php 第 29 行.
NOTIC: [8] Undefined index: new_price D:\wamp\www\lero\1\Application\Home\Controller\MessageController.class.php 第 33 行.
INFO: [ view_parse ] --START--
INFO: [ template_filter ] --START--
INFO: Run Behavior\ContentReplaceBehavior [ RunTime:0.002000s ]
INFO: [ template_filter ] --END-- [ RunTime:0.004000s ]
INFO: Run Behavior\ParseTemplateBehavior [ RunTime:0.055003s ]
INFO: [ view_parse ] --END-- [ RunTime:0.057003s ]
INFO: [ view_filter ] --START--
INFO: Run Behavior\WriteHtmlCacheBehavior [ RunTime:0.002000s ]
INFO: [ view_filter ] --END-- [ RunTime:0.004000s ]
INFO: [ app_end ] --START--
INFO: Run Behavior\ShowPageTraceBehavior [ RunTime:0.002000s ]
INFO: [ app_end ] --END-- [ RunTime:0.004000s ]

[ 2015-12-09T20:17:30+08:00 ] 127.0.0.1 /home/message/buy_now.html?product_num=1&product_id=10001
INFO: [ app_begin ] --START--
INFO: Run Behavior\ReadHtmlCacheBehavior [ RunTime:0.002000s ]
INFO: [ app_begin ] --END-- [ RunTime:0.005000s ]
SQL: SHOW COLUMNS FROM `guanyintea` [ RunTime:0.0040s ]
SQL: SHOW COLUMNS FROM `guanyintea` [ RunTime:0.0040s ]
SQL: SELECT `title` FROM `guanyintea` WHERE ( product_id=10001 )  [ RunTime:0.0010s ]
NOTIC: [8] Undefined index: total_num D:\wamp\www\lero\1\Application\Home\Model\CartModel.class.php 第 29 行.
NOTIC: [8] Undefined index: new_price D:\wamp\www\lero\1\Application\Home\Controller\MessageController.class.php 第 33 行.
INFO: [ view_parse ] --START--
INFO: [ template_filter ] --START--
INFO: Run Behavior\ContentReplaceBehavior [ RunTime:0.004000s ]
INFO: [ template_filter ] --END-- [ RunTime:0.009001s ]
INFO: Run Behavior\ParseTemplateBehavior [ RunTime:0.081004s ]
INFO: [ view_parse ] --END-- [ RunTime:0.084005s ]
INFO: [ view_filter ] --START--
INFO: Run Behavior\WriteHtmlCacheBehavior [ RunTime:0.002000s ]
INFO: [ view_filter ] --END-- [ RunTime:0.006000s ]
INFO: [ app_end ] --START--
INFO: Run Behavior\ShowPageTraceBehavior [ RunTime:0.004000s ]
INFO: [ app_end ] --END-- [ RunTime:0.008001s ]

[ 2015-12-09T20:17:51+08:00 ] 127.0.0.1 /home/message/get_cart_info_ajax.html
INFO: [ app_begin ] --START--
INFO: Run Behavior\ReadHtmlCacheBehavior [ RunTime:0.003000s ]
INFO: [ app_begin ] --END-- [ RunTime:0.005000s ]

[ 2015-12-09T20:17:53+08:00 ] 127.0.0.1 /home/message/buy_now.html?product_num=1&product_id=10001
INFO: [ app_begin ] --START--
INFO: Run Behavior\ReadHtmlCacheBehavior [ RunTime:0.003000s ]
INFO: [ app_begin ] --END-- [ RunTime:0.007000s ]
SQL: SHOW COLUMNS FROM `guanyintea` [ RunTime:0.0060s ]
SQL: SHOW COLUMNS FROM `guanyintea` [ RunTime:0.0070s ]
SQL: SELECT `title` FROM `guanyintea` WHERE ( product_id=10001 )  [ RunTime:0.0010s ]
NOTIC: [8] Undefined index: total_num D:\wamp\www\lero\1\Application\Home\Model\CartModel.class.php 第 29 行.
NOTIC: [8] Undefined index: new_price D:\wamp\www\lero\1\Application\Home\Controller\MessageController.class.php 第 33 行.
INFO: [ view_parse ] --START--
INFO: [ template_filter ] --START--
INFO: Run Behavior\ContentReplaceBehavior [ RunTime:0.001000s ]
INFO: [ template_filter ] --END-- [ RunTime:0.004000s ]
INFO: Run Behavior\ParseTemplateBehavior [ RunTime:0.063004s ]
INFO: [ view_parse ] --END-- [ RunTime:0.065004s ]
INFO: [ view_filter ] --START--
INFO: Run Behavior\WriteHtmlCacheBehavior [ RunTime:0.002000s ]
INFO: [ view_filter ] --END-- [ RunTime:0.004000s ]
INFO: [ app_end ] --START--
INFO: Run Behavior\ShowPageTraceBehavior [ RunTime:0.002000s ]
INFO: [ app_end ] --END-- [ RunTime:0.004000s ]

[ 2015-12-09T20:20:12+08:00 ] 127.0.0.1 /home/message/get_cart_info_ajax.html
INFO: [ app_begin ] --START--
INFO: Run Behavior\ReadHtmlCacheBehavior [ RunTime:0.004001s ]
INFO: [ app_begin ] --END-- [ RunTime:0.009001s ]

[ 2015-12-09T20:20:19+08:00 ] 127.0.0.1 /home/message/get_cart_info_ajax.html
INFO: [ app_begin ] --START--
INFO: Run Behavior\ReadHtmlCacheBehavior [ RunTime:0.006000s ]
INFO: [ app_begin ] --END-- [ RunTime:0.012000s ]

[ 2015-12-09T20:20:20+08:00 ] 127.0.0.1 /home/message/test.html?product_num=1&product_id=10001
INFO: [ app_begin ] --START--
INFO: Run Behavior\ReadHtmlCacheBehavior [ RunTime:0.002001s ]
INFO: [ app_begin ] --END-- [ RunTime:0.006001s ]

[ 2015-12-09T20:20:30+08:00 ] 127.0.0.1 /home/message/test.html?product_num=1&product_id=10001
INFO: [ app_begin ] --START--
INFO: Run Behavior\ReadHtmlCacheBehavior [ RunTime:0.002000s ]
INFO: [ app_begin ] --END-- [ RunTime:0.004000s ]

[ 2015-12-09T20:23:50+08:00 ] 127.0.0.1 /home/message/get_cart_info_ajax.html
INFO: [ app_begin ] --START--
INFO: Run Behavior\ReadHtmlCacheBehavior [ RunTime:0.004000s ]
INFO: [ app_begin ] --END-- [ RunTime:0.008001s ]

[ 2015-12-09T20:23:51+08:00 ] 127.0.0.1 /home/message/buy_now.html?product_num=1&product_id=10001
INFO: [ app_begin ] --START--
INFO: Run Behavior\ReadHtmlCacheBehavior [ RunTime:0.002000s ]
INFO: [ app_begin ] --END-- [ RunTime:0.005000s ]
SQL: SHOW COLUMNS FROM `guanyintea` [ RunTime:0.0030s ]
SQL: SHOW COLUMNS FROM `guanyintea` [ RunTime:0.0040s ]
SQL: SELECT `title` FROM `guanyintea` WHERE ( product_id=10001 )  [ RunTime:0.0010s ]
NOTIC: [8] Undefined index: total_num D:\wamp\www\lero\1\Application\Home\Model\CartModel.class.php 第 29 行.
NOTIC: [8] Undefined index: new_price D:\wamp\www\lero\1\Application\Home\Controller\MessageController.class.php 第 42 行.
INFO: [ view_parse ] --START--
INFO: [ template_filter ] --START--
INFO: Run Behavior\ContentReplaceBehavior [ RunTime:0.003001s ]
INFO: [ template_filter ] --END-- [ RunTime:0.006001s ]
INFO: Run Behavior\ParseTemplateBehavior [ RunTime:0.082005s ]
INFO: [ view_parse ] --END-- [ RunTime:0.085005s ]
INFO: [ view_filter ] --START--
INFO: Run Behavior\WriteHtmlCacheBehavior [ RunTime:0.003001s ]
INFO: [ view_filter ] --END-- [ RunTime:0.005001s ]
INFO: [ app_end ] --START--
INFO: Run Behavior\ShowPageTraceBehavior [ RunTime:0.003000s ]
INFO: [ app_end ] --END-- [ RunTime:0.006000s ]

[ 2015-12-09T20:23:53+08:00 ] 127.0.0.1 /home/message/buy_now.html?product_num=1&product_id=10001
INFO: [ app_begin ] --START--
INFO: Run Behavior\ReadHtmlCacheBehavior [ RunTime:0.002000s ]
INFO: [ app_begin ] --END-- [ RunTime:0.005000s ]
SQL: SHOW COLUMNS FROM `guanyintea` [ RunTime:0.0030s ]
SQL: SHOW COLUMNS FROM `guanyintea` [ RunTime:0.0030s ]
SQL: SELECT `title` FROM `guanyintea` WHERE ( product_id=10001 )  [ RunTime:0.0020s ]
NOTIC: [8] Undefined index: total_num D:\wamp\www\lero\1\Application\Home\Model\CartModel.class.php 第 29 行.
NOTIC: [8] Undefined index: new_price D:\wamp\www\lero\1\Application\Home\Controller\MessageController.class.php 第 42 行.
INFO: [ view_parse ] --START--
INFO: [ template_filter ] --START--
INFO: Run Behavior\ContentReplaceBehavior [ RunTime:0.002000s ]
INFO: [ template_filter ] --END-- [ RunTime:0.004000s ]
INFO: Run Behavior\ParseTemplateBehavior [ RunTime:0.051003s ]
INFO: [ view_parse ] --END-- [ RunTime:0.054003s ]
INFO: [ view_filter ] --START--
INFO: Run Behavior\WriteHtmlCacheBehavior [ RunTime:0.001000s ]
INFO: [ view_filter ] --END-- [ RunTime:0.004001s ]
INFO: [ app_end ] --START--
INFO: Run Behavior\ShowPageTraceBehavior [ RunTime:0.003000s ]
INFO: [ app_end ] --END-- [ RunTime:0.006000s ]

[ 2015-12-09T20:23:53+08:00 ] 127.0.0.1 /home/message/buy_now.html?product_num=1&product_id=10001
INFO: [ app_begin ] --START--
INFO: Run Behavior\ReadHtmlCacheBehavior [ RunTime:0.002000s ]
INFO: [ app_begin ] --END-- [ RunTime:0.004000s ]
SQL: SHOW COLUMNS FROM `guanyintea` [ RunTime:0.0040s ]
SQL: SHOW COLUMNS FROM `guanyintea` [ RunTime:0.0040s ]
SQL: SELECT `title` FROM `guanyintea` WHERE ( product_id=10001 )  [ RunTime:0.0010s ]
NOTIC: [8] Undefined index: total_num D:\wamp\www\lero\1\Application\Home\Model\CartModel.class.php 第 29 行.
NOTIC: [8] Undefined index: new_price D:\wamp\www\lero\1\Application\Home\Controller\MessageController.class.php 第 42 行.
INFO: [ view_parse ] --START--
INFO: [ template_filter ] --START--
INFO: Run Behavior\ContentReplaceBehavior [ RunTime:0.002000s ]
INFO: [ template_filter ] --END-- [ RunTime:0.004000s ]
INFO: Run Behavior\ParseTemplateBehavior [ RunTime:0.053003s ]
INFO: [ view_parse ] --END-- [ RunTime:0.055003s ]
INFO: [ view_filter ] --START--
INFO: Run Behavior\WriteHtmlCacheBehavior [ RunTime:0.001000s ]
INFO: [ view_filter ] --END-- [ RunTime:0.003001s ]
INFO: [ app_end ] --START--
INFO: Run Behavior\ShowPageTraceBehavior [ RunTime:0.002000s ]
INFO: [ app_end ] --END-- [ RunTime:0.004000s ]

[ 2015-12-09T20:23:54+08:00 ] 127.0.0.1 /home/message/buy_now.html?product_num=1&product_id=10001
INFO: [ app_begin ] --START--
INFO: Run Behavior\ReadHtmlCacheBehavior [ RunTime:0.002000s ]
INFO: [ app_begin ] --END-- [ RunTime:0.005000s ]
SQL: SHOW COLUMNS FROM `guanyintea` [ RunTime:0.0040s ]
SQL: SHOW COLUMNS FROM `guanyintea` [ RunTime:0.0040s ]
SQL: SELECT `title` FROM `guanyintea` WHERE ( product_id=10001 )  [ RunTime:0.0010s ]
NOTIC: [8] Undefined index: total_num D:\wamp\www\lero\1\Application\Home\Model\CartModel.class.php 第 29 行.
NOTIC: [8] Undefined index: new_price D:\wamp\www\lero\1\Application\Home\Controller\MessageController.class.php 第 42 行.
INFO: [ view_parse ] --START--
INFO: [ template_filter ] --START--
INFO: Run Behavior\ContentReplaceBehavior [ RunTime:0.002000s ]
INFO: [ template_filter ] --END-- [ RunTime:0.004000s ]
INFO: Run Behavior\ParseTemplateBehavior [ RunTime:0.054003s ]
INFO: [ view_parse ] --END-- [ RunTime:0.056003s ]
INFO: [ view_filter ] --START--
INFO: Run Behavior\WriteHtmlCacheBehavior [ RunTime:0.002001s ]
INFO: [ view_filter ] --END-- [ RunTime:0.004001s ]
INFO: [ app_end ] --START--
INFO: Run Behavior\ShowPageTraceBehavior [ RunTime:0.002000s ]
INFO: [ app_end ] --END-- [ RunTime:0.004000s ]

[ 2015-12-09T20:23:54+08:00 ] 127.0.0.1 /home/message/buy_now.html?product_num=1&product_id=10001
INFO: [ app_begin ] --START--
INFO: Run Behavior\ReadHtmlCacheBehavior [ RunTime:0.002000s ]
INFO: [ app_begin ] --END-- [ RunTime:0.006000s ]
SQL: SHOW COLUMNS FROM `guanyintea` [ RunTime:0.0040s ]
SQL: SHOW COLUMNS FROM `guanyintea` [ RunTime:0.0030s ]
SQL: SELECT `title` FROM `guanyintea` WHERE ( product_id=10001 )  [ RunTime:0.0010s ]
NOTIC: [8] Undefined index: total_num D:\wamp\www\lero\1\Application\Home\Model\CartModel.class.php 第 29 行.
NOTIC: [8] Undefined index: new_price D:\wamp\www\lero\1\Application\Home\Controller\MessageController.class.php 第 42 行.
INFO: [ view_parse ] --START--
INFO: [ template_filter ] --START--
INFO: Run Behavior\ContentReplaceBehavior [ RunTime:0.001001s ]
INFO: [ template_filter ] --END-- [ RunTime:0.003001s ]
INFO: Run Behavior\ParseTemplateBehavior [ RunTime:0.053003s ]
INFO: [ view_parse ] --END-- [ RunTime:0.055003s ]
INFO: [ view_filter ] --START--
INFO: Run Behavior\WriteHtmlCacheBehavior [ RunTime:0.001000s ]
INFO: [ view_filter ] --END-- [ RunTime:0.004000s ]
INFO: [ app_end ] --START--
INFO: Run Behavior\ShowPageTraceBehavior [ RunTime:0.002000s ]
INFO: [ app_end ] --END-- [ RunTime:0.004001s ]

[ 2015-12-09T20:23:54+08:00 ] 127.0.0.1 /home/message/buy_now.html?product_num=1&product_id=10001
INFO: [ app_begin ] --START--
INFO: Run Behavior\ReadHtmlCacheBehavior [ RunTime:0.002000s ]
INFO: [ app_begin ] --END-- [ RunTime:0.006000s ]
SQL: SHOW COLUMNS FROM `guanyintea` [ RunTime:0.0050s ]
SQL: SHOW COLUMNS FROM `guanyintea` [ RunTime:0.0030s ]
SQL: SELECT `title` FROM `guanyintea` WHERE ( product_id=10001 )  [ RunTime:0.0010s ]
NOTIC: [8] Undefined index: total_num D:\wamp\www\lero\1\Application\Home\Model\CartModel.class.php 第 29 行.
NOTIC: [8] Undefined index: new_price D:\wamp\www\lero\1\Application\Home\Controller\MessageController.class.php 第 42 行.
INFO: [ view_parse ] --START--
INFO: [ template_filter ] --START--
INFO: Run Behavior\ContentReplaceBehavior [ RunTime:0.002001s ]
INFO: [ template_filter ] --END-- [ RunTime:0.004001s ]
INFO: Run Behavior\ParseTemplateBehavior [ RunTime:0.077005s ]
INFO: [ view_parse ] --END-- [ RunTime:0.080005s ]
INFO: [ view_filter ] --START--
INFO: Run Behavior\WriteHtmlCacheBehavior [ RunTime:0.003000s ]
INFO: [ view_filter ] --END-- [ RunTime:0.007000s ]
INFO: [ app_end ] --START--
INFO: Run Behavior\ShowPageTraceBehavior [ RunTime:0.003000s ]
INFO: [ app_end ] --END-- [ RunTime:0.006000s ]

[ 2015-12-09T20:23:59+08:00 ] 127.0.0.1 /home/message/get_cart_info_ajax.html
INFO: [ app_begin ] --START--
INFO: Run Behavior\ReadHtmlCacheBehavior [ RunTime:0.009000s ]
INFO: [ app_begin ] --END-- [ RunTime:0.016000s ]

[ 2015-12-09T20:24:00+08:00 ] 127.0.0.1 /home/message/get_cart_info_ajax.html
INFO: [ app_begin ] --START--
INFO: Run Behavior\ReadHtmlCacheBehavior [ RunTime:0.004000s ]
INFO: [ app_begin ] --END-- [ RunTime:0.008000s ]

[ 2015-12-09T20:24:03+08:00 ] 127.0.0.1 /home/message/buy_now.html?product_num=1&product_id=10001
INFO: [ app_begin ] --START--
INFO: Run Behavior\ReadHtmlCacheBehavior [ RunTime:0.002000s ]
INFO: [ app_begin ] --END-- [ RunTime:0.005000s ]
SQL: SHOW COLUMNS FROM `guanyintea` [ RunTime:0.0030s ]
SQL: SHOW COLUMNS FROM `guanyintea` [ RunTime:0.0030s ]
SQL: SELECT `title` FROM `guanyintea` WHERE ( product_id=10001 )  [ RunTime:0.0010s ]
NOTIC: [8] Undefined index: total_num D:\wamp\www\lero\1\Application\Home\Model\CartModel.class.php 第 29 行.
NOTIC: [8] Undefined index: new_price D:\wamp\www\lero\1\Application\Home\Controller\MessageController.class.php 第 42 行.
INFO: [ view_parse ] --START--
INFO: [ template_filter ] --START--
INFO: Run Behavior\ContentReplaceBehavior [ RunTime:0.002000s ]
INFO: [ template_filter ] --END-- [ RunTime:0.004000s ]
INFO: Run Behavior\ParseTemplateBehavior [ RunTime:0.057003s ]
INFO: [ view_parse ] --END-- [ RunTime:0.059003s ]
INFO: [ view_filter ] --START--
INFO: Run Behavior\WriteHtmlCacheBehavior [ RunTime:0.002000s ]
INFO: [ view_filter ] --END-- [ RunTime:0.004000s ]
INFO: [ app_end ] --START--
INFO: Run Behavior\ShowPageTraceBehavior [ RunTime:0.002000s ]
INFO: [ app_end ] --END-- [ RunTime:0.004000s ]

[ 2015-12-09T20:25:16+08:00 ] 127.0.0.1 /home/message/get_cart_info_ajax.html
INFO: [ app_begin ] --START--
INFO: Run Behavior\ReadHtmlCacheBehavior [ RunTime:0.006000s ]
INFO: [ app_begin ] --END-- [ RunTime:0.012001s ]

[ 2015-12-09T20:25:26+08:00 ] 127.0.0.1 /home/message/get_cart_info_ajax.html
INFO: [ app_begin ] --START--
INFO: Run Behavior\ReadHtmlCacheBehavior [ RunTime:0.004000s ]
INFO: [ app_begin ] --END-- [ RunTime:0.008000s ]

[ 2015-12-09T20:25:58+08:00 ] 127.0.0.1 /home/message/get_cart_info_ajax.html
INFO: [ app_begin ] --START--
INFO: Run Behavior\ReadHtmlCacheBehavior [ RunTime:0.013000s ]
INFO: [ app_begin ] --END-- [ RunTime:0.022002s ]

[ 2015-12-09T20:27:32+08:00 ] 127.0.0.1 /home/message/get_cart_info_ajax.html
INFO: [ app_begin ] --START--
INFO: Run Behavior\ReadHtmlCacheBehavior [ RunTime:0.003000s ]
INFO: [ app_begin ] --END-- [ RunTime:0.009000s ]

[ 2015-12-09T20:27:38+08:00 ] 127.0.0.1 /home/message/buy_now.html?product_num=1&product_id=10001
INFO: [ app_begin ] --START--
INFO: Run Behavior\ReadHtmlCacheBehavior [ RunTime:0.002000s ]
INFO: [ app_begin ] --END-- [ RunTime:0.005000s ]
SQL: SHOW COLUMNS FROM `guanyintea` [ RunTime:0.0040s ]
SQL: SHOW COLUMNS FROM `guanyintea` [ RunTime:0.0040s ]
SQL: SELECT `title` FROM `guanyintea` WHERE ( product_id=10001 )  [ RunTime:0.0010s ]
NOTIC: [8] Undefined index: total_num D:\wamp\www\lero\1\Application\Home\Model\CartModel.class.php 第 29 行.
NOTIC: [8] Undefined index: new_price D:\wamp\www\lero\1\Application\Home\Controller\MessageController.class.php 第 42 行.
INFO: [ view_parse ] --START--
INFO: [ template_filter ] --START--
INFO: Run Behavior\ContentReplaceBehavior [ RunTime:0.002000s ]
INFO: [ template_filter ] --END-- [ RunTime:0.004000s ]
INFO: Run Behavior\ParseTemplateBehavior [ RunTime:0.066003s ]
INFO: [ view_parse ] --END-- [ RunTime:0.069004s ]
INFO: [ view_filter ] --START--
INFO: Run Behavior\WriteHtmlCacheBehavior [ RunTime:0.001000s ]
INFO: [ view_filter ] --END-- [ RunTime:0.005000s ]
INFO: [ app_end ] --START--
INFO: Run Behavior\ShowPageTraceBehavior [ RunTime:0.002000s ]
INFO: [ app_end ] --END-- [ RunTime:0.004000s ]

[ 2015-12-09T20:27:52+08:00 ] 127.0.0.1 /home/message/get_cart_info_ajax.html
INFO: [ app_begin ] --START--
INFO: Run Behavior\ReadHtmlCacheBehavior [ RunTime:0.011000s ]
INFO: [ app_begin ] --END-- [ RunTime:0.022002s ]

[ 2015-12-09T20:27:55+08:00 ] 127.0.0.1 /home/message/buy_now.html?product_num=1&product_id=10001
INFO: [ app_begin ] --START--
INFO: Run Behavior\ReadHtmlCacheBehavior [ RunTime:0.003000s ]
INFO: [ app_begin ] --END-- [ RunTime:0.007000s ]
SQL: SHOW COLUMNS FROM `guanyintea` [ RunTime:0.0050s ]
SQL: SHOW COLUMNS FROM `guanyintea` [ RunTime:0.0050s ]
SQL: SELECT `title` FROM `guanyintea` WHERE ( product_id=10001 )  [ RunTime:0.0020s ]
NOTIC: [8] Undefined index: total_num D:\wamp\www\lero\1\Application\Home\Model\CartModel.class.php 第 29 行.
NOTIC: [8] Undefined index: new_price D:\wamp\www\lero\1\Application\Home\Controller\MessageController.class.php 第 42 行.
INFO: [ view_parse ] --START--
INFO: [ template_filter ] --START--
INFO: Run Behavior\ContentReplaceBehavior [ RunTime:0.002000s ]
INFO: [ template_filter ] --END-- [ RunTime:0.005000s ]
INFO: Run Behavior\ParseTemplateBehavior [ RunTime:0.118007s ]
INFO: [ view_parse ] --END-- [ RunTime:0.120007s ]
INFO: [ view_filter ] --START--
INFO: Run Behavior\WriteHtmlCacheBehavior [ RunTime:0.002000s ]
INFO: [ view_filter ] --END-- [ RunTime:0.005000s ]
INFO: [ app_end ] --START--
INFO: Run Behavior\ShowPageTraceBehavior [ RunTime:0.003000s ]
INFO: [ app_end ] --END-- [ RunTime:0.004000s ]

[ 2015-12-09T20:28:05+08:00 ] 127.0.0.1 /home/message/get_cart_info_ajax.html
INFO: [ app_begin ] --START--
INFO: Run Behavior\ReadHtmlCacheBehavior [ RunTime:0.004000s ]
INFO: [ app_begin ] --END-- [ RunTime:0.008000s ]

[ 2015-12-09T20:28:08+08:00 ] 127.0.0.1 /home/message/buy_now.html?product_num=3&product_id=10001
INFO: [ app_begin ] --START--
INFO: Run Behavior\ReadHtmlCacheBehavior [ RunTime:0.002001s ]
INFO: [ app_begin ] --END-- [ RunTime:0.005001s ]
SQL: SHOW COLUMNS FROM `guanyintea` [ RunTime:0.0040s ]
SQL: SHOW COLUMNS FROM `guanyintea` [ RunTime:0.0040s ]
SQL: SELECT `title` FROM `guanyintea` WHERE ( product_id=10001 )  [ RunTime:0.0020s ]
NOTIC: [8] Undefined index: total_num D:\wamp\www\lero\1\Application\Home\Model\CartModel.class.php 第 29 行.
NOTIC: [8] Undefined index: new_price D:\wamp\www\lero\1\Application\Home\Controller\MessageController.class.php 第 42 行.
INFO: [ view_parse ] --START--
INFO: [ template_filter ] --START--
INFO: Run Behavior\ContentReplaceBehavior [ RunTime:0.001000s ]
INFO: [ template_filter ] --END-- [ RunTime:0.003000s ]
INFO: Run Behavior\ParseTemplateBehavior [ RunTime:0.054003s ]
INFO: [ view_parse ] --END-- [ RunTime:0.056003s ]
INFO: [ view_filter ] --START--
INFO: Run Behavior\WriteHtmlCacheBehavior [ RunTime:0.002001s ]
INFO: [ view_filter ] --END-- [ RunTime:0.004001s ]
INFO: [ app_end ] --START--
INFO: Run Behavior\ShowPageTraceBehavior [ RunTime:0.003000s ]
INFO: [ app_end ] --END-- [ RunTime:0.005000s ]

[ 2015-12-09T20:28:38+08:00 ] 127.0.0.1 /home/message/get_cart_info_ajax.html
INFO: [ app_begin ] --START--
INFO: Run Behavior\ReadHtmlCacheBehavior [ RunTime:0.003000s ]
INFO: [ app_begin ] --END-- [ RunTime:0.009000s ]

[ 2015-12-09T20:28:43+08:00 ] 127.0.0.1 /home/message/buy_now.html?product_id=10001&product_num=1
INFO: [ app_begin ] --START--
INFO: Run Behavior\ReadHtmlCacheBehavior [ RunTime:0.009001s ]
INFO: [ app_begin ] --END-- [ RunTime:0.014001s ]
SQL: SHOW COLUMNS FROM `guanyintea` [ RunTime:0.0050s ]
SQL: SHOW COLUMNS FROM `guanyintea` [ RunTime:0.0040s ]
SQL: SELECT `title` FROM `guanyintea` WHERE ( product_id=10001 )  [ RunTime:0.0010s ]
NOTIC: [8] Undefined index: total_num D:\wamp\www\lero\1\Application\Home\Model\CartModel.class.php 第 29 行.
NOTIC: [8] Undefined index: new_price D:\wamp\www\lero\1\Application\Home\Controller\MessageController.class.php 第 42 行.
INFO: [ view_parse ] --START--
INFO: [ template_filter ] --START--
INFO: Run Behavior\ContentReplaceBehavior [ RunTime:0.002000s ]
INFO: [ template_filter ] --END-- [ RunTime:0.004000s ]
INFO: Run Behavior\ParseTemplateBehavior [ RunTime:0.055003s ]
INFO: [ view_parse ] --END-- [ RunTime:0.058003s ]
INFO: [ view_filter ] --START--
INFO: Run Behavior\WriteHtmlCacheBehavior [ RunTime:0.002000s ]
INFO: [ view_filter ] --END-- [ RunTime:0.004001s ]
INFO: [ app_end ] --START--
INFO: Run Behavior\ShowPageTraceBehavior [ RunTime:0.002000s ]
INFO: [ app_end ] --END-- [ RunTime:0.005000s ]

[ 2015-12-09T20:30:11+08:00 ] 127.0.0.1 /home/message/buy_now.html?product_id=10001&product_num=1
INFO: [ app_begin ] --START--
INFO: Run Behavior\ReadHtmlCacheBehavior [ RunTime:0.002000s ]
INFO: [ app_begin ] --END-- [ RunTime:0.005000s ]
SQL: SHOW COLUMNS FROM `guanyintea` [ RunTime:0.0040s ]
SQL: SHOW COLUMNS FROM `guanyintea` [ RunTime:0.0040s ]
SQL: SELECT `title` FROM `guanyintea` WHERE ( product_id=10001 )  [ RunTime:0.0010s ]
NOTIC: [8] Undefined index: total_num D:\wamp\www\lero\1\Application\Home\Model\CartModel.class.php 第 29 行.
NOTIC: [8] Undefined index: new_price D:\wamp\www\lero\1\Application\Home\Controller\MessageController.class.php 第 42 行.
NOTIC: [8] Use of undefined constant test - assumed 'test' D:\wamp\www\lero\1\Application\Home\Controller\MessageController.class.php 第 48 行.

[ 2015-12-09T20:47:07+08:00 ] 127.0.0.1 /home/message/get_cart_info_ajax.html
INFO: [ app_begin ] --START--
INFO: Run Behavior\ReadHtmlCacheBehavior [ RunTime:0.014000s ]
INFO: [ app_begin ] --END-- [ RunTime:0.018002s ]

[ 2015-12-09T20:47:21+08:00 ] 127.0.0.1 /home/message/get_cart_info_ajax.html
INFO: [ app_begin ] --START--
INFO: Run Behavior\ReadHtmlCacheBehavior [ RunTime:0.008000s ]
INFO: [ app_begin ] --END-- [ RunTime:0.020001s ]

[ 2015-12-09T20:47:23+08:00 ] 127.0.0.1 /home/message/get_cart_info_ajax.html
INFO: [ app_begin ] --START--
INFO: Run Behavior\ReadHtmlCacheBehavior [ RunTime:0.003000s ]
INFO: [ app_begin ] --END-- [ RunTime:0.009001s ]

[ 2015-12-09T20:47:36+08:00 ] 127.0.0.1 /home/message/get_cart_info_ajax.html
INFO: [ app_begin ] --START--
INFO: Run Behavior\ReadHtmlCacheBehavior [ RunTime:0.010001s ]
INFO: [ app_begin ] --END-- [ RunTime:0.017001s ]

[ 2015-12-09T20:47:38+08:00 ] 127.0.0.1 /home/message/get_cart_info_ajax.html
INFO: [ app_begin ] --START--
INFO: Run Behavior\ReadHtmlCacheBehavior [ RunTime:0.012000s ]
INFO: [ app_begin ] --END-- [ RunTime:0.018001s ]

[ 2015-12-09T20:47:52+08:00 ] 127.0.0.1 /home/message/get_cart_info_ajax.html
INFO: [ app_begin ] --START--
INFO: Run Behavior\ReadHtmlCacheBehavior [ RunTime:0.004000s ]
INFO: [ app_begin ] --END-- [ RunTime:0.008000s ]

[ 2015-12-09T20:47:54+08:00 ] 127.0.0.1 /home/message/get_cart_info_ajax.html
INFO: [ app_begin ] --START--
INFO: Run Behavior\ReadHtmlCacheBehavior [ RunTime:0.004001s ]
INFO: [ app_begin ] --END-- [ RunTime:0.016001s ]

[ 2015-12-09T20:49:02+08:00 ] 127.0.0.1 /home/message/get_cart_info_ajax.html
INFO: [ app_begin ] --START--
INFO: Run Behavior\ReadHtmlCacheBehavior [ RunTime:0.004000s ]
INFO: [ app_begin ] --END-- [ RunTime:0.009001s ]

[ 2015-12-09T20:49:04+08:00 ] 127.0.0.1 /home/message/get_cart_info_ajax.html
INFO: [ app_begin ] --START--
INFO: Run Behavior\ReadHtmlCacheBehavior [ RunTime:0.004000s ]
INFO: [ app_begin ] --END-- [ RunTime:0.010001s ]

[ 2015-12-09T20:49:05+08:00 ] 127.0.0.1 /home/message/get_cart_info_ajax.html
INFO: [ app_begin ] --START--
INFO: Run Behavior\ReadHtmlCacheBehavior [ RunTime:0.003000s ]
INFO: [ app_begin ] --END-- [ RunTime:0.008000s ]

[ 2015-12-09T20:51:56+08:00 ] 127.0.0.1 /home/message/get_cart_info_ajax.html
INFO: [ app_begin ] --START--
INFO: Run Behavior\ReadHtmlCacheBehavior [ RunTime:0.003000s ]
INFO: [ app_begin ] --END-- [ RunTime:0.008001s ]

[ 2015-12-09T20:52:16+08:00 ] 127.0.0.1 /home/message/get_cart_info_ajax.html
INFO: [ app_begin ] --START--
INFO: Run Behavior\ReadHtmlCacheBehavior [ RunTime:0.004000s ]
INFO: [ app_begin ] --END-- [ RunTime:0.008001s ]

[ 2015-12-09T20:53:36+08:00 ] 127.0.0.1 /home/message/get_cart_info_ajax.html
INFO: [ app_begin ] --START--
INFO: Run Behavior\ReadHtmlCacheBehavior [ RunTime:0.003000s ]
INFO: [ app_begin ] --END-- [ RunTime:0.011000s ]

[ 2015-12-09T20:53:46+08:00 ] 127.0.0.1 /home/message/get_cart_info_ajax.html
INFO: [ app_begin ] --START--
INFO: Run Behavior\ReadHtmlCacheBehavior [ RunTime:0.003000s ]
INFO: [ app_begin ] --END-- [ RunTime:0.010001s ]

[ 2015-12-09T20:54:01+08:00 ] 127.0.0.1 /home/message/get_cart_info_ajax.html
INFO: [ app_begin ] --START--
INFO: Run Behavior\ReadHtmlCacheBehavior [ RunTime:0.003000s ]
INFO: [ app_begin ] --END-- [ RunTime:0.017001s ]

[ 2015-12-09T20:54:56+08:00 ] 127.0.0.1 /home/message/get_cart_info_ajax.html
INFO: [ app_begin ] --START--
INFO: Run Behavior\ReadHtmlCacheBehavior [ RunTime:0.003000s ]
INFO: [ app_begin ] --END-- [ RunTime:0.006000s ]

[ 2015-12-09T20:55:51+08:00 ] 127.0.0.1 /home/message/get_cart_info_ajax.html
INFO: [ app_begin ] --START--
INFO: Run Behavior\ReadHtmlCacheBehavior [ RunTime:0.004000s ]
INFO: [ app_begin ] --END-- [ RunTime:0.012001s ]

[ 2015-12-09T21:03:45+08:00 ] 127.0.0.1 /home/message/get_cart_info_ajax.html
INFO: [ app_begin ] --START--
INFO: Run Behavior\ReadHtmlCacheBehavior [ RunTime:0.003000s ]
INFO: [ app_begin ] --END-- [ RunTime:0.008001s ]

[ 2015-12-09T21:05:16+08:00 ] 127.0.0.1 /home/message/get_cart_info_ajax.html
INFO: [ app_begin ] --START--
INFO: Run Behavior\ReadHtmlCacheBehavior [ RunTime:0.003000s ]
INFO: [ app_begin ] --END-- [ RunTime:0.009000s ]

[ 2015-12-09T21:08:30+08:00 ] 127.0.0.1 /home/message/get_cart_info_ajax.html
INFO: [ app_begin ] --START--
INFO: Run Behavior\ReadHtmlCacheBehavior [ RunTime:0.002000s ]
INFO: [ app_begin ] --END-- [ RunTime:0.006000s ]

[ 2015-12-09T22:05:30+08:00 ] 127.0.0.1 /home/message/get_cart_info_ajax.html
INFO: [ app_begin ] --START--
INFO: Run Behavior\ReadHtmlCacheBehavior [ RunTime:0.003000s ]
INFO: [ app_begin ] --END-- [ RunTime:0.006001s ]

[ 2015-12-09T22:06:05+08:00 ] 127.0.0.1 /home/message/get_cart_info_ajax.html
INFO: [ app_begin ] --START--
INFO: Run Behavior\ReadHtmlCacheBehavior [ RunTime:0.004001s ]
INFO: [ app_begin ] --END-- [ RunTime:0.009001s ]

[ 2015-12-09T22:08:17+08:00 ] 127.0.0.1 /home/message/get_cart_info_ajax.html
INFO: [ app_begin ] --START--
INFO: Run Behavior\ReadHtmlCacheBehavior [ RunTime:0.003000s ]
INFO: [ app_begin ] --END-- [ RunTime:0.006000s ]

[ 2015-12-09T22:28:42+08:00 ] 127.0.0.1 /home/message/get_cart_info_ajax.html
INFO: [ app_begin ] --START--
INFO: Run Behavior\ReadHtmlCacheBehavior [ RunTime:0.002000s ]
INFO: [ app_begin ] --END-- [ RunTime:0.007000s ]

[ 2015-12-09T22:29:11+08:00 ] 127.0.0.1 /home/message/get_cart_info_ajax.html
INFO: [ app_begin ] --START--
INFO: Run Behavior\ReadHtmlCacheBehavior [ RunTime:0.002000s ]
INFO: [ app_begin ] --END-- [ RunTime:0.005000s ]

[ 2015-12-09T22:43:42+08:00 ] 127.0.0.1 /home/message/get_cart_info_ajax.html
INFO: [ app_begin ] --START--
INFO: Run Behavior\ReadHtmlCacheBehavior [ RunTime:0.002000s ]
INFO: [ app_begin ] --END-- [ RunTime:0.005000s ]

[ 2015-12-09T22:43:58+08:00 ] 127.0.0.1 /home/message/get_cart_info_ajax.html
INFO: [ app_begin ] --START--
INFO: Run Behavior\ReadHtmlCacheBehavior [ RunTime:0.004000s ]
INFO: [ app_begin ] --END-- [ RunTime:0.008001s ]

[ 2015-12-09T22:45:22+08:00 ] 127.0.0.1 /home/message/get_cart_info_ajax.html
INFO: [ app_begin ] --START--
INFO: Run Behavior\ReadHtmlCacheBehavior [ RunTime:0.001000s ]
INFO: [ app_begin ] --END-- [ RunTime:0.005000s ]

[ 2015-12-09T22:46:35+08:00 ] 127.0.0.1 /home/message/get_cart_info_ajax.html
INFO: [ app_begin ] --START--
INFO: Run Behavior\ReadHtmlCacheBehavior [ RunTime:0.005000s ]
INFO: [ app_begin ] --END-- [ RunTime:0.012001s ]

[ 2015-12-09T22:47:26+08:00 ] 127.0.0.1 /home/message/get_cart_info_ajax.html
INFO: [ app_begin ] --START--
INFO: Run Behavior\ReadHtmlCacheBehavior [ RunTime:0.004000s ]
INFO: [ app_begin ] --END-- [ RunTime:0.006000s ]

[ 2015-12-09T22:47:41+08:00 ] 127.0.0.1 /home/message/get_cart_info_ajax.html
INFO: [ app_begin ] --START--
INFO: Run Behavior\ReadHtmlCacheBehavior [ RunTime:0.004000s ]
INFO: [ app_begin ] --END-- [ RunTime:0.008000s ]

[ 2015-12-09T22:50:48+08:00 ] 127.0.0.1 /home/message/get_cart_info_ajax.html
INFO: [ app_begin ] --START--
INFO: Run Behavior\ReadHtmlCacheBehavior [ RunTime:0.002000s ]
INFO: [ app_begin ] --END-- [ RunTime:0.007001s ]

[ 2015-12-09T22:51:01+08:00 ] 127.0.0.1 /home/message/get_cart_info_ajax.html
INFO: [ app_begin ] --START--
INFO: Run Behavior\ReadHtmlCacheBehavior [ RunTime:0.003000s ]
INFO: [ app_begin ] --END-- [ RunTime:0.006000s ]

[ 2015-12-09T22:51:03+08:00 ] 127.0.0.1 /home/message/get_cart_info_ajax.html
INFO: [ app_begin ] --START--
INFO: Run Behavior\ReadHtmlCacheBehavior [ RunTime:0.002000s ]
INFO: [ app_begin ] --END-- [ RunTime:0.005000s ]

[ 2015-12-09T22:51:04+08:00 ] 127.0.0.1 /home/message/get_cart_info_ajax.html
INFO: [ app_begin ] --START--
INFO: Run Behavior\ReadHtmlCacheBehavior [ RunTime:0.003000s ]
INFO: [ app_begin ] --END-- [ RunTime:0.006000s ]

[ 2015-12-09T22:56:02+08:00 ] 127.0.0.1 /home/message/get_cart_info_ajax.html
INFO: [ app_begin ] --START--
INFO: Run Behavior\ReadHtmlCacheBehavior [ RunTime:0.005000s ]
INFO: [ app_begin ] --END-- [ RunTime:0.010001s ]

[ 2015-12-09T22:58:33+08:00 ] 127.0.0.1 /home/message/get_cart_info_ajax.html
INFO: [ app_begin ] --START--
INFO: Run Behavior\ReadHtmlCacheBehavior [ RunTime:0.003000s ]
INFO: [ app_begin ] --END-- [ RunTime:0.007000s ]

