[ 2015-12-10T11:03:30+08:00 ] 127.0.0.1 /home/message/get_cart_info_ajax.html
INFO: [ app_begin ] --START--
INFO: Run Behavior\ReadHtmlCacheBehavior [ RunTime:0.002000s ]
INFO: [ app_begin ] --END-- [ RunTime:0.005000s ]

[ 2015-12-10T11:05:45+08:00 ] 127.0.0.1 /home/message/get_cart_info_ajax.html
INFO: [ app_begin ] --START--
INFO: Run Behavior\ReadHtmlCacheBehavior [ RunTime:0.005000s ]
INFO: [ app_begin ] --END-- [ RunTime:0.012001s ]

[ 2015-12-10T11:08:09+08:00 ] 127.0.0.1 /home/message/get_cart_info_ajax.html
INFO: [ app_begin ] --START--
INFO: Run Behavior\ReadHtmlCacheBehavior [ RunTime:0.002000s ]
INFO: [ app_begin ] --END-- [ RunTime:0.004000s ]

[ 2015-12-10T11:08:29+08:00 ] 127.0.0.1 /home/message/get_cart_info_ajax.html
INFO: [ app_begin ] --START--
INFO: Run Behavior\ReadHtmlCacheBehavior [ RunTime:0.006000s ]
INFO: [ app_begin ] --END-- [ RunTime:0.011000s ]

[ 2015-12-10T11:09:07+08:00 ] 127.0.0.1 /home/message/get_cart_info_ajax.html
INFO: [ app_begin ] --START--
INFO: Run Behavior\ReadHtmlCacheBehavior [ RunTime:0.003001s ]
INFO: [ app_begin ] --END-- [ RunTime:0.007001s ]

[ 2015-12-10T11:09:09+08:00 ] 127.0.0.1 /home/message/get_cart_info_ajax.html
INFO: [ app_begin ] --START--
INFO: Run Behavior\ReadHtmlCacheBehavior [ RunTime:0.003000s ]
INFO: [ app_begin ] --END-- [ RunTime:0.006001s ]

[ 2015-12-10T11:12:29+08:00 ] 127.0.0.1 /home/message/get_cart_info_ajax.html
INFO: [ app_begin ] --START--
INFO: Run Behavior\ReadHtmlCacheBehavior [ RunTime:0.003000s ]
INFO: [ app_begin ] --END-- [ RunTime:0.008000s ]

[ 2015-12-10T11:12:49+08:00 ] 127.0.0.1 /home/message/get_cart_info_ajax.html
INFO: [ app_begin ] --START--
INFO: Run Behavior\ReadHtmlCacheBehavior [ RunTime:0.003000s ]
INFO: [ app_begin ] --END-- [ RunTime:0.009000s ]

[ 2015-12-10T11:12:55+08:00 ] 127.0.0.1 /home/message/get_cart_info_ajax.html
INFO: [ app_begin ] --START--
INFO: Run Behavior\ReadHtmlCacheBehavior [ RunTime:0.004000s ]
INFO: [ app_begin ] --END-- [ RunTime:0.009000s ]

[ 2015-12-10T13:50:05+08:00 ] 127.0.0.1 /home/message/get_cart_info_ajax.html
INFO: [ app_begin ] --START--
INFO: Run Behavior\ReadHtmlCacheBehavior [ RunTime:0.004000s ]
INFO: [ app_begin ] --END-- [ RunTime:0.008000s ]

[ 2015-12-10T13:50:07+08:00 ] 127.0.0.1 /home/message/get_cart_info_ajax.html
INFO: [ app_begin ] --START--
INFO: Run Behavior\ReadHtmlCacheBehavior [ RunTime:0.002000s ]
INFO: [ app_begin ] --END-- [ RunTime:0.005001s ]

[ 2015-12-10T13:50:10+08:00 ] 127.0.0.1 /home/message/get_cart_info_ajax.html
INFO: [ app_begin ] --START--
INFO: Run Behavior\ReadHtmlCacheBehavior [ RunTime:0.003001s ]
INFO: [ app_begin ] --END-- [ RunTime:0.006001s ]

[ 2015-12-10T13:50:11+08:00 ] 127.0.0.1 /home/message/get_cart_info_ajax.html
INFO: [ app_begin ] --START--
INFO: Run Behavior\ReadHtmlCacheBehavior [ RunTime:0.002000s ]
INFO: [ app_begin ] --END-- [ RunTime:0.005000s ]

[ 2015-12-10T13:50:13+08:00 ] 127.0.0.1 /home/message/get_cart_info_ajax.html
INFO: [ app_begin ] --START--
INFO: Run Behavior\ReadHtmlCacheBehavior [ RunTime:0.002000s ]
INFO: [ app_begin ] --END-- [ RunTime:0.007000s ]

[ 2015-12-10T13:52:20+08:00 ] 127.0.0.1 /home/message/get_cart_info_ajax.html
INFO: [ app_begin ] --START--
INFO: Run Behavior\ReadHtmlCacheBehavior [ RunTime:0.002000s ]
INFO: [ app_begin ] --END-- [ RunTime:0.005000s ]

[ 2015-12-10T13:52:21+08:00 ] 127.0.0.1 /home/message/get_cart_info_ajax.html
INFO: [ app_begin ] --START--
INFO: Run Behavior\ReadHtmlCacheBehavior [ RunTime:0.002000s ]
INFO: [ app_begin ] --END-- [ RunTime:0.005000s ]

[ 2015-12-10T13:53:58+08:00 ] 127.0.0.1 /home/message/get_cart_info_ajax.html
INFO: [ app_begin ] --START--
INFO: Run Behavior\ReadHtmlCacheBehavior [ RunTime:0.003000s ]
INFO: [ app_begin ] --END-- [ RunTime:0.009000s ]

[ 2015-12-10T13:56:18+08:00 ] 127.0.0.1 /home/message/get_cart_info_ajax.html
INFO: [ app_begin ] --START--
INFO: Run Behavior\ReadHtmlCacheBehavior [ RunTime:0.004000s ]
INFO: [ app_begin ] --END-- [ RunTime:0.009001s ]

[ 2015-12-10T13:58:26+08:00 ] 127.0.0.1 /home/message/get_cart_info_ajax.html
INFO: [ app_begin ] --START--
INFO: Run Behavior\ReadHtmlCacheBehavior [ RunTime:0.002000s ]
INFO: [ app_begin ] --END-- [ RunTime:0.005000s ]

[ 2015-12-10T13:59:12+08:00 ] 127.0.0.1 /home/message/get_cart_info_ajax.html
INFO: [ app_begin ] --START--
INFO: Run Behavior\ReadHtmlCacheBehavior [ RunTime:0.004001s ]
INFO: [ app_begin ] --END-- [ RunTime:0.008001s ]

[ 2015-12-10T13:59:40+08:00 ] 127.0.0.1 /home/message/get_cart_info_ajax.html
INFO: [ app_begin ] --START--
INFO: Run Behavior\ReadHtmlCacheBehavior [ RunTime:0.004001s ]
INFO: [ app_begin ] --END-- [ RunTime:0.008001s ]

[ 2015-12-10T13:59:42+08:00 ] 127.0.0.1 /home/message/get_cart_info_ajax.html
INFO: [ app_begin ] --START--
INFO: Run Behavior\ReadHtmlCacheBehavior [ RunTime:0.003000s ]
INFO: [ app_begin ] --END-- [ RunTime:0.007000s ]

[ 2015-12-10T14:01:20+08:00 ] 127.0.0.1 /home/message/get_cart_info_ajax.html
INFO: [ app_begin ] --START--
INFO: Run Behavior\ReadHtmlCacheBehavior [ RunTime:0.002000s ]
INFO: [ app_begin ] --END-- [ RunTime:0.005000s ]

[ 2015-12-10T14:01:23+08:00 ] 127.0.0.1 /home/message/get_cart_info_ajax.html
INFO: [ app_begin ] --START--
INFO: Run Behavior\ReadHtmlCacheBehavior [ RunTime:0.005000s ]
INFO: [ app_begin ] --END-- [ RunTime:0.011001s ]

[ 2015-12-10T14:01:28+08:00 ] 127.0.0.1 /home/message/get_cart_info_ajax.html
INFO: [ app_begin ] --START--
INFO: Run Behavior\ReadHtmlCacheBehavior [ RunTime:0.003000s ]
INFO: [ app_begin ] --END-- [ RunTime:0.006000s ]

[ 2015-12-10T14:03:05+08:00 ] 127.0.0.1 /home/message/get_cart_info_ajax.html
INFO: [ app_begin ] --START--
INFO: Run Behavior\ReadHtmlCacheBehavior [ RunTime:0.002000s ]
INFO: [ app_begin ] --END-- [ RunTime:0.004000s ]

[ 2015-12-10T14:03:27+08:00 ] 127.0.0.1 /home/message/get_cart_info_ajax.html
INFO: [ app_begin ] --START--
INFO: Run Behavior\ReadHtmlCacheBehavior [ RunTime:0.004000s ]
INFO: [ app_begin ] --END-- [ RunTime:0.008001s ]

[ 2015-12-10T14:03:43+08:00 ] 127.0.0.1 /home/message/get_cart_info_ajax.html
INFO: [ app_begin ] --START--
INFO: Run Behavior\ReadHtmlCacheBehavior [ RunTime:0.003000s ]
INFO: [ app_begin ] --END-- [ RunTime:0.008001s ]

[ 2015-12-10T14:03:45+08:00 ] 127.0.0.1 /home/message/get_cart_info_ajax.html
INFO: [ app_begin ] --START--
INFO: Run Behavior\ReadHtmlCacheBehavior [ RunTime:0.003000s ]
INFO: [ app_begin ] --END-- [ RunTime:0.006000s ]

[ 2015-12-10T14:03:58+08:00 ] 127.0.0.1 /home/message/get_cart_info_ajax.html
INFO: [ app_begin ] --START--
INFO: Run Behavior\ReadHtmlCacheBehavior [ RunTime:0.003001s ]
INFO: [ app_begin ] --END-- [ RunTime:0.008001s ]

[ 2015-12-10T14:06:43+08:00 ] 127.0.0.1 /home/message/get_cart_info_ajax.html
INFO: [ app_begin ] --START--
INFO: Run Behavior\ReadHtmlCacheBehavior [ RunTime:0.005000s ]
INFO: [ app_begin ] --END-- [ RunTime:0.009001s ]

[ 2015-12-10T14:06:50+08:00 ] 127.0.0.1 /home/message/get_cart_info_ajax.html
INFO: [ app_begin ] --START--
INFO: Run Behavior\ReadHtmlCacheBehavior [ RunTime:0.004000s ]
INFO: [ app_begin ] --END-- [ RunTime:0.007001s ]

[ 2015-12-10T14:07:00+08:00 ] 127.0.0.1 /home/message/get_cart_info_ajax.html
INFO: [ app_begin ] --START--
INFO: Run Behavior\ReadHtmlCacheBehavior [ RunTime:0.003000s ]
INFO: [ app_begin ] --END-- [ RunTime:0.008000s ]

[ 2015-12-10T14:07:34+08:00 ] 127.0.0.1 /home/message/get_cart_info_ajax.html
INFO: [ app_begin ] --START--
INFO: Run Behavior\ReadHtmlCacheBehavior [ RunTime:0.004001s ]
INFO: [ app_begin ] --END-- [ RunTime:0.010001s ]

[ 2015-12-10T14:09:40+08:00 ] 127.0.0.1 /home/message/get_cart_info_ajax.html
INFO: [ app_begin ] --START--
INFO: Run Behavior\ReadHtmlCacheBehavior [ RunTime:0.021001s ]
INFO: [ app_begin ] --END-- [ RunTime:0.041002s ]

[ 2015-12-10T14:12:21+08:00 ] 127.0.0.1 /home/message/get_cart_info_ajax.html
INFO: [ app_begin ] --START--
INFO: Run Behavior\ReadHtmlCacheBehavior [ RunTime:0.002000s ]
INFO: [ app_begin ] --END-- [ RunTime:0.005000s ]

[ 2015-12-10T14:12:24+08:00 ] 127.0.0.1 /home/message/get_cart_info_ajax.html
INFO: [ app_begin ] --START--
INFO: Run Behavior\ReadHtmlCacheBehavior [ RunTime:0.004000s ]
INFO: [ app_begin ] --END-- [ RunTime:0.007000s ]

[ 2015-12-10T14:12:38+08:00 ] 127.0.0.1 /home/message/get_cart_info_ajax.html
INFO: [ app_begin ] --START--
INFO: Run Behavior\ReadHtmlCacheBehavior [ RunTime:0.004000s ]
INFO: [ app_begin ] --END-- [ RunTime:0.009000s ]

[ 2015-12-10T14:20:13+08:00 ] 127.0.0.1 /home/message/get_cart_info_ajax.html
INFO: [ app_begin ] --START--
INFO: Run Behavior\ReadHtmlCacheBehavior [ RunTime:0.003000s ]
INFO: [ app_begin ] --END-- [ RunTime:0.007000s ]

[ 2015-12-10T14:20:36+08:00 ] 127.0.0.1 /home/message/get_cart_info_ajax.html
INFO: [ app_begin ] --START--
INFO: Run Behavior\ReadHtmlCacheBehavior [ RunTime:0.005000s ]
INFO: [ app_begin ] --END-- [ RunTime:0.008000s ]

[ 2015-12-10T14:20:43+08:00 ] 127.0.0.1 /home/message/get_cart_info_ajax.html
INFO: [ app_begin ] --START--
INFO: Run Behavior\ReadHtmlCacheBehavior [ RunTime:0.001000s ]
INFO: [ app_begin ] --END-- [ RunTime:0.005001s ]

[ 2015-12-10T14:20:45+08:00 ] 127.0.0.1 /home/message/get_cart_info_ajax.html
INFO: [ app_begin ] --START--
INFO: Run Behavior\ReadHtmlCacheBehavior [ RunTime:0.002000s ]
INFO: [ app_begin ] --END-- [ RunTime:0.004000s ]

[ 2015-12-10T14:45:01+08:00 ] 127.0.0.1 /home/message/get_cart_info_ajax.html
INFO: [ app_begin ] --START--
INFO: Run Behavior\ReadHtmlCacheBehavior [ RunTime:0.004000s ]
INFO: [ app_begin ] --END-- [ RunTime:0.011000s ]

[ 2015-12-10T14:47:27+08:00 ] 127.0.0.1 /home/message/get_cart_info_ajax.html
INFO: [ app_begin ] --START--
INFO: Run Behavior\ReadHtmlCacheBehavior [ RunTime:0.002000s ]
INFO: [ app_begin ] --END-- [ RunTime:0.004000s ]

[ 2015-12-10T14:48:07+08:00 ] 127.0.0.1 /home/message/get_cart_info_ajax.html
INFO: [ app_begin ] --START--
INFO: Run Behavior\ReadHtmlCacheBehavior [ RunTime:0.004001s ]
INFO: [ app_begin ] --END-- [ RunTime:0.008001s ]

[ 2015-12-10T14:49:18+08:00 ] 127.0.0.1 /home/message/get_cart_info_ajax.html
INFO: [ app_begin ] --START--
INFO: Run Behavior\ReadHtmlCacheBehavior [ RunTime:0.003000s ]
INFO: [ app_begin ] --END-- [ RunTime:0.007001s ]

[ 2015-12-10T14:50:59+08:00 ] 127.0.0.1 /home/message/get_cart_info_ajax.html
INFO: [ app_begin ] --START--
INFO: Run Behavior\ReadHtmlCacheBehavior [ RunTime:0.003000s ]
INFO: [ app_begin ] --END-- [ RunTime:0.009000s ]

[ 2015-12-10T18:00:58+08:00 ] 127.0.0.1 /home/message/get_cart_info_ajax.html
INFO: [ app_begin ] --START--
INFO: Run Behavior\ReadHtmlCacheBehavior [ RunTime:0.002000s ]
INFO: [ app_begin ] --END-- [ RunTime:0.005001s ]

[ 2015-12-10T18:02:22+08:00 ] 127.0.0.1 /home/message/get_cart_info_ajax.html
INFO: [ app_begin ] --START--
INFO: Run Behavior\ReadHtmlCacheBehavior [ RunTime:0.003000s ]
INFO: [ app_begin ] --END-- [ RunTime:0.009001s ]

[ 2015-12-10T18:03:10+08:00 ] 127.0.0.1 /home/message/get_cart_info_ajax.html
INFO: [ app_begin ] --START--
INFO: Run Behavior\ReadHtmlCacheBehavior [ RunTime:0.004001s ]
INFO: [ app_begin ] --END-- [ RunTime:0.008001s ]

[ 2015-12-10T18:03:43+08:00 ] 127.0.0.1 /home/message/get_cart_info_ajax.html
INFO: [ app_begin ] --START--
INFO: Run Behavior\ReadHtmlCacheBehavior [ RunTime:0.005000s ]
INFO: [ app_begin ] --END-- [ RunTime:0.018001s ]

[ 2015-12-10T18:04:02+08:00 ] 127.0.0.1 /home/message/get_cart_info_ajax.html
INFO: [ app_begin ] --START--
INFO: Run Behavior\ReadHtmlCacheBehavior [ RunTime:0.005000s ]
INFO: [ app_begin ] --END-- [ RunTime:0.015001s ]

[ 2015-12-10T18:04:11+08:00 ] 127.0.0.1 /home/message/get_cart_info_ajax.html
INFO: [ app_begin ] --START--
INFO: Run Behavior\ReadHtmlCacheBehavior [ RunTime:0.003000s ]
INFO: [ app_begin ] --END-- [ RunTime:0.006001s ]

[ 2015-12-10T18:04:56+08:00 ] 127.0.0.1 /home/message/get_cart_info_ajax.html
INFO: [ app_begin ] --START--
INFO: Run Behavior\ReadHtmlCacheBehavior [ RunTime:0.003000s ]
INFO: [ app_begin ] --END-- [ RunTime:0.005000s ]

[ 2015-12-10T18:04:59+08:00 ] 127.0.0.1 /home/message/modify_ajax.html?product_id=10001&product_num=undefined
INFO: [ app_begin ] --START--
INFO: Run Behavior\ReadHtmlCacheBehavior [ RunTime:0.003000s ]
INFO: [ app_begin ] --END-- [ RunTime:0.005000s ]
SQL: SHOW COLUMNS FROM `guanyintea` [ RunTime:0.0040s ]
SQL: SHOW COLUMNS FROM `guanyintea` [ RunTime:0.0040s ]
SQL: SHOW COLUMNS FROM `guanyintea` [ RunTime:0.0050s ]
SQL: SELECT `title` FROM `guanyintea` WHERE ( product_id=10001 )  [ RunTime:0.0010s ]
NOTIC: [8] Undefined index: total_num D:\wamp\www\lero\1\Application\Home\Model\CartModel.class.php 第 29 行.
SQL: SELECT * FROM `guanyintea` WHERE ( product_id =10001 )  [ RunTime:0.0020s ]

[ 2015-12-10T18:05:21+08:00 ] 127.0.0.1 /home/message/get_cart_info_ajax.html
INFO: [ app_begin ] --START--
INFO: Run Behavior\ReadHtmlCacheBehavior [ RunTime:0.003000s ]
INFO: [ app_begin ] --END-- [ RunTime:0.008001s ]

[ 2015-12-10T18:05:25+08:00 ] 127.0.0.1 /home/message/modify_ajax.html?product_id=10001&product_num=undefined
INFO: [ app_begin ] --START--
INFO: Run Behavior\ReadHtmlCacheBehavior [ RunTime:0.004000s ]
INFO: [ app_begin ] --END-- [ RunTime:0.008000s ]
SQL: SHOW COLUMNS FROM `guanyintea` [ RunTime:0.0060s ]
SQL: SHOW COLUMNS FROM `guanyintea` [ RunTime:0.0040s ]
SQL: SHOW COLUMNS FROM `guanyintea` [ RunTime:0.0050s ]
SQL: SELECT `title` FROM `guanyintea` WHERE ( product_id=10001 )  [ RunTime:0.0010s ]
NOTIC: [8] Undefined index: total_num D:\wamp\www\lero\1\Application\Home\Model\CartModel.class.php 第 29 行.
SQL: SELECT * FROM `guanyintea` WHERE ( product_id =10001 )  [ RunTime:0.0010s ]

[ 2015-12-10T18:05:30+08:00 ] 127.0.0.1 /home/message/modify_ajax.html?product_id=10001&product_num=undefined
INFO: [ app_begin ] --START--
INFO: Run Behavior\ReadHtmlCacheBehavior [ RunTime:0.004000s ]
INFO: [ app_begin ] --END-- [ RunTime:0.008000s ]
SQL: SHOW COLUMNS FROM `guanyintea` [ RunTime:0.0060s ]
SQL: SHOW COLUMNS FROM `guanyintea` [ RunTime:0.0040s ]
SQL: SHOW COLUMNS FROM `guanyintea` [ RunTime:0.0050s ]
SQL: SELECT `title` FROM `guanyintea` WHERE ( product_id=10001 )  [ RunTime:0.0020s ]
NOTIC: [8] Undefined index: total_num D:\wamp\www\lero\1\Application\Home\Model\CartModel.class.php 第 29 行.
SQL: SELECT * FROM `guanyintea` WHERE ( product_id =10001 )  [ RunTime:0.0010s ]

[ 2015-12-10T18:05:36+08:00 ] 127.0.0.1 /home/message/get_cart_info_ajax.html
INFO: [ app_begin ] --START--
INFO: Run Behavior\ReadHtmlCacheBehavior [ RunTime:0.002001s ]
INFO: [ app_begin ] --END-- [ RunTime:0.005001s ]

[ 2015-12-10T18:10:27+08:00 ] 127.0.0.1 /home/message/modify_ajax.html?product_id=10001&product_num=undefined
INFO: [ app_begin ] --START--
INFO: Run Behavior\ReadHtmlCacheBehavior [ RunTime:0.002001s ]
INFO: [ app_begin ] --END-- [ RunTime:0.006001s ]
SQL: SHOW COLUMNS FROM `guanyintea` [ RunTime:0.0030s ]
SQL: SHOW COLUMNS FROM `guanyintea` [ RunTime:0.0050s ]
SQL: SHOW COLUMNS FROM `guanyintea` [ RunTime:0.0040s ]
SQL: SELECT `title` FROM `guanyintea` WHERE ( product_id=10001 )  [ RunTime:0.0020s ]
NOTIC: [8] Undefined index: total_num D:\wamp\www\lero\1\Application\Home\Model\CartModel.class.php 第 29 行.
SQL: SELECT * FROM `guanyintea` WHERE ( product_id =10001 )  [ RunTime:0.0020s ]

[ 2015-12-10T18:10:50+08:00 ] 127.0.0.1 /home/message/get_cart_info_ajax.html
INFO: [ app_begin ] --START--
INFO: Run Behavior\ReadHtmlCacheBehavior [ RunTime:0.003000s ]
INFO: [ app_begin ] --END-- [ RunTime:0.007000s ]

[ 2015-12-10T18:10:55+08:00 ] 127.0.0.1 /home/message/modify_ajax.html?product_id=10001&product_num=undefined
INFO: [ app_begin ] --START--
INFO: Run Behavior\ReadHtmlCacheBehavior [ RunTime:0.003000s ]
INFO: [ app_begin ] --END-- [ RunTime:0.009000s ]
SQL: SHOW COLUMNS FROM `guanyintea` [ RunTime:0.0060s ]
SQL: SHOW COLUMNS FROM `guanyintea` [ RunTime:0.0050s ]
SQL: SHOW COLUMNS FROM `guanyintea` [ RunTime:0.0040s ]
SQL: SELECT `title` FROM `guanyintea` WHERE ( product_id=10001 )  [ RunTime:0.0010s ]
NOTIC: [8] Undefined index: total_num D:\wamp\www\lero\1\Application\Home\Model\CartModel.class.php 第 29 行.
SQL: SELECT * FROM `guanyintea` WHERE ( product_id =10001 )  [ RunTime:0.0010s ]

[ 2015-12-10T18:11:44+08:00 ] 127.0.0.1 /home/message/get_cart_info_ajax.html
INFO: [ app_begin ] --START--
INFO: Run Behavior\ReadHtmlCacheBehavior [ RunTime:0.003000s ]
INFO: [ app_begin ] --END-- [ RunTime:0.008001s ]

[ 2015-12-10T18:11:45+08:00 ] 127.0.0.1 /home/message/modify_ajax.html?product_id=10001&product_num=undefined
INFO: [ app_begin ] --START--
INFO: Run Behavior\ReadHtmlCacheBehavior [ RunTime:0.003000s ]
INFO: [ app_begin ] --END-- [ RunTime:0.009001s ]
SQL: SHOW COLUMNS FROM `guanyintea` [ RunTime:0.0050s ]
SQL: SHOW COLUMNS FROM `guanyintea` [ RunTime:0.0040s ]
SQL: SHOW COLUMNS FROM `guanyintea` [ RunTime:0.0040s ]
SQL: SELECT `title` FROM `guanyintea` WHERE ( product_id=10001 )  [ RunTime:0.0030s ]
NOTIC: [8] Undefined index: total_num D:\wamp\www\lero\1\Application\Home\Model\CartModel.class.php 第 29 行.
SQL: SELECT * FROM `guanyintea` WHERE ( product_id =10001 )  [ RunTime:0.0010s ]

[ 2015-12-10T18:11:52+08:00 ] 127.0.0.1 /home/message/modify_ajax.html?product_id=10001&product_num=undefined
INFO: [ app_begin ] --START--
INFO: Run Behavior\ReadHtmlCacheBehavior [ RunTime:0.003000s ]
INFO: [ app_begin ] --END-- [ RunTime:0.006000s ]
SQL: SHOW COLUMNS FROM `guanyintea` [ RunTime:0.0040s ]
SQL: SHOW COLUMNS FROM `guanyintea` [ RunTime:0.0060s ]
SQL: SHOW COLUMNS FROM `guanyintea` [ RunTime:0.0050s ]
SQL: SELECT `title` FROM `guanyintea` WHERE ( product_id=10001 )  [ RunTime:0.0020s ]
NOTIC: [8] Undefined index: total_num D:\wamp\www\lero\1\Application\Home\Model\CartModel.class.php 第 29 行.
SQL: SELECT * FROM `guanyintea` WHERE ( product_id =10001 )  [ RunTime:0.0010s ]

[ 2015-12-10T18:11:56+08:00 ] 127.0.0.1 /home/message/modify_ajax.html?product_id=10001&product_num=undefined
INFO: [ app_begin ] --START--
INFO: Run Behavior\ReadHtmlCacheBehavior [ RunTime:0.003000s ]
INFO: [ app_begin ] --END-- [ RunTime:0.010000s ]
SQL: SHOW COLUMNS FROM `guanyintea` [ RunTime:0.0040s ]
SQL: SHOW COLUMNS FROM `guanyintea` [ RunTime:0.0050s ]
SQL: SHOW COLUMNS FROM `guanyintea` [ RunTime:0.0050s ]
SQL: SELECT `title` FROM `guanyintea` WHERE ( product_id=10001 )  [ RunTime:0.0010s ]
NOTIC: [8] Undefined index: total_num D:\wamp\www\lero\1\Application\Home\Model\CartModel.class.php 第 29 行.
SQL: SELECT * FROM `guanyintea` WHERE ( product_id =10001 )  [ RunTime:0.0010s ]

[ 2015-12-10T18:11:59+08:00 ] 127.0.0.1 /home/message/modify_ajax.html?product_id=10001&product_num=undefined
INFO: [ app_begin ] --START--
INFO: Run Behavior\ReadHtmlCacheBehavior [ RunTime:0.003000s ]
INFO: [ app_begin ] --END-- [ RunTime:0.008000s ]
SQL: SHOW COLUMNS FROM `guanyintea` [ RunTime:0.0040s ]
SQL: SHOW COLUMNS FROM `guanyintea` [ RunTime:0.0040s ]
SQL: SHOW COLUMNS FROM `guanyintea` [ RunTime:0.0040s ]
SQL: SELECT `title` FROM `guanyintea` WHERE ( product_id=10001 )  [ RunTime:0.0010s ]
NOTIC: [8] Undefined index: total_num D:\wamp\www\lero\1\Application\Home\Model\CartModel.class.php 第 29 行.
SQL: SELECT * FROM `guanyintea` WHERE ( product_id =10001 )  [ RunTime:0.0010s ]

[ 2015-12-10T18:12:16+08:00 ] 127.0.0.1 /home/message/modify_ajax.html?product_id=10001&product_num=undefined
INFO: [ app_begin ] --START--
INFO: Run Behavior\ReadHtmlCacheBehavior [ RunTime:0.002001s ]
INFO: [ app_begin ] --END-- [ RunTime:0.005001s ]
SQL: SHOW COLUMNS FROM `guanyintea` [ RunTime:0.0050s ]
SQL: SHOW COLUMNS FROM `guanyintea` [ RunTime:0.0030s ]
SQL: SHOW COLUMNS FROM `guanyintea` [ RunTime:0.0040s ]
SQL: SELECT `title` FROM `guanyintea` WHERE ( product_id=10001 )  [ RunTime:0.0020s ]
NOTIC: [8] Undefined index: total_num D:\wamp\www\lero\1\Application\Home\Model\CartModel.class.php 第 29 行.
SQL: SELECT * FROM `guanyintea` WHERE ( product_id =10001 )  [ RunTime:0.0010s ]

[ 2015-12-10T18:12:53+08:00 ] 127.0.0.1 /home/message/get_cart_info_ajax.html
INFO: [ app_begin ] --START--
INFO: Run Behavior\ReadHtmlCacheBehavior [ RunTime:0.002000s ]
INFO: [ app_begin ] --END-- [ RunTime:0.006001s ]

[ 2015-12-10T18:12:55+08:00 ] 127.0.0.1 /home/message/modify_ajax.html?product_id=10001&product_num=undefined1
INFO: [ app_begin ] --START--
INFO: Run Behavior\ReadHtmlCacheBehavior [ RunTime:0.003000s ]
INFO: [ app_begin ] --END-- [ RunTime:0.009001s ]
SQL: SHOW COLUMNS FROM `guanyintea` [ RunTime:0.0030s ]
SQL: SHOW COLUMNS FROM `guanyintea` [ RunTime:0.0060s ]
SQL: SHOW COLUMNS FROM `guanyintea` [ RunTime:0.0040s ]
SQL: SELECT `title` FROM `guanyintea` WHERE ( product_id=10001 )  [ RunTime:0.0010s ]
NOTIC: [8] Undefined index: total_num D:\wamp\www\lero\1\Application\Home\Model\CartModel.class.php 第 29 行.
SQL: SELECT * FROM `guanyintea` WHERE ( product_id =10001 )  [ RunTime:0.0010s ]

[ 2015-12-10T18:12:58+08:00 ] 127.0.0.1 /home/message/modify_ajax.html?product_id=10001&product_num=undefined1
INFO: [ app_begin ] --START--
INFO: Run Behavior\ReadHtmlCacheBehavior [ RunTime:0.003000s ]
INFO: [ app_begin ] --END-- [ RunTime:0.009001s ]
SQL: SHOW COLUMNS FROM `guanyintea` [ RunTime:0.0050s ]
SQL: SHOW COLUMNS FROM `guanyintea` [ RunTime:0.0040s ]
SQL: SHOW COLUMNS FROM `guanyintea` [ RunTime:0.0050s ]
SQL: SELECT `title` FROM `guanyintea` WHERE ( product_id=10001 )  [ RunTime:0.0020s ]
NOTIC: [8] Undefined index: total_num D:\wamp\www\lero\1\Application\Home\Model\CartModel.class.php 第 29 行.
SQL: SELECT * FROM `guanyintea` WHERE ( product_id =10001 )  [ RunTime:0.0010s ]

[ 2015-12-10T18:13:26+08:00 ] 127.0.0.1 /home/message/get_cart_info_ajax.html
INFO: [ app_begin ] --START--
INFO: Run Behavior\ReadHtmlCacheBehavior [ RunTime:0.002000s ]
INFO: [ app_begin ] --END-- [ RunTime:0.005000s ]

[ 2015-12-10T18:13:30+08:00 ] 127.0.0.1 /home/message/modify_ajax.html?product_id=10001&product_num=NaN
INFO: [ app_begin ] --START--
INFO: Run Behavior\ReadHtmlCacheBehavior [ RunTime:0.004001s ]
INFO: [ app_begin ] --END-- [ RunTime:0.008001s ]
SQL: SHOW COLUMNS FROM `guanyintea` [ RunTime:0.0040s ]
SQL: SHOW COLUMNS FROM `guanyintea` [ RunTime:0.0080s ]
SQL: SHOW COLUMNS FROM `guanyintea` [ RunTime:0.0050s ]
SQL: SELECT `title` FROM `guanyintea` WHERE ( product_id=10001 )  [ RunTime:0.0010s ]
NOTIC: [8] Undefined index: total_num D:\wamp\www\lero\1\Application\Home\Model\CartModel.class.php 第 29 行.
SQL: SELECT * FROM `guanyintea` WHERE ( product_id =10001 )  [ RunTime:0.0020s ]

[ 2015-12-10T18:13:33+08:00 ] 127.0.0.1 /home/message/modify_ajax.html?product_id=10001&product_num=NaN
INFO: [ app_begin ] --START--
INFO: Run Behavior\ReadHtmlCacheBehavior [ RunTime:0.002001s ]
INFO: [ app_begin ] --END-- [ RunTime:0.006001s ]
SQL: SHOW COLUMNS FROM `guanyintea` [ RunTime:0.0040s ]
SQL: SHOW COLUMNS FROM `guanyintea` [ RunTime:0.0060s ]
SQL: SHOW COLUMNS FROM `guanyintea` [ RunTime:0.0050s ]
SQL: SELECT `title` FROM `guanyintea` WHERE ( product_id=10001 )  [ RunTime:0.0020s ]
NOTIC: [8] Undefined index: total_num D:\wamp\www\lero\1\Application\Home\Model\CartModel.class.php 第 29 行.
SQL: SELECT * FROM `guanyintea` WHERE ( product_id =10001 )  [ RunTime:0.0020s ]

[ 2015-12-10T18:14:05+08:00 ] 127.0.0.1 /home/message/get_cart_info_ajax.html
INFO: [ app_begin ] --START--
INFO: Run Behavior\ReadHtmlCacheBehavior [ RunTime:0.003000s ]
INFO: [ app_begin ] --END-- [ RunTime:0.008000s ]

[ 2015-12-10T18:14:20+08:00 ] 127.0.0.1 /home/message/modify_ajax.html?product_id=10001&product_num=NaN
INFO: [ app_begin ] --START--
INFO: Run Behavior\ReadHtmlCacheBehavior [ RunTime:0.003000s ]
INFO: [ app_begin ] --END-- [ RunTime:0.008000s ]
SQL: SHOW COLUMNS FROM `guanyintea` [ RunTime:0.0040s ]
SQL: SHOW COLUMNS FROM `guanyintea` [ RunTime:0.0040s ]
SQL: SHOW COLUMNS FROM `guanyintea` [ RunTime:0.0050s ]
SQL: SELECT `title` FROM `guanyintea` WHERE ( product_id=10001 )  [ RunTime:0.0010s ]
NOTIC: [8] Undefined index: total_num D:\wamp\www\lero\1\Application\Home\Model\CartModel.class.php 第 29 行.
SQL: SELECT * FROM `guanyintea` WHERE ( product_id =10001 )  [ RunTime:0.0010s ]

[ 2015-12-10T18:15:24+08:00 ] 127.0.0.1 /home/message/get_cart_info_ajax.html
INFO: [ app_begin ] --START--
INFO: Run Behavior\ReadHtmlCacheBehavior [ RunTime:0.003000s ]
INFO: [ app_begin ] --END-- [ RunTime:0.006000s ]

[ 2015-12-10T18:15:31+08:00 ] 127.0.0.1 /home/message/modify_ajax.html?product_id=10001&product_num=NaN
INFO: [ app_begin ] --START--
INFO: Run Behavior\ReadHtmlCacheBehavior [ RunTime:0.004001s ]
INFO: [ app_begin ] --END-- [ RunTime:0.007001s ]
SQL: SHOW COLUMNS FROM `guanyintea` [ RunTime:0.0060s ]
SQL: SHOW COLUMNS FROM `guanyintea` [ RunTime:0.0070s ]
SQL: SHOW COLUMNS FROM `guanyintea` [ RunTime:0.0060s ]
SQL: SELECT `title` FROM `guanyintea` WHERE ( product_id=10001 )  [ RunTime:0.0020s ]
NOTIC: [8] Undefined index: total_num D:\wamp\www\lero\1\Application\Home\Model\CartModel.class.php 第 29 行.
SQL: SELECT * FROM `guanyintea` WHERE ( product_id =10001 )  [ RunTime:0.0020s ]

[ 2015-12-10T18:15:36+08:00 ] 127.0.0.1 /home/message/modify_ajax.html?product_id=10001&product_num=NaN
INFO: [ app_begin ] --START--
INFO: Run Behavior\ReadHtmlCacheBehavior [ RunTime:0.002000s ]
INFO: [ app_begin ] --END-- [ RunTime:0.005001s ]
SQL: SHOW COLUMNS FROM `guanyintea` [ RunTime:0.0070s ]
SQL: SHOW COLUMNS FROM `guanyintea` [ RunTime:0.0060s ]
SQL: SHOW COLUMNS FROM `guanyintea` [ RunTime:0.0050s ]
SQL: SELECT `title` FROM `guanyintea` WHERE ( product_id=10001 )  [ RunTime:0.0010s ]
NOTIC: [8] Undefined index: total_num D:\wamp\www\lero\1\Application\Home\Model\CartModel.class.php 第 29 行.
SQL: SELECT * FROM `guanyintea` WHERE ( product_id =10001 )  [ RunTime:0.0020s ]

[ 2015-12-10T18:16:20+08:00 ] 127.0.0.1 /home/message/modify_ajax.html?product_id=10001&product_num=NaN
INFO: [ app_begin ] --START--
INFO: Run Behavior\ReadHtmlCacheBehavior [ RunTime:0.003000s ]
INFO: [ app_begin ] --END-- [ RunTime:0.010000s ]
SQL: SHOW COLUMNS FROM `guanyintea` [ RunTime:0.0040s ]
SQL: SHOW COLUMNS FROM `guanyintea` [ RunTime:0.0050s ]
SQL: SHOW COLUMNS FROM `guanyintea` [ RunTime:0.0040s ]
SQL: SELECT `title` FROM `guanyintea` WHERE ( product_id=10001 )  [ RunTime:0.0020s ]
NOTIC: [8] Undefined index: total_num D:\wamp\www\lero\1\Application\Home\Model\CartModel.class.php 第 29 行.
SQL: SELECT * FROM `guanyintea` WHERE ( product_id =10001 )  [ RunTime:0.0010s ]

[ 2015-12-10T18:19:06+08:00 ] 127.0.0.1 /home/message/get_cart_info_ajax.html
INFO: [ app_begin ] --START--
INFO: Run Behavior\ReadHtmlCacheBehavior [ RunTime:0.004000s ]
INFO: [ app_begin ] --END-- [ RunTime:0.009000s ]

[ 2015-12-10T18:19:24+08:00 ] 127.0.0.1 /home/message/get_cart_info_ajax.html
INFO: [ app_begin ] --START--
INFO: Run Behavior\ReadHtmlCacheBehavior [ RunTime:0.003000s ]
INFO: [ app_begin ] --END-- [ RunTime:0.005000s ]

[ 2015-12-10T18:19:29+08:00 ] 127.0.0.1 /home/message/modify_ajax.html?product_id=10001&product_num=NaN
INFO: [ app_begin ] --START--
INFO: Run Behavior\ReadHtmlCacheBehavior [ RunTime:0.005000s ]
INFO: [ app_begin ] --END-- [ RunTime:0.012001s ]
SQL: SHOW COLUMNS FROM `guanyintea` [ RunTime:0.0070s ]
SQL: SHOW COLUMNS FROM `guanyintea` [ RunTime:0.0050s ]
SQL: SHOW COLUMNS FROM `guanyintea` [ RunTime:0.0070s ]
SQL: SELECT `title` FROM `guanyintea` WHERE ( product_id=10001 )  [ RunTime:0.0010s ]
NOTIC: [8] Undefined index: total_num D:\wamp\www\lero\1\Application\Home\Model\CartModel.class.php 第 29 行.
SQL: SELECT * FROM `guanyintea` WHERE ( product_id =10001 )  [ RunTime:0.0020s ]

[ 2015-12-10T18:20:48+08:00 ] 127.0.0.1 /home/message/get_cart_info_ajax.html
INFO: [ app_begin ] --START--
INFO: Run Behavior\ReadHtmlCacheBehavior [ RunTime:0.002000s ]
INFO: [ app_begin ] --END-- [ RunTime:0.006000s ]

[ 2015-12-10T18:20:51+08:00 ] 127.0.0.1 /home/message/modify_ajax.html?product_id=10001&product_num=undefined
INFO: [ app_begin ] --START--
INFO: Run Behavior\ReadHtmlCacheBehavior [ RunTime:0.003000s ]
INFO: [ app_begin ] --END-- [ RunTime:0.009000s ]
SQL: SHOW COLUMNS FROM `guanyintea` [ RunTime:0.0050s ]
SQL: SHOW COLUMNS FROM `guanyintea` [ RunTime:0.0060s ]
SQL: SHOW COLUMNS FROM `guanyintea` [ RunTime:0.0050s ]
SQL: SELECT `title` FROM `guanyintea` WHERE ( product_id=10001 )  [ RunTime:0.0020s ]
NOTIC: [8] Undefined index: total_num D:\wamp\www\lero\1\Application\Home\Model\CartModel.class.php 第 29 行.
SQL: SELECT * FROM `guanyintea` WHERE ( product_id =10001 )  [ RunTime:0.0030s ]

[ 2015-12-10T18:21:56+08:00 ] 127.0.0.1 /home/message/get_cart_info_ajax.html
INFO: [ app_begin ] --START--
INFO: Run Behavior\ReadHtmlCacheBehavior [ RunTime:0.004000s ]
INFO: [ app_begin ] --END-- [ RunTime:0.010000s ]

[ 2015-12-10T18:22:22+08:00 ] 127.0.0.1 /home/message/get_cart_info_ajax.html
INFO: [ app_begin ] --START--
INFO: Run Behavior\ReadHtmlCacheBehavior [ RunTime:0.004000s ]
INFO: [ app_begin ] --END-- [ RunTime:0.009000s ]

[ 2015-12-10T18:22:32+08:00 ] 127.0.0.1 /home/message/modify_ajax.html?product_id=10001&product_num=179
INFO: [ app_begin ] --START--
INFO: Run Behavior\ReadHtmlCacheBehavior [ RunTime:0.003000s ]
INFO: [ app_begin ] --END-- [ RunTime:0.008000s ]
SQL: SHOW COLUMNS FROM `guanyintea` [ RunTime:0.0050s ]
SQL: SHOW COLUMNS FROM `guanyintea` [ RunTime:0.0030s ]
SQL: SHOW COLUMNS FROM `guanyintea` [ RunTime:0.0050s ]
SQL: SELECT `title` FROM `guanyintea` WHERE ( product_id=10001 )  [ RunTime:0.0020s ]
NOTIC: [8] Undefined index: total_num D:\wamp\www\lero\1\Application\Home\Model\CartModel.class.php 第 29 行.
SQL: SELECT * FROM `guanyintea` WHERE ( product_id =10001 )  [ RunTime:0.0010s ]

[ 2015-12-10T18:22:42+08:00 ] 127.0.0.1 /home/message/modify_ajax.html?product_id=10001&product_num=179
INFO: [ app_begin ] --START--
INFO: Run Behavior\ReadHtmlCacheBehavior [ RunTime:0.002000s ]
INFO: [ app_begin ] --END-- [ RunTime:0.005000s ]
SQL: SHOW COLUMNS FROM `guanyintea` [ RunTime:0.0040s ]
SQL: SHOW COLUMNS FROM `guanyintea` [ RunTime:0.0040s ]
SQL: SHOW COLUMNS FROM `guanyintea` [ RunTime:0.0050s ]
SQL: SELECT `title` FROM `guanyintea` WHERE ( product_id=10001 )  [ RunTime:0.0010s ]
NOTIC: [8] Undefined index: total_num D:\wamp\www\lero\1\Application\Home\Model\CartModel.class.php 第 29 行.
SQL: SELECT * FROM `guanyintea` WHERE ( product_id =10001 )  [ RunTime:0.0020s ]

